[0.209s] DEBUG:colcon:Command line arguments: ['/usr/bin/colcon', 'build', '--packages-select', 'moveit_api_tutorial']
[0.209s] DEBUG:colcon:Parsed command line arguments: Namespace(log_base=None, log_level=None, verb_name='build', build_base='build', install_base='install', merge_install=False, symlink_install=False, test_result_base=None, continue_on_error=False, executor='parallel', parallel_workers=4, event_handlers=None, ignore_user_meta=False, metas=['./colcon.meta'], base_paths=['.'], packages_ignore=None, packages_ignore_regex=None, paths=None, packages_up_to=None, packages_up_to_regex=None, packages_above=None, packages_above_and_dependencies=None, packages_above_depth=None, packages_select_by_dep=None, packages_skip_by_dep=None, packages_skip_up_to=None, packages_select_build_failed=False, packages_skip_build_finished=False, packages_select_test_failures=False, packages_skip_test_passed=False, packages_select=['moveit_api_tutorial'], packages_skip=None, packages_select_regex=None, packages_skip_regex=None, packages_start=None, packages_end=None, allow_overriding=[], cmake_args=None, cmake_target=None, cmake_target_skip_unavailable=False, cmake_clean_cache=False, cmake_clean_first=False, cmake_force_configure=False, ament_cmake_args=None, catkin_cmake_args=None, catkin_skip_building_tests=False, verb_parser=<colcon_defaults.argument_parser.defaults.DefaultArgumentsDecorator object at 0x7f29bf090cd0>, verb_extension=<colcon_core.verb.build.BuildVerb object at 0x7f29bf090760>, main=<bound method BuildVerb.main of <colcon_core.verb.build.BuildVerb object at 0x7f29bf090760>>)
[0.258s] Level 1:colcon.colcon_core.package_discovery:discover_packages(colcon_meta) check parameters
[0.258s] Level 1:colcon.colcon_core.package_discovery:discover_packages(recursive) check parameters
[0.258s] Level 1:colcon.colcon_core.package_discovery:discover_packages(ignore) check parameters
[0.258s] Level 1:colcon.colcon_core.package_discovery:discover_packages(path) check parameters
[0.258s] Level 1:colcon.colcon_core.package_discovery:discover_packages(colcon_meta) discover
[0.259s] Level 1:colcon.colcon_core.package_discovery:discover_packages(recursive) discover
[0.259s] INFO:colcon.colcon_core.package_discovery:Crawling recursively for packages in '/home/dyros/ros2_ws'
[0.259s] Level 1:colcon.colcon_core.package_identification:_identify(.) by extensions ['ignore', 'ignore_ament_install']
[0.259s] Level 1:colcon.colcon_core.package_identification:_identify(.) by extension 'ignore'
[0.259s] Level 1:colcon.colcon_core.package_identification:_identify(.) by extension 'ignore_ament_install'
[0.259s] Level 1:colcon.colcon_core.package_identification:_identify(.) by extensions ['colcon_pkg']
[0.259s] Level 1:colcon.colcon_core.package_identification:_identify(.) by extension 'colcon_pkg'
[0.259s] Level 1:colcon.colcon_core.package_identification:_identify(.) by extensions ['colcon_meta']
[0.259s] Level 1:colcon.colcon_core.package_identification:_identify(.) by extension 'colcon_meta'
[0.259s] Level 1:colcon.colcon_core.package_identification:_identify(.) by extensions ['ros']
[0.259s] Level 1:colcon.colcon_core.package_identification:_identify(.) by extension 'ros'
[0.276s] Level 1:colcon.colcon_core.package_identification:_identify(.) by extensions ['cmake', 'python']
[0.276s] Level 1:colcon.colcon_core.package_identification:_identify(.) by extension 'cmake'
[0.276s] Level 1:colcon.colcon_core.package_identification:_identify(.) by extension 'python'
[0.276s] Level 1:colcon.colcon_core.package_identification:_identify(.) by extensions ['python_setup_py']
[0.276s] Level 1:colcon.colcon_core.package_identification:_identify(.) by extension 'python_setup_py'
[0.276s] Level 1:colcon.colcon_core.package_identification:_identify(build) by extensions ['ignore', 'ignore_ament_install']
[0.276s] Level 1:colcon.colcon_core.package_identification:_identify(build) by extension 'ignore'
[0.276s] Level 1:colcon.colcon_core.package_identification:_identify(build) ignored
[0.277s] Level 1:colcon.colcon_core.package_identification:_identify(install) by extensions ['ignore', 'ignore_ament_install']
[0.277s] Level 1:colcon.colcon_core.package_identification:_identify(install) by extension 'ignore'
[0.277s] Level 1:colcon.colcon_core.package_identification:_identify(install) ignored
[0.277s] Level 1:colcon.colcon_core.package_identification:_identify(log) by extensions ['ignore', 'ignore_ament_install']
[0.277s] Level 1:colcon.colcon_core.package_identification:_identify(log) by extension 'ignore'
[0.277s] Level 1:colcon.colcon_core.package_identification:_identify(log) ignored
[0.277s] Level 1:colcon.colcon_core.package_identification:_identify(src) by extensions ['ignore', 'ignore_ament_install']
[0.277s] Level 1:colcon.colcon_core.package_identification:_identify(src) by extension 'ignore'
[0.277s] Level 1:colcon.colcon_core.package_identification:_identify(src) by extension 'ignore_ament_install'
[0.277s] Level 1:colcon.colcon_core.package_identification:_identify(src) by extensions ['colcon_pkg']
[0.277s] Level 1:colcon.colcon_core.package_identification:_identify(src) by extension 'colcon_pkg'
[0.278s] Level 1:colcon.colcon_core.package_identification:_identify(src) by extensions ['colcon_meta']
[0.278s] Level 1:colcon.colcon_core.package_identification:_identify(src) by extension 'colcon_meta'
[0.278s] Level 1:colcon.colcon_core.package_identification:_identify(src) by extensions ['ros']
[0.278s] Level 1:colcon.colcon_core.package_identification:_identify(src) by extension 'ros'
[0.278s] Level 1:colcon.colcon_core.package_identification:_identify(src) by extensions ['cmake', 'python']
[0.278s] Level 1:colcon.colcon_core.package_identification:_identify(src) by extension 'cmake'
[0.278s] Level 1:colcon.colcon_core.package_identification:_identify(src) by extension 'python'
[0.278s] Level 1:colcon.colcon_core.package_identification:_identify(src) by extensions ['python_setup_py']
[0.278s] Level 1:colcon.colcon_core.package_identification:_identify(src) by extension 'python_setup_py'
[0.278s] Level 1:colcon.colcon_core.package_identification:_identify(src/franka_description) by extensions ['ignore', 'ignore_ament_install']
[0.278s] Level 1:colcon.colcon_core.package_identification:_identify(src/franka_description) by extension 'ignore'
[0.278s] Level 1:colcon.colcon_core.package_identification:_identify(src/franka_description) by extension 'ignore_ament_install'
[0.278s] Level 1:colcon.colcon_core.package_identification:_identify(src/franka_description) by extensions ['colcon_pkg']
[0.278s] Level 1:colcon.colcon_core.package_identification:_identify(src/franka_description) by extension 'colcon_pkg'
[0.278s] Level 1:colcon.colcon_core.package_identification:_identify(src/franka_description) by extensions ['colcon_meta']
[0.278s] Level 1:colcon.colcon_core.package_identification:_identify(src/franka_description) by extension 'colcon_meta'
[0.278s] Level 1:colcon.colcon_core.package_identification:_identify(src/franka_description) by extensions ['ros']
[0.278s] Level 1:colcon.colcon_core.package_identification:_identify(src/franka_description) by extension 'ros'
[0.282s] DEBUG:colcon.colcon_core.package_identification:Package 'src/franka_description' with type 'ros.ament_cmake' and name 'franka_description'
[0.282s] Level 1:colcon.colcon_core.package_identification:_identify(src/moveit_api_tutorial) by extensions ['ignore', 'ignore_ament_install']
[0.282s] Level 1:colcon.colcon_core.package_identification:_identify(src/moveit_api_tutorial) by extension 'ignore'
[0.282s] Level 1:colcon.colcon_core.package_identification:_identify(src/moveit_api_tutorial) by extension 'ignore_ament_install'
[0.282s] Level 1:colcon.colcon_core.package_identification:_identify(src/moveit_api_tutorial) by extensions ['colcon_pkg']
[0.283s] Level 1:colcon.colcon_core.package_identification:_identify(src/moveit_api_tutorial) by extension 'colcon_pkg'
[0.283s] Level 1:colcon.colcon_core.package_identification:_identify(src/moveit_api_tutorial) by extensions ['colcon_meta']
[0.283s] Level 1:colcon.colcon_core.package_identification:_identify(src/moveit_api_tutorial) by extension 'colcon_meta'
[0.283s] Level 1:colcon.colcon_core.package_identification:_identify(src/moveit_api_tutorial) by extensions ['ros']
[0.283s] Level 1:colcon.colcon_core.package_identification:_identify(src/moveit_api_tutorial) by extension 'ros'
[0.285s] DEBUG:colcon.colcon_core.package_identification:Package 'src/moveit_api_tutorial' with type 'ros.ament_cmake' and name 'moveit_api_tutorial'
[0.285s] Level 1:colcon.colcon_core.package_identification:_identify(src/moveit_sim_interface) by extensions ['ignore', 'ignore_ament_install']
[0.285s] Level 1:colcon.colcon_core.package_identification:_identify(src/moveit_sim_interface) by extension 'ignore'
[0.285s] Level 1:colcon.colcon_core.package_identification:_identify(src/moveit_sim_interface) by extension 'ignore_ament_install'
[0.285s] Level 1:colcon.colcon_core.package_identification:_identify(src/moveit_sim_interface) by extensions ['colcon_pkg']
[0.286s] Level 1:colcon.colcon_core.package_identification:_identify(src/moveit_sim_interface) by extension 'colcon_pkg'
[0.286s] Level 1:colcon.colcon_core.package_identification:_identify(src/moveit_sim_interface) by extensions ['colcon_meta']
[0.286s] Level 1:colcon.colcon_core.package_identification:_identify(src/moveit_sim_interface) by extension 'colcon_meta'
[0.286s] Level 1:colcon.colcon_core.package_identification:_identify(src/moveit_sim_interface) by extensions ['ros']
[0.286s] Level 1:colcon.colcon_core.package_identification:_identify(src/moveit_sim_interface) by extension 'ros'
[0.290s] DEBUG:colcon.colcon_core.package_identification:Package 'src/moveit_sim_interface' with type 'ros.ament_cmake' and name 'moveit_sim_interface'
[0.290s] Level 1:colcon.colcon_core.package_identification:_identify(src/panda_moveit_config) by extensions ['ignore', 'ignore_ament_install']
[0.290s] Level 1:colcon.colcon_core.package_identification:_identify(src/panda_moveit_config) by extension 'ignore'
[0.291s] Level 1:colcon.colcon_core.package_identification:_identify(src/panda_moveit_config) by extension 'ignore_ament_install'
[0.291s] Level 1:colcon.colcon_core.package_identification:_identify(src/panda_moveit_config) by extensions ['colcon_pkg']
[0.291s] Level 1:colcon.colcon_core.package_identification:_identify(src/panda_moveit_config) by extension 'colcon_pkg'
[0.291s] Level 1:colcon.colcon_core.package_identification:_identify(src/panda_moveit_config) by extensions ['colcon_meta']
[0.291s] Level 1:colcon.colcon_core.package_identification:_identify(src/panda_moveit_config) by extension 'colcon_meta'
[0.291s] Level 1:colcon.colcon_core.package_identification:_identify(src/panda_moveit_config) by extensions ['ros']
[0.291s] Level 1:colcon.colcon_core.package_identification:_identify(src/panda_moveit_config) by extension 'ros'
[0.292s] DEBUG:colcon.colcon_core.package_identification:Package 'src/panda_moveit_config' with type 'ros.ament_cmake' and name 'panda_moveit_config'
[0.292s] Level 1:colcon.colcon_core.package_discovery:discover_packages(recursive) using defaults
[0.293s] Level 1:colcon.colcon_core.package_discovery:discover_packages(ignore) discover
[0.293s] Level 1:colcon.colcon_core.package_discovery:discover_packages(ignore) using defaults
[0.293s] Level 1:colcon.colcon_core.package_discovery:discover_packages(path) discover
[0.293s] Level 1:colcon.colcon_core.package_discovery:discover_packages(path) using defaults
[0.333s] INFO:colcon.colcon_core.package_selection:Skipping not selected package 'franka_description' in 'src/franka_description'
[0.333s] INFO:colcon.colcon_core.package_selection:Skipping not selected package 'moveit_sim_interface' in 'src/moveit_sim_interface'
[0.333s] INFO:colcon.colcon_core.package_selection:Skipping not selected package 'panda_moveit_config' in 'src/panda_moveit_config'
[0.334s] Level 1:colcon.colcon_core.package_discovery:discover_packages(prefix_path) check parameters
[0.334s] Level 1:colcon.colcon_core.package_discovery:discover_packages(prefix_path) discover
[0.338s] DEBUG:colcon.colcon_installed_package_information.package_discovery:Found 3 installed packages in /home/dyros/ros2_ws/install
[0.340s] DEBUG:colcon.colcon_installed_package_information.package_discovery:Found 324 installed packages in /opt/ros/humble
[0.343s] Level 1:colcon.colcon_core.package_discovery:discover_packages(prefix_path) using defaults
[0.437s] Level 5:colcon.colcon_core.verb:set package 'moveit_api_tutorial' build argument 'cmake_args' from command line to 'None'
[0.437s] Level 5:colcon.colcon_core.verb:set package 'moveit_api_tutorial' build argument 'cmake_target' from command line to 'None'
[0.437s] Level 5:colcon.colcon_core.verb:set package 'moveit_api_tutorial' build argument 'cmake_target_skip_unavailable' from command line to 'False'
[0.437s] Level 5:colcon.colcon_core.verb:set package 'moveit_api_tutorial' build argument 'cmake_clean_cache' from command line to 'False'
[0.437s] Level 5:colcon.colcon_core.verb:set package 'moveit_api_tutorial' build argument 'cmake_clean_first' from command line to 'False'
[0.437s] Level 5:colcon.colcon_core.verb:set package 'moveit_api_tutorial' build argument 'cmake_force_configure' from command line to 'False'
[0.437s] Level 5:colcon.colcon_core.verb:set package 'moveit_api_tutorial' build argument 'ament_cmake_args' from command line to 'None'
[0.437s] Level 5:colcon.colcon_core.verb:set package 'moveit_api_tutorial' build argument 'catkin_cmake_args' from command line to 'None'
[0.437s] Level 5:colcon.colcon_core.verb:set package 'moveit_api_tutorial' build argument 'catkin_skip_building_tests' from command line to 'False'
[0.437s] DEBUG:colcon.colcon_core.verb:Building package 'moveit_api_tutorial' with the following arguments: {'ament_cmake_args': None, 'build_base': '/home/dyros/ros2_ws/build/moveit_api_tutorial', 'catkin_cmake_args': None, 'catkin_skip_building_tests': False, 'cmake_args': None, 'cmake_clean_cache': False, 'cmake_clean_first': False, 'cmake_force_configure': False, 'cmake_target': None, 'cmake_target_skip_unavailable': False, 'install_base': '/home/dyros/ros2_ws/install/moveit_api_tutorial', 'merge_install': False, 'path': '/home/dyros/ros2_ws/src/moveit_api_tutorial', 'symlink_install': False, 'test_result_base': None}
[0.438s] INFO:colcon.colcon_core.executor:Executing jobs using 'parallel' executor
[0.444s] DEBUG:colcon.colcon_parallel_executor.executor.parallel:run_until_complete
[0.444s] INFO:colcon.colcon_ros.task.ament_cmake.build:Building ROS package in '/home/dyros/ros2_ws/src/moveit_api_tutorial' with build type 'ament_cmake'
[0.444s] INFO:colcon.colcon_cmake.task.cmake.build:Building CMake package in '/home/dyros/ros2_ws/src/moveit_api_tutorial'
[0.451s] INFO:colcon.colcon_core.plugin_system:Skipping extension 'colcon_core.shell.bat': Not used on non-Windows systems
[0.451s] INFO:colcon.colcon_core.shell:Skip shell extension 'powershell' for command environment: Not usable outside of PowerShell
[0.451s] DEBUG:colcon.colcon_core.shell:Skip shell extension 'dsv' for command environment
[0.468s] DEBUG:colcon.colcon_core.event_handler.log_command:Invoking command in '/home/dyros/ros2_ws/build/moveit_api_tutorial': CMAKE_PREFIX_PATH=${CMAKE_PREFIX_PATH}:/opt/ros/humble /usr/bin/cmake /home/dyros/ros2_ws/src/moveit_api_tutorial -DCMAKE_INSTALL_PREFIX=/home/dyros/ros2_ws/install/moveit_api_tutorial
[10.748s] DEBUG:colcon.colcon_core.event_handler.log_command:Invoked command in '/home/dyros/ros2_ws/build/moveit_api_tutorial' returned '0': CMAKE_PREFIX_PATH=${CMAKE_PREFIX_PATH}:/opt/ros/humble /usr/bin/cmake /home/dyros/ros2_ws/src/moveit_api_tutorial -DCMAKE_INSTALL_PREFIX=/home/dyros/ros2_ws/install/moveit_api_tutorial
[10.753s] DEBUG:colcon.colcon_core.event_handler.log_command:Invoking command in '/home/dyros/ros2_ws/build/moveit_api_tutorial': CMAKE_PREFIX_PATH=${CMAKE_PREFIX_PATH}:/opt/ros/humble /usr/bin/cmake --build /home/dyros/ros2_ws/build/moveit_api_tutorial -- -j4 -l4
[27.329s] DEBUG:colcon.colcon_core.event_handler.log_command:Invoked command in '/home/dyros/ros2_ws/build/moveit_api_tutorial' returned '0': CMAKE_PREFIX_PATH=${CMAKE_PREFIX_PATH}:/opt/ros/humble /usr/bin/cmake --build /home/dyros/ros2_ws/build/moveit_api_tutorial -- -j4 -l4
[27.380s] DEBUG:colcon.colcon_core.event_handler.log_command:Invoking command in '/home/dyros/ros2_ws/build/moveit_api_tutorial': CMAKE_PREFIX_PATH=${CMAKE_PREFIX_PATH}:/opt/ros/humble /usr/bin/cmake --install /home/dyros/ros2_ws/build/moveit_api_tutorial
[27.391s] Level 1:colcon.colcon_core.environment:create_environment_scripts_only(moveit_api_tutorial)
[27.391s] DEBUG:colcon.colcon_core.event_handler.log_command:Invoked command in '/home/dyros/ros2_ws/build/moveit_api_tutorial' returned '0': CMAKE_PREFIX_PATH=${CMAKE_PREFIX_PATH}:/opt/ros/humble /usr/bin/cmake --install /home/dyros/ros2_ws/build/moveit_api_tutorial
[27.398s] Level 1:colcon.colcon_core.environment:checking '/home/dyros/ros2_ws/install/moveit_api_tutorial' for CMake module files
[27.399s] Level 1:colcon.colcon_core.environment:checking '/home/dyros/ros2_ws/install/moveit_api_tutorial' for CMake config files
[27.399s] Level 1:colcon.colcon_core.shell:create_environment_hook('moveit_api_tutorial', 'cmake_prefix_path')
[27.400s] INFO:colcon.colcon_core.shell:Creating environment hook '/home/dyros/ros2_ws/install/moveit_api_tutorial/share/moveit_api_tutorial/hook/cmake_prefix_path.ps1'
[27.401s] INFO:colcon.colcon_core.shell:Creating environment descriptor '/home/dyros/ros2_ws/install/moveit_api_tutorial/share/moveit_api_tutorial/hook/cmake_prefix_path.dsv'
[27.401s] INFO:colcon.colcon_core.shell:Creating environment hook '/home/dyros/ros2_ws/install/moveit_api_tutorial/share/moveit_api_tutorial/hook/cmake_prefix_path.sh'
[27.402s] Level 1:colcon.colcon_core.environment:checking '/home/dyros/ros2_ws/install/moveit_api_tutorial/lib'
[27.403s] Level 1:colcon.colcon_core.environment:checking '/home/dyros/ros2_ws/install/moveit_api_tutorial/bin'
[27.403s] Level 1:colcon.colcon_core.environment:checking '/home/dyros/ros2_ws/install/moveit_api_tutorial/lib/pkgconfig/moveit_api_tutorial.pc'
[27.403s] Level 1:colcon.colcon_core.environment:checking '/home/dyros/ros2_ws/install/moveit_api_tutorial/lib/python3.10/site-packages'
[27.403s] Level 1:colcon.colcon_core.environment:checking '/home/dyros/ros2_ws/install/moveit_api_tutorial/bin'
[27.405s] INFO:colcon.colcon_core.shell:Creating package script '/home/dyros/ros2_ws/install/moveit_api_tutorial/share/moveit_api_tutorial/package.ps1'
[27.406s] INFO:colcon.colcon_core.shell:Creating package descriptor '/home/dyros/ros2_ws/install/moveit_api_tutorial/share/moveit_api_tutorial/package.dsv'
[27.408s] INFO:colcon.colcon_core.shell:Creating package script '/home/dyros/ros2_ws/install/moveit_api_tutorial/share/moveit_api_tutorial/package.sh'
[27.409s] INFO:colcon.colcon_core.shell:Creating package script '/home/dyros/ros2_ws/install/moveit_api_tutorial/share/moveit_api_tutorial/package.bash'
[27.409s] INFO:colcon.colcon_core.shell:Creating package script '/home/dyros/ros2_ws/install/moveit_api_tutorial/share/moveit_api_tutorial/package.zsh'
[27.411s] Level 1:colcon.colcon_core.environment:create_file_with_runtime_dependencies(/home/dyros/ros2_ws/install/moveit_api_tutorial/share/colcon-core/packages/moveit_api_tutorial)
[27.458s] Level 1:colcon.colcon_core.environment:create_environment_scripts_only(moveit_api_tutorial)
[27.461s] Level 1:colcon.colcon_core.environment:checking '/home/dyros/ros2_ws/install/moveit_api_tutorial' for CMake module files
[27.461s] Level 1:colcon.colcon_core.environment:checking '/home/dyros/ros2_ws/install/moveit_api_tutorial' for CMake config files
[27.461s] Level 1:colcon.colcon_core.shell:create_environment_hook('moveit_api_tutorial', 'cmake_prefix_path')
[27.463s] INFO:colcon.colcon_core.shell:Creating environment hook '/home/dyros/ros2_ws/install/moveit_api_tutorial/share/moveit_api_tutorial/hook/cmake_prefix_path.ps1'
[27.463s] INFO:colcon.colcon_core.shell:Creating environment descriptor '/home/dyros/ros2_ws/install/moveit_api_tutorial/share/moveit_api_tutorial/hook/cmake_prefix_path.dsv'
[27.464s] INFO:colcon.colcon_core.shell:Creating environment hook '/home/dyros/ros2_ws/install/moveit_api_tutorial/share/moveit_api_tutorial/hook/cmake_prefix_path.sh'
[27.465s] Level 1:colcon.colcon_core.environment:checking '/home/dyros/ros2_ws/install/moveit_api_tutorial/lib'
[27.465s] Level 1:colcon.colcon_core.environment:checking '/home/dyros/ros2_ws/install/moveit_api_tutorial/bin'
[27.465s] Level 1:colcon.colcon_core.environment:checking '/home/dyros/ros2_ws/install/moveit_api_tutorial/lib/pkgconfig/moveit_api_tutorial.pc'
[27.465s] Level 1:colcon.colcon_core.environment:checking '/home/dyros/ros2_ws/install/moveit_api_tutorial/lib/python3.10/site-packages'
[27.465s] Level 1:colcon.colcon_core.environment:checking '/home/dyros/ros2_ws/install/moveit_api_tutorial/bin'
[27.467s] INFO:colcon.colcon_core.shell:Creating package script '/home/dyros/ros2_ws/install/moveit_api_tutorial/share/moveit_api_tutorial/package.ps1'
[27.468s] INFO:colcon.colcon_core.shell:Creating package descriptor '/home/dyros/ros2_ws/install/moveit_api_tutorial/share/moveit_api_tutorial/package.dsv'
[27.468s] INFO:colcon.colcon_core.shell:Creating package script '/home/dyros/ros2_ws/install/moveit_api_tutorial/share/moveit_api_tutorial/package.sh'
[27.469s] INFO:colcon.colcon_core.shell:Creating package script '/home/dyros/ros2_ws/install/moveit_api_tutorial/share/moveit_api_tutorial/package.bash'
[27.469s] INFO:colcon.colcon_core.shell:Creating package script '/home/dyros/ros2_ws/install/moveit_api_tutorial/share/moveit_api_tutorial/package.zsh'
[27.470s] Level 1:colcon.colcon_core.environment:create_file_with_runtime_dependencies(/home/dyros/ros2_ws/install/moveit_api_tutorial/share/colcon-core/packages/moveit_api_tutorial)
[27.470s] DEBUG:colcon.colcon_parallel_executor.executor.parallel:closing loop
[27.471s] DEBUG:colcon.colcon_parallel_executor.executor.parallel:loop closed
[27.471s] DEBUG:colcon.colcon_parallel_executor.executor.parallel:run_until_complete finished with '0'
[27.471s] DEBUG:colcon.colcon_core.event_reactor:joining thread
[27.493s] INFO:colcon.colcon_core.plugin_system:Skipping extension 'colcon_notification.desktop_notification.terminal_notifier': Not used on non-Darwin systems
[27.493s] INFO:colcon.colcon_core.plugin_system:Skipping extension 'colcon_notification.desktop_notification.win32': Not used on non-Windows systems
[27.493s] INFO:colcon.colcon_notification.desktop_notification:Sending desktop notification using 'notify2'
[27.526s] DEBUG:colcon.colcon_core.event_reactor:joined thread
[27.528s] INFO:colcon.colcon_core.shell:Creating prefix script '/home/dyros/ros2_ws/install/local_setup.ps1'
[27.530s] INFO:colcon.colcon_core.shell:Creating prefix util module '/home/dyros/ros2_ws/install/_local_setup_util_ps1.py'
[27.533s] INFO:colcon.colcon_core.shell:Creating prefix chain script '/home/dyros/ros2_ws/install/setup.ps1'
[27.536s] INFO:colcon.colcon_core.shell:Creating prefix script '/home/dyros/ros2_ws/install/local_setup.sh'
[27.537s] INFO:colcon.colcon_core.shell:Creating prefix util module '/home/dyros/ros2_ws/install/_local_setup_util_sh.py'
[27.538s] INFO:colcon.colcon_core.shell:Creating prefix chain script '/home/dyros/ros2_ws/install/setup.sh'
[27.549s] INFO:colcon.colcon_core.shell:Creating prefix script '/home/dyros/ros2_ws/install/local_setup.bash'
[27.549s] INFO:colcon.colcon_core.shell:Creating prefix chain script '/home/dyros/ros2_ws/install/setup.bash'
[27.552s] INFO:colcon.colcon_core.shell:Creating prefix script '/home/dyros/ros2_ws/install/local_setup.zsh'
[27.553s] INFO:colcon.colcon_core.shell:Creating prefix chain script '/home/dyros/ros2_ws/install/setup.zsh'
