[0.021s] Invoking command in '/home/dyros/ros2_ws/build/moveit_api_tutorial': CMAKE_PREFIX_PATH=${CMAKE_PREFIX_PATH}:/opt/ros/humble /usr/bin/cmake /home/dyros/ros2_ws/src/moveit_api_tutorial -DCMAKE_INSTALL_PREFIX=/home/dyros/ros2_ws/install/moveit_api_tutorial
[0.219s] -- The C compiler identification is GNU 11.3.0
[0.318s] -- The CXX compiler identification is GNU 11.3.0
[0.333s] -- Detecting C compiler ABI info
[0.463s] -- Detecting C compiler ABI info - done
[0.471s] -- Check for working C compiler: /usr/bin/cc - skipped
[0.472s] -- Detecting C compile features
[0.473s] -- Detecting C compile features - done
[0.478s] -- Detecting CXX compiler ABI info
[0.621s] -- Detecting CXX compiler ABI info - done
[0.627s] -- Check for working CXX compiler: /usr/bin/c++ - skipped
[0.627s] -- Detecting CXX compile features
[0.628s] -- Detecting CXX compile features - done
[0.634s] -- Found moveit_common: 2.5.4 (/opt/ros/humble/share/moveit_common/cmake)
[0.641s] -- Found ament_cmake: 1.3.3 (/opt/ros/humble/share/ament_cmake/cmake)
[0.908s] -- Found Python3: /usr/bin/python3.10 (found version "3.10.6") found components: Interpreter 
[1.093s] -- Found moveit_core: 2.5.4 (/opt/ros/humble/share/moveit_core/cmake)
[1.434s] -- Found Boost: /usr/lib/x86_64-linux-gnu/cmake/Boost-1.74.0/BoostConfig.cmake (found version "1.74.0") found components: chrono date_time filesystem iostreams program_options regex serialization system thread 
[1.472s] -- Found Boost: /usr/lib/x86_64-linux-gnu/cmake/Boost-1.74.0/BoostConfig.cmake (found version "1.74.0") found components: filesystem 
[1.608s] -- Found rosidl_generator_c: 3.1.4 (/opt/ros/humble/share/rosidl_generator_c/cmake)
[1.619s] -- Found rosidl_adapter: 3.1.4 (/opt/ros/humble/share/rosidl_adapter/cmake)
[1.639s] -- Found rosidl_generator_cpp: 3.1.4 (/opt/ros/humble/share/rosidl_generator_cpp/cmake)
[1.679s] -- Using all available rosidl_typesupport_c: rosidl_typesupport_fastrtps_c;rosidl_typesupport_introspection_c
[1.733s] -- Using all available rosidl_typesupport_cpp: rosidl_typesupport_fastrtps_cpp;rosidl_typesupport_introspection_cpp
[2.091s] -- Found rmw_implementation_cmake: 6.1.1 (/opt/ros/humble/share/rmw_implementation_cmake/cmake)
[2.100s] -- Found rmw_fastrtps_cpp: 6.2.2 (/opt/ros/humble/share/rmw_fastrtps_cpp/cmake)
[2.306s] -- Found OpenSSL: /usr/lib/x86_64-linux-gnu/libcrypto.so (found version "3.0.2")  
[2.362s] -- Found FastRTPS: /opt/ros/humble/include  
[2.433s] -- Using RMW implementation 'rmw_fastrtps_cpp' as default
[2.459s] -- Found Threads: TRUE  
[2.777s] -- library: /usr/lib/x86_64-linux-gnu/libcurl.so
[3.316s] -- Found Eigen3: TRUE (found version "3.4.0") 
[3.316s] -- Ensuring Eigen3 include directory is part of orocos-kdl CMake target
[5.236s] -- Found moveit_ros_planning: 2.5.4 (/opt/ros/humble/share/moveit_ros_planning/cmake)
[5.243s] -- Found Boost: /usr/lib/x86_64-linux-gnu/cmake/Boost-1.74.0/BoostConfig.cmake (found version "1.74.0") found components: system filesystem date_time program_options thread chrono 
[5.911s] -- Found moveit_ros_planning_interface: 2.5.4 (/opt/ros/humble/share/moveit_ros_planning_interface/cmake)
[5.918s] -- Found Boost: /usr/lib/x86_64-linux-gnu/cmake/Boost-1.74.0/BoostConfig.cmake (found version "1.74.0") found components: date_time filesystem program_options system thread 
[6.206s] -- Found Boost: /usr/lib/x86_64-linux-gnu/cmake/Boost-1.74.0/BoostConfig.cmake (found version "1.74.0") found components: thread system filesystem regex date_time program_options 
[6.580s] -- Found Boost: /usr/lib/x86_64-linux-gnu/cmake/Boost-1.74.0/BoostConfig.cmake (found version "1.74.0") found components: system filesystem date_time program_options thread 
[7.242s] -- Found moveit_visual_tools: 4.1.0 (/opt/ros/humble/share/moveit_visual_tools/cmake)
[7.899s] -- Setting OGRE_DIR to: '/opt/ros/humble/share/rviz_ogre_vendor/cmake/../../../opt/rviz_ogre_vendor/lib/OGRE/cmake'
[7.903s] -- Found OGRE
[7.903s] --   static     : OFF
[7.903s] --   components : HLMS;MeshLodGenerator;Overlay;Paging;Property;RTShaderSystem;Terrain;Volume
[7.903s] --   plugins    : Plugin_BSPSceneManager;Plugin_OctreeSceneManager;Plugin_PCZSceneManager;Plugin_ParticleFX;RenderSystem_GL;RenderSystem_GL3Plus;Codec_STBI
[7.903s] --   media      : /opt/ros/humble/opt/rviz_ogre_vendor/share/OGRE/Media
[7.903s] -- OGRE_LIBRARIES: OgreHLMS;OgreMeshLodGenerator;OgreOverlay;OgrePaging;OgreProperty;OgreRTShaderSystem;OgreTerrain;OgreVolume;OgreMain
[7.903s] -- OGRE_LIBRARY_DIRS: /opt/ros/humble/opt/rviz_ogre_vendor/lib
[7.903s] -- OGRE_PLUGINS: Plugin_BSPSceneManager;Plugin_OctreeSceneManager;Plugin_PCZSceneManager;Plugin_ParticleFX;RenderSystem_GL;RenderSystem_GL3Plus;Codec_STBI
[7.903s] -- OGRE_PLUGIN_DIR: /opt/ros/humble/opt/rviz_ogre_vendor/lib/OGRE
[7.904s] -- rviz_ogre_vendor::OgreOverlay for IMPORTED_LOCATION_RELEASE: /opt/ros/humble/opt/rviz_ogre_vendor/lib/libOgreOverlay.so
[7.904s] -- rviz_ogre_vendor::OgreOverlay for IMPORTED_LOCATION_DEBUG: /opt/ros/humble/opt/rviz_ogre_vendor/lib/libOgreOverlay.so
[7.904s] -- rviz_ogre_vendor::OgreMain for IMPORTED_LOCATION_RELEASE: /opt/ros/humble/opt/rviz_ogre_vendor/lib/libOgreMain.so
[7.904s] -- rviz_ogre_vendor::OgreMain for IMPORTED_LOCATION_DEBUG: /opt/ros/humble/opt/rviz_ogre_vendor/lib/libOgreMain.so
[7.905s] -- Could not find freeimage library
[7.931s] -- Found ZLIB: /usr/lib/x86_64-linux-gnu/libz.so (found version "1.2.11") 
[7.938s] -- Found OpenGL: /usr/lib/x86_64-linux-gnu/libOpenGL.so   
[8.103s] -- Found X11: /usr/include   
[8.104s] -- Looking for XOpenDisplay in /usr/lib/x86_64-linux-gnu/libX11.so;/usr/lib/x86_64-linux-gnu/libXext.so
[8.228s] -- Looking for XOpenDisplay in /usr/lib/x86_64-linux-gnu/libX11.so;/usr/lib/x86_64-linux-gnu/libXext.so - found
[8.228s] -- Looking for gethostbyname
[8.340s] -- Looking for gethostbyname - found
[8.340s] -- Looking for connect
[8.454s] -- Looking for connect - found
[8.454s] -- Looking for remove
[8.566s] -- Looking for remove - found
[8.566s] -- Looking for shmat
[8.648s] -- Looking for shmat - found
[8.648s] -- Looking for IceConnectionNumber in ICE
[8.754s] -- Looking for IceConnectionNumber in ICE - found
[8.757s] -- rviz_ogre_vendor::RenderSystem_GL for IMPORTED_LOCATION_RELEASE: _render_system_gl_static_library_abs-NOTFOUND
[8.757s] -- rviz_ogre_vendor::RenderSystem_GL for IMPORTED_LOCATION_DEBUG: _render_system_gl_static_library_abs-NOTFOUND
[10.049s] -- Found ament_lint_auto: 0.12.4 (/opt/ros/humble/share/ament_lint_auto/cmake)
[10.192s] -- Added test 'cppcheck' to perform static code analysis on C / C++ code
[10.192s] -- Configured cppcheck include dirs: 
[10.192s] -- Configured cppcheck exclude dirs and/or files: 
[10.194s] -- Added test 'lint_cmake' to check CMake code style
[10.197s] -- Added test 'uncrustify' to check C / C++ code style
[10.197s] -- Configured uncrustify additional arguments: 
[10.198s] -- Added test 'xmllint' to check XML markup files
[10.201s] -- Configuring done
[10.278s] -- Generating done
[10.283s] -- Build files have been written to: /home/dyros/ros2_ws/build/moveit_api_tutorial
[10.301s] Invoked command in '/home/dyros/ros2_ws/build/moveit_api_tutorial' returned '0': CMAKE_PREFIX_PATH=${CMAKE_PREFIX_PATH}:/opt/ros/humble /usr/bin/cmake /home/dyros/ros2_ws/src/moveit_api_tutorial -DCMAKE_INSTALL_PREFIX=/home/dyros/ros2_ws/install/moveit_api_tutorial
[10.307s] Invoking command in '/home/dyros/ros2_ws/build/moveit_api_tutorial': CMAKE_PREFIX_PATH=${CMAKE_PREFIX_PATH}:/opt/ros/humble /usr/bin/cmake --build /home/dyros/ros2_ws/build/moveit_api_tutorial -- -j4 -l4
[10.401s] [ 50%] [32mBuilding CXX object CMakeFiles/moveit_cpp_interface.dir/src/moveit_cpp_interface.cpp.o[0m
[25.851s] [100%] [32m[1mLinking CXX executable moveit_cpp_interface[0m
[26.849s] [100%] Built target moveit_cpp_interface
[26.882s] Invoked command in '/home/dyros/ros2_ws/build/moveit_api_tutorial' returned '0': CMAKE_PREFIX_PATH=${CMAKE_PREFIX_PATH}:/opt/ros/humble /usr/bin/cmake --build /home/dyros/ros2_ws/build/moveit_api_tutorial -- -j4 -l4
[26.934s] Invoking command in '/home/dyros/ros2_ws/build/moveit_api_tutorial': CMAKE_PREFIX_PATH=${CMAKE_PREFIX_PATH}:/opt/ros/humble /usr/bin/cmake --install /home/dyros/ros2_ws/build/moveit_api_tutorial
[26.938s] -- Install configuration: ""
[26.939s] -- Installing: /home/dyros/ros2_ws/install/moveit_api_tutorial/lib/moveit_api_tutorial/moveit_cpp_interface
[26.939s] -- Set runtime path of "/home/dyros/ros2_ws/install/moveit_api_tutorial/lib/moveit_api_tutorial/moveit_cpp_interface" to ""
[26.940s] -- Installing: /home/dyros/ros2_ws/install/moveit_api_tutorial/share/ament_index/resource_index/package_run_dependencies/moveit_api_tutorial
[26.940s] -- Installing: /home/dyros/ros2_ws/install/moveit_api_tutorial/share/ament_index/resource_index/parent_prefix_path/moveit_api_tutorial
[26.940s] -- Installing: /home/dyros/ros2_ws/install/moveit_api_tutorial/share/moveit_api_tutorial/environment/ament_prefix_path.sh
[26.940s] -- Installing: /home/dyros/ros2_ws/install/moveit_api_tutorial/share/moveit_api_tutorial/environment/ament_prefix_path.dsv
[26.940s] -- Installing: /home/dyros/ros2_ws/install/moveit_api_tutorial/share/moveit_api_tutorial/environment/path.sh
[26.941s] -- Installing: /home/dyros/ros2_ws/install/moveit_api_tutorial/share/moveit_api_tutorial/environment/path.dsv
[26.941s] -- Installing: /home/dyros/ros2_ws/install/moveit_api_tutorial/share/moveit_api_tutorial/local_setup.bash
[26.941s] -- Installing: /home/dyros/ros2_ws/install/moveit_api_tutorial/share/moveit_api_tutorial/local_setup.sh
[26.941s] -- Installing: /home/dyros/ros2_ws/install/moveit_api_tutorial/share/moveit_api_tutorial/local_setup.zsh
[26.941s] -- Installing: /home/dyros/ros2_ws/install/moveit_api_tutorial/share/moveit_api_tutorial/local_setup.dsv
[26.941s] -- Installing: /home/dyros/ros2_ws/install/moveit_api_tutorial/share/moveit_api_tutorial/package.dsv
[26.941s] -- Installing: /home/dyros/ros2_ws/install/moveit_api_tutorial/share/ament_index/resource_index/packages/moveit_api_tutorial
[26.942s] -- Installing: /home/dyros/ros2_ws/install/moveit_api_tutorial/share/moveit_api_tutorial/cmake/moveit_api_tutorialConfig.cmake
[26.942s] -- Installing: /home/dyros/ros2_ws/install/moveit_api_tutorial/share/moveit_api_tutorial/cmake/moveit_api_tutorialConfig-version.cmake
[26.942s] -- Installing: /home/dyros/ros2_ws/install/moveit_api_tutorial/share/moveit_api_tutorial/package.xml
[26.944s] Invoked command in '/home/dyros/ros2_ws/build/moveit_api_tutorial' returned '0': CMAKE_PREFIX_PATH=${CMAKE_PREFIX_PATH}:/opt/ros/humble /usr/bin/cmake --install /home/dyros/ros2_ws/build/moveit_api_tutorial
