[35m[1mConsolidate compiler generated dependencies of target moveit_sim_interface_lib[0m
[ 50%] Built target moveit_sim_interface_lib
[35m[1mConsolidate compiler generated dependencies of target moveit_sim_interface[0m
[100%] Built target moveit_sim_interface
-- Install configuration: ""
-- Up-to-date: /home/dyros/ros2_ws/install/moveit_sim_interface/lib/moveit_sim_interface/moveit_sim_interface
-- Up-to-date: /home/dyros/ros2_ws/install/moveit_sim_interface/share/ament_index/resource_index/package_run_dependencies/moveit_sim_interface
-- Up-to-date: /home/dyros/ros2_ws/install/moveit_sim_interface/share/ament_index/resource_index/parent_prefix_path/moveit_sim_interface
-- Up-to-date: /home/dyros/ros2_ws/install/moveit_sim_interface/share/moveit_sim_interface/environment/ament_prefix_path.sh
-- Up-to-date: /home/dyros/ros2_ws/install/moveit_sim_interface/share/moveit_sim_interface/environment/ament_prefix_path.dsv
-- Up-to-date: /home/dyros/ros2_ws/install/moveit_sim_interface/share/moveit_sim_interface/environment/path.sh
-- Up-to-date: /home/dyros/ros2_ws/install/moveit_sim_interface/share/moveit_sim_interface/environment/path.dsv
-- Up-to-date: /home/dyros/ros2_ws/install/moveit_sim_interface/share/moveit_sim_interface/local_setup.bash
-- Up-to-date: /home/dyros/ros2_ws/install/moveit_sim_interface/share/moveit_sim_interface/local_setup.sh
-- Up-to-date: /home/dyros/ros2_ws/install/moveit_sim_interface/share/moveit_sim_interface/local_setup.zsh
-- Up-to-date: /home/dyros/ros2_ws/install/moveit_sim_interface/share/moveit_sim_interface/local_setup.dsv
-- Installing: /home/dyros/ros2_ws/install/moveit_sim_interface/share/moveit_sim_interface/package.dsv
-- Up-to-date: /home/dyros/ros2_ws/install/moveit_sim_interface/share/ament_index/resource_index/packages/moveit_sim_interface
-- Up-to-date: /home/dyros/ros2_ws/install/moveit_sim_interface/share/moveit_sim_interface/cmake/moveit_sim_interfaceConfig.cmake
-- Up-to-date: /home/dyros/ros2_ws/install/moveit_sim_interface/share/moveit_sim_interface/cmake/moveit_sim_interfaceConfig-version.cmake
-- Up-to-date: /home/dyros/ros2_ws/install/moveit_sim_interface/share/moveit_sim_interface/package.xml
