[0.028s] Invoking command in '/home/dyros/ros2_ws/build/moveit_sim_interface': CMAKE_PREFIX_PATH=${CMAKE_PREFIX_PATH}:/opt/ros/humble /usr/bin/cmake --build /home/dyros/ros2_ws/build/moveit_sim_interface -- -j4 -l4
[0.076s] [35m[1mConsolidate compiler generated dependencies of target moveit_sim_interface_lib[0m
[0.097s] [ 50%] Built target moveit_sim_interface_lib
[0.112s] [35m[1mConsolidate compiler generated dependencies of target moveit_sim_interface[0m
[0.132s] [100%] Built target moveit_sim_interface
[0.150s] Invoked command in '/home/dyros/ros2_ws/build/moveit_sim_interface' returned '0': CMAKE_PREFIX_PATH=${CMAKE_PREFIX_PATH}:/opt/ros/humble /usr/bin/cmake --build /home/dyros/ros2_ws/build/moveit_sim_interface -- -j4 -l4
[0.187s] Invoking command in '/home/dyros/ros2_ws/build/moveit_sim_interface': CMAKE_PREFIX_PATH=${CMAKE_PREFIX_PATH}:/opt/ros/humble /usr/bin/cmake --install /home/dyros/ros2_ws/build/moveit_sim_interface
[0.195s] -- Install configuration: ""
[0.195s] -- Up-to-date: /home/dyros/ros2_ws/install/moveit_sim_interface/lib/moveit_sim_interface/moveit_sim_interface
[0.196s] -- Up-to-date: /home/dyros/ros2_ws/install/moveit_sim_interface/share/ament_index/resource_index/package_run_dependencies/moveit_sim_interface
[0.196s] -- Up-to-date: /home/dyros/ros2_ws/install/moveit_sim_interface/share/ament_index/resource_index/parent_prefix_path/moveit_sim_interface
[0.196s] -- Up-to-date: /home/dyros/ros2_ws/install/moveit_sim_interface/share/moveit_sim_interface/environment/ament_prefix_path.sh
[0.196s] -- Up-to-date: /home/dyros/ros2_ws/install/moveit_sim_interface/share/moveit_sim_interface/environment/ament_prefix_path.dsv
[0.197s] -- Up-to-date: /home/dyros/ros2_ws/install/moveit_sim_interface/share/moveit_sim_interface/environment/path.sh
[0.197s] -- Up-to-date: /home/dyros/ros2_ws/install/moveit_sim_interface/share/moveit_sim_interface/environment/path.dsv
[0.197s] -- Up-to-date: /home/dyros/ros2_ws/install/moveit_sim_interface/share/moveit_sim_interface/local_setup.bash
[0.197s] -- Up-to-date: /home/dyros/ros2_ws/install/moveit_sim_interface/share/moveit_sim_interface/local_setup.sh
[0.197s] -- Up-to-date: /home/dyros/ros2_ws/install/moveit_sim_interface/share/moveit_sim_interface/local_setup.zsh
[0.197s] -- Up-to-date: /home/dyros/ros2_ws/install/moveit_sim_interface/share/moveit_sim_interface/local_setup.dsv
[0.197s] -- Installing: /home/dyros/ros2_ws/install/moveit_sim_interface/share/moveit_sim_interface/package.dsv
[0.197s] -- Up-to-date: /home/dyros/ros2_ws/install/moveit_sim_interface/share/ament_index/resource_index/packages/moveit_sim_interface
[0.198s] -- Up-to-date: /home/dyros/ros2_ws/install/moveit_sim_interface/share/moveit_sim_interface/cmake/moveit_sim_interfaceConfig.cmake
[0.198s] -- Up-to-date: /home/dyros/ros2_ws/install/moveit_sim_interface/share/moveit_sim_interface/cmake/moveit_sim_interfaceConfig-version.cmake
[0.198s] -- Up-to-date: /home/dyros/ros2_ws/install/moveit_sim_interface/share/moveit_sim_interface/package.xml
[0.201s] Invoked command in '/home/dyros/ros2_ws/build/moveit_sim_interface' returned '0': CMAKE_PREFIX_PATH=${CMAKE_PREFIX_PATH}:/opt/ros/humble /usr/bin/cmake --install /home/dyros/ros2_ws/build/moveit_sim_interface
