[0.024s] Invoking command in '/home/dyros/ros2_ws2/build/dyros_cmake': CMAKE_PREFIX_PATH=${CMAKE_PREFIX_PATH}:/home/dyros/ros2_ws/install/dyros_python:/opt/ros/humble /usr/bin/cmake /home/dyros/ros2_ws2/src/dyros_cmake -DCMAKE_INSTALL_PREFIX=/home/dyros/ros2_ws2/install/dyros_cmake
[0.197s] -- The C compiler identification is GNU 11.3.0
[0.296s] -- The CXX compiler identification is GNU 11.3.0
[0.313s] -- Detecting C compiler ABI info
[0.394s] -- Detecting C compiler ABI info - done
[0.401s] -- Check for working C compiler: /usr/bin/cc - skipped
[0.402s] -- Detecting C compile features
[0.403s] -- Detecting C compile features - done
[0.409s] -- Detecting CXX compiler ABI info
[0.492s] -- Detecting CXX compiler ABI info - done
[0.500s] -- Check for working CXX compiler: /usr/bin/c++ - skipped
[0.501s] -- Detecting CXX compile features
[0.501s] -- Detecting CXX compile features - done
[0.510s] -- Found ament_cmake: 1.3.3 (/opt/ros/humble/share/ament_cmake/cmake)
[0.695s] -- Found Python3: /usr/bin/python3.10 (found version "3.10.6") found components: Interpreter 
[0.825s] -- Found rclcpp: 16.0.2 (/opt/ros/humble/share/rclcpp/cmake)
[0.906s] -- Found rosidl_generator_c: 3.1.4 (/opt/ros/humble/share/rosidl_generator_c/cmake)
[0.913s] -- Found rosidl_adapter: 3.1.4 (/opt/ros/humble/share/rosidl_adapter/cmake)
[0.926s] -- Found rosidl_generator_cpp: 3.1.4 (/opt/ros/humble/share/rosidl_generator_cpp/cmake)
[0.952s] -- Using all available rosidl_typesupport_c: rosidl_typesupport_fastrtps_c;rosidl_typesupport_introspection_c
[0.980s] -- Using all available rosidl_typesupport_cpp: rosidl_typesupport_fastrtps_cpp;rosidl_typesupport_introspection_cpp
[1.075s] -- Found rmw_implementation_cmake: 6.1.1 (/opt/ros/humble/share/rmw_implementation_cmake/cmake)
[1.079s] -- Found rmw_fastrtps_cpp: 6.2.2 (/opt/ros/humble/share/rmw_fastrtps_cpp/cmake)
[1.198s] -- Found OpenSSL: /usr/lib/x86_64-linux-gnu/libcrypto.so (found version "3.0.2")  
[1.228s] -- Found FastRTPS: /opt/ros/humble/include  
[1.277s] -- Using RMW implementation 'rmw_fastrtps_cpp' as default
[1.296s] -- Looking for pthread.h
[1.387s] -- Looking for pthread.h - found
[1.387s] -- Performing Test CMAKE_HAVE_LIBC_PTHREAD
[1.467s] -- Performing Test CMAKE_HAVE_LIBC_PTHREAD - Success
[1.468s] -- Found Threads: TRUE  
[1.681s] -- Found dyros_interface: 0.0.0 (/home/dyros/ros2_ws/install/dyros_interface/share/dyros_interface/cmake)
[1.837s] -- Found ament_lint_auto: 0.12.4 (/opt/ros/humble/share/ament_lint_auto/cmake)
[1.938s] -- Added test 'cppcheck' to perform static code analysis on C / C++ code
[1.939s] -- Configured cppcheck include dirs: /home/dyros/ros2_ws2/src/dyros_cmake/include
[1.939s] -- Configured cppcheck exclude dirs and/or files: 
[1.940s] -- Added test 'flake8' to check Python code syntax and style conventions
[1.940s] -- Added test 'lint_cmake' to check CMake code style
[1.941s] -- Added test 'pep257' to check Python code against some of the docstring style conventions in PEP 257
[1.943s] -- Added test 'uncrustify' to check C / C++ code style
[1.943s] -- Configured uncrustify additional arguments: 
[1.944s] -- Added test 'xmllint' to check XML markup files
[1.946s] -- Configuring done
[1.970s] -- Generating done
[1.972s] -- Build files have been written to: /home/dyros/ros2_ws2/build/dyros_cmake
[1.983s] Invoked command in '/home/dyros/ros2_ws2/build/dyros_cmake' returned '0': CMAKE_PREFIX_PATH=${CMAKE_PREFIX_PATH}:/home/dyros/ros2_ws/install/dyros_python:/opt/ros/humble /usr/bin/cmake /home/dyros/ros2_ws2/src/dyros_cmake -DCMAKE_INSTALL_PREFIX=/home/dyros/ros2_ws2/install/dyros_cmake
[1.985s] Invoking command in '/home/dyros/ros2_ws2/build/dyros_cmake': CMAKE_PREFIX_PATH=${CMAKE_PREFIX_PATH}:/home/dyros/ros2_ws/install/dyros_python:/opt/ros/humble /usr/bin/cmake --build /home/dyros/ros2_ws2/build/dyros_cmake -- -j2 -l2
[2.038s] [  8%] [32mBuilding CXX object CMakeFiles/dyros_cpp_pub.dir/src/dyros_cpp_pub.cpp.o[0m
[2.040s] [ 16%] [32mBuilding CXX object CMakeFiles/dyros_cpp_sub.dir/src/dyros_cpp_sub.cpp.o[0m
[8.854s] [ 25%] [32m[1mLinking CXX executable dyros_cpp_pub[0m
[9.177s] [ 25%] Built target dyros_cpp_pub
[9.207s] [ 33%] [32mBuilding CXX object CMakeFiles/dyros_cpp_custom_pub.dir/src/dyros_cpp_custom_pub.cpp.o[0m
[14.034s] [ 41%] [32m[1mLinking CXX executable dyros_cpp_sub[0m
[14.565s] [ 50%] [32m[1mLinking CXX executable dyros_cpp_custom_pub[0m
[14.608s] [ 50%] Built target dyros_cpp_sub
[14.635s] [ 58%] [32mBuilding CXX object CMakeFiles/dyros_cpp_custom_sub.dir/src/dyros_cpp_custom_sub.cpp.o[0m
[14.806s] [ 58%] Built target dyros_cpp_custom_pub
[14.830s] [ 66%] [32mBuilding CXX object CMakeFiles/dyros_cpp_server.dir/src/dyros_cpp_server.cpp.o[0m
[18.875s] [ 75%] [32m[1mLinking CXX executable dyros_cpp_server[0m
[19.153s] [ 75%] Built target dyros_cpp_server
[19.206s] [ 83%] [32mBuilding CXX object CMakeFiles/dyros_cpp_client.dir/src/dyros_cpp_client.cpp.o[0m
[25.425s] [ 91%] [32m[1mLinking CXX executable dyros_cpp_client[0m
[26.004s] [ 91%] Built target dyros_cpp_client
[26.459s] [100%] [32m[1mLinking CXX executable dyros_cpp_custom_sub[0m
[27.002s] [100%] Built target dyros_cpp_custom_sub
[27.145s] Invoked command in '/home/dyros/ros2_ws2/build/dyros_cmake' returned '0': CMAKE_PREFIX_PATH=${CMAKE_PREFIX_PATH}:/home/dyros/ros2_ws/install/dyros_python:/opt/ros/humble /usr/bin/cmake --build /home/dyros/ros2_ws2/build/dyros_cmake -- -j2 -l2
[27.285s] Invoking command in '/home/dyros/ros2_ws2/build/dyros_cmake': CMAKE_PREFIX_PATH=${CMAKE_PREFIX_PATH}:/home/dyros/ros2_ws/install/dyros_python:/opt/ros/humble /usr/bin/cmake --install /home/dyros/ros2_ws2/build/dyros_cmake
[27.296s] -- Install configuration: ""
[27.297s] -- Installing: /home/dyros/ros2_ws2/install/dyros_cmake/lib/dyros_cmake/dyros_cpp_pub
[27.301s] -- Set runtime path of "/home/dyros/ros2_ws2/install/dyros_cmake/lib/dyros_cmake/dyros_cpp_pub" to ""
[27.301s] -- Installing: /home/dyros/ros2_ws2/install/dyros_cmake/lib/dyros_cmake/dyros_cpp_sub
[27.308s] -- Set runtime path of "/home/dyros/ros2_ws2/install/dyros_cmake/lib/dyros_cmake/dyros_cpp_sub" to ""
[27.308s] -- Installing: /home/dyros/ros2_ws2/install/dyros_cmake/lib/dyros_cmake/dyros_cpp_custom_pub
[27.311s] -- Set runtime path of "/home/dyros/ros2_ws2/install/dyros_cmake/lib/dyros_cmake/dyros_cpp_custom_pub" to ""
[27.311s] -- Installing: /home/dyros/ros2_ws2/install/dyros_cmake/lib/dyros_cmake/dyros_cpp_custom_sub
[27.314s] -- Set runtime path of "/home/dyros/ros2_ws2/install/dyros_cmake/lib/dyros_cmake/dyros_cpp_custom_sub" to ""
[27.315s] -- Installing: /home/dyros/ros2_ws2/install/dyros_cmake/lib/dyros_cmake/dyros_cpp_client
[27.316s] -- Set runtime path of "/home/dyros/ros2_ws2/install/dyros_cmake/lib/dyros_cmake/dyros_cpp_client" to ""
[27.316s] -- Installing: /home/dyros/ros2_ws2/install/dyros_cmake/lib/dyros_cmake/dyros_cpp_server
[27.317s] -- Set runtime path of "/home/dyros/ros2_ws2/install/dyros_cmake/lib/dyros_cmake/dyros_cpp_server" to ""
[27.318s] -- Installing: /home/dyros/ros2_ws2/install/dyros_cmake/share/dyros_cmake/launch
[27.319s] -- Installing: /home/dyros/ros2_ws2/install/dyros_cmake/share/dyros_cmake/launch/dyros_cpp_launch.py
[27.319s] -- Installing: /home/dyros/ros2_ws2/install/dyros_cmake/share/dyros_cmake/launch/__pycache__
[27.320s] -- Installing: /home/dyros/ros2_ws2/install/dyros_cmake/share/dyros_cmake/launch/__pycache__/dyros_cpp_launch.cpython-310.pyc
[27.320s] -- Installing: /home/dyros/ros2_ws2/install/dyros_cmake/share/dyros_cmake/launch/dyros_cpp_launch.xml
[27.322s] -- Installing: /home/dyros/ros2_ws2/install/dyros_cmake/share/ament_index/resource_index/package_run_dependencies/dyros_cmake
[27.323s] -- Installing: /home/dyros/ros2_ws2/install/dyros_cmake/share/ament_index/resource_index/parent_prefix_path/dyros_cmake
[27.325s] -- Installing: /home/dyros/ros2_ws2/install/dyros_cmake/share/dyros_cmake/environment/ament_prefix_path.sh
[27.326s] -- Installing: /home/dyros/ros2_ws2/install/dyros_cmake/share/dyros_cmake/environment/ament_prefix_path.dsv
[27.326s] -- Installing: /home/dyros/ros2_ws2/install/dyros_cmake/share/dyros_cmake/environment/path.sh
[27.327s] -- Installing: /home/dyros/ros2_ws2/install/dyros_cmake/share/dyros_cmake/environment/path.dsv
[27.328s] -- Installing: /home/dyros/ros2_ws2/install/dyros_cmake/share/dyros_cmake/local_setup.bash
[27.328s] -- Installing: /home/dyros/ros2_ws2/install/dyros_cmake/share/dyros_cmake/local_setup.sh
[27.329s] -- Installing: /home/dyros/ros2_ws2/install/dyros_cmake/share/dyros_cmake/local_setup.zsh
[27.329s] -- Installing: /home/dyros/ros2_ws2/install/dyros_cmake/share/dyros_cmake/local_setup.dsv
[27.330s] -- Installing: /home/dyros/ros2_ws2/install/dyros_cmake/share/dyros_cmake/package.dsv
[27.331s] -- Installing: /home/dyros/ros2_ws2/install/dyros_cmake/share/ament_index/resource_index/packages/dyros_cmake
[27.331s] -- Installing: /home/dyros/ros2_ws2/install/dyros_cmake/share/dyros_cmake/cmake/dyros_cmakeConfig.cmake
[27.331s] -- Installing: /home/dyros/ros2_ws2/install/dyros_cmake/share/dyros_cmake/cmake/dyros_cmakeConfig-version.cmake
[27.332s] -- Installing: /home/dyros/ros2_ws2/install/dyros_cmake/share/dyros_cmake/package.xml
[27.347s] Invoked command in '/home/dyros/ros2_ws2/build/dyros_cmake' returned '0': CMAKE_PREFIX_PATH=${CMAKE_PREFIX_PATH}:/home/dyros/ros2_ws/install/dyros_python:/opt/ros/humble /usr/bin/cmake --install /home/dyros/ros2_ws2/build/dyros_cmake
