[0.047s] Invoking command in '/home/dyros/ros2_ws2/build/dyros_urdf_tf': CMAKE_PREFIX_PATH=${CMAKE_PREFIX_PATH}:/home/dyros/ros2_ws/install/dyros_python:/opt/ros/humble /usr/bin/cmake /home/dyros/ros2_ws2/src/dyros_urdf_tf -DCMAKE_INSTALL_PREFIX=/home/dyros/ros2_ws2/install/dyros_urdf_tf
[0.323s] -- The C compiler identification is GNU 11.3.0
[0.482s] -- The CXX compiler identification is GNU 11.3.0
[0.543s] -- Detecting C compiler ABI info
[0.801s] -- Detecting C compiler ABI info - done
[0.822s] -- Check for working C compiler: /usr/bin/cc - skipped
[0.835s] -- Detecting C compile features
[0.839s] -- Detecting C compile features - done
[0.851s] -- Detecting CXX compiler ABI info
[1.086s] -- Detecting CXX compiler ABI info - done
[1.109s] -- Check for working CXX compiler: /usr/bin/c++ - skipped
[1.109s] -- Detecting CXX compile features
[1.110s] -- Detecting CXX compile features - done
[1.165s] -- Found ament_cmake: 1.3.3 (/opt/ros/humble/share/ament_cmake/cmake)
[1.636s] -- Found Python3: /usr/bin/python3.10 (found version "3.10.6") found components: Interpreter 
[2.016s] -- Found ament_lint_auto: 0.12.4 (/opt/ros/humble/share/ament_lint_auto/cmake)
[2.289s] -- Added test 'flake8' to check Python code syntax and style conventions
[2.293s] -- Added test 'lint_cmake' to check CMake code style
[2.296s] -- Added test 'pep257' to check Python code against some of the docstring style conventions in PEP 257
[2.304s] -- Added test 'xmllint' to check XML markup files
[2.311s] -- Configuring done
[2.320s] -- Generating done
[2.324s] -- Build files have been written to: /home/dyros/ros2_ws2/build/dyros_urdf_tf
[2.348s] Invoked command in '/home/dyros/ros2_ws2/build/dyros_urdf_tf' returned '0': CMAKE_PREFIX_PATH=${CMAKE_PREFIX_PATH}:/home/dyros/ros2_ws/install/dyros_python:/opt/ros/humble /usr/bin/cmake /home/dyros/ros2_ws2/src/dyros_urdf_tf -DCMAKE_INSTALL_PREFIX=/home/dyros/ros2_ws2/install/dyros_urdf_tf
[2.349s] Invoking command in '/home/dyros/ros2_ws2/build/dyros_urdf_tf': CMAKE_PREFIX_PATH=${CMAKE_PREFIX_PATH}:/home/dyros/ros2_ws/install/dyros_python:/opt/ros/humble /usr/bin/cmake --build /home/dyros/ros2_ws2/build/dyros_urdf_tf -- -j2 -l2
[2.468s] Invoked command in '/home/dyros/ros2_ws2/build/dyros_urdf_tf' returned '0': CMAKE_PREFIX_PATH=${CMAKE_PREFIX_PATH}:/home/dyros/ros2_ws/install/dyros_python:/opt/ros/humble /usr/bin/cmake --build /home/dyros/ros2_ws2/build/dyros_urdf_tf -- -j2 -l2
[2.572s] Invoking command in '/home/dyros/ros2_ws2/build/dyros_urdf_tf': CMAKE_PREFIX_PATH=${CMAKE_PREFIX_PATH}:/home/dyros/ros2_ws/install/dyros_python:/opt/ros/humble /usr/bin/cmake --install /home/dyros/ros2_ws2/build/dyros_urdf_tf
[2.598s] -- Install configuration: ""
[2.600s] -- Installing: /home/dyros/ros2_ws2/install/dyros_urdf_tf/share/dyros_urdf_tf/launch
[2.600s] -- Installing: /home/dyros/ros2_ws2/install/dyros_urdf_tf/share/dyros_urdf_tf/launch/dyros_robot_display_launch.py
[2.621s] -- Installing: /home/dyros/ros2_ws2/install/dyros_urdf_tf/share/ament_index/resource_index/package_run_dependencies/dyros_urdf_tf
[2.621s] -- Installing: /home/dyros/ros2_ws2/install/dyros_urdf_tf/share/ament_index/resource_index/parent_prefix_path/dyros_urdf_tf
[2.621s] -- Installing: /home/dyros/ros2_ws2/install/dyros_urdf_tf/share/dyros_urdf_tf/environment/ament_prefix_path.sh
[2.622s] -- Installing: /home/dyros/ros2_ws2/install/dyros_urdf_tf/share/dyros_urdf_tf/environment/ament_prefix_path.dsv
[2.622s] -- Installing: /home/dyros/ros2_ws2/install/dyros_urdf_tf/share/dyros_urdf_tf/environment/path.sh
[2.622s] -- Installing: /home/dyros/ros2_ws2/install/dyros_urdf_tf/share/dyros_urdf_tf/environment/path.dsv
[2.623s] -- Installing: /home/dyros/ros2_ws2/install/dyros_urdf_tf/share/dyros_urdf_tf/local_setup.bash
[2.623s] -- Installing: /home/dyros/ros2_ws2/install/dyros_urdf_tf/share/dyros_urdf_tf/local_setup.sh
[2.623s] -- Installing: /home/dyros/ros2_ws2/install/dyros_urdf_tf/share/dyros_urdf_tf/local_setup.zsh
[2.623s] -- Installing: /home/dyros/ros2_ws2/install/dyros_urdf_tf/share/dyros_urdf_tf/local_setup.dsv
[2.624s] -- Installing: /home/dyros/ros2_ws2/install/dyros_urdf_tf/share/dyros_urdf_tf/package.dsv
[2.625s] -- Installing: /home/dyros/ros2_ws2/install/dyros_urdf_tf/share/ament_index/resource_index/packages/dyros_urdf_tf
[2.625s] -- Installing: /home/dyros/ros2_ws2/install/dyros_urdf_tf/share/dyros_urdf_tf/cmake/dyros_urdf_tfConfig.cmake
[2.626s] -- Installing: /home/dyros/ros2_ws2/install/dyros_urdf_tf/share/dyros_urdf_tf/cmake/dyros_urdf_tfConfig-version.cmake
[2.626s] -- Installing: /home/dyros/ros2_ws2/install/dyros_urdf_tf/share/dyros_urdf_tf/package.xml
[2.637s] Invoked command in '/home/dyros/ros2_ws2/build/dyros_urdf_tf' returned '0': CMAKE_PREFIX_PATH=${CMAKE_PREFIX_PATH}:/home/dyros/ros2_ws/install/dyros_python:/opt/ros/humble /usr/bin/cmake --install /home/dyros/ros2_ws2/build/dyros_urdf_tf
