[0.016s] Invoking command in '/home/dyros/ros2_ws/build/moveit_api_tutorial': CMAKE_PREFIX_PATH=${CMAKE_PREFIX_PATH}:/opt/ros/humble /usr/bin/cmake --build /home/dyros/ros2_ws/build/moveit_api_tutorial -- -j4 -l4
[0.069s] [35m[1mConsolidate compiler generated dependencies of target moveit_cpp_interface[0m
[0.105s] [100%] Built target moveit_cpp_interface
[0.124s] Invoked command in '/home/dyros/ros2_ws/build/moveit_api_tutorial' returned '0': CMAKE_PREFIX_PATH=${CMAKE_PREFIX_PATH}:/opt/ros/humble /usr/bin/cmake --build /home/dyros/ros2_ws/build/moveit_api_tutorial -- -j4 -l4
[0.197s] Invoking command in '/home/dyros/ros2_ws/build/moveit_api_tutorial': CMAKE_PREFIX_PATH=${CMAKE_PREFIX_PATH}:/opt/ros/humble /usr/bin/cmake --install /home/dyros/ros2_ws/build/moveit_api_tutorial
[0.207s] -- Install configuration: ""
[0.207s] -- Up-to-date: /home/dyros/ros2_ws/install/moveit_api_tutorial/lib/moveit_api_tutorial/moveit_cpp_interface
[0.207s] -- Up-to-date: /home/dyros/ros2_ws/install/moveit_api_tutorial/share/ament_index/resource_index/package_run_dependencies/moveit_api_tutorial
[0.207s] -- Up-to-date: /home/dyros/ros2_ws/install/moveit_api_tutorial/share/ament_index/resource_index/parent_prefix_path/moveit_api_tutorial
[0.208s] -- Up-to-date: /home/dyros/ros2_ws/install/moveit_api_tutorial/share/moveit_api_tutorial/environment/ament_prefix_path.sh
[0.208s] -- Up-to-date: /home/dyros/ros2_ws/install/moveit_api_tutorial/share/moveit_api_tutorial/environment/ament_prefix_path.dsv
[0.208s] -- Up-to-date: /home/dyros/ros2_ws/install/moveit_api_tutorial/share/moveit_api_tutorial/environment/path.sh
[0.208s] -- Up-to-date: /home/dyros/ros2_ws/install/moveit_api_tutorial/share/moveit_api_tutorial/environment/path.dsv
[0.208s] -- Up-to-date: /home/dyros/ros2_ws/install/moveit_api_tutorial/share/moveit_api_tutorial/local_setup.bash
[0.208s] -- Up-to-date: /home/dyros/ros2_ws/install/moveit_api_tutorial/share/moveit_api_tutorial/local_setup.sh
[0.208s] -- Up-to-date: /home/dyros/ros2_ws/install/moveit_api_tutorial/share/moveit_api_tutorial/local_setup.zsh
[0.208s] -- Up-to-date: /home/dyros/ros2_ws/install/moveit_api_tutorial/share/moveit_api_tutorial/local_setup.dsv
[0.208s] -- Installing: /home/dyros/ros2_ws/install/moveit_api_tutorial/share/moveit_api_tutorial/package.dsv
[0.209s] -- Up-to-date: /home/dyros/ros2_ws/install/moveit_api_tutorial/share/ament_index/resource_index/packages/moveit_api_tutorial
[0.209s] -- Up-to-date: /home/dyros/ros2_ws/install/moveit_api_tutorial/share/moveit_api_tutorial/cmake/moveit_api_tutorialConfig.cmake
[0.209s] -- Up-to-date: /home/dyros/ros2_ws/install/moveit_api_tutorial/share/moveit_api_tutorial/cmake/moveit_api_tutorialConfig-version.cmake
[0.209s] -- Up-to-date: /home/dyros/ros2_ws/install/moveit_api_tutorial/share/moveit_api_tutorial/package.xml
[0.211s] Invoked command in '/home/dyros/ros2_ws/build/moveit_api_tutorial' returned '0': CMAKE_PREFIX_PATH=${CMAKE_PREFIX_PATH}:/opt/ros/humble /usr/bin/cmake --install /home/dyros/ros2_ws/build/moveit_api_tutorial
