[0.017s] Invoking command in '/home/dyros/ros2_ws/build/panda_moveit_config': CMAKE_PREFIX_PATH=/home/dyros/ros2_ws/install/franka_description:/home/dyros/ros2_ws/install/panda_moveit_config:/home/dyros/ros2_ws/install/moveit_sim_interface:/home/dyros/ros2_ws/install/dyros_urdf_tf:/home/dyros/ros2_ws/install/dyros_cmake:/home/dyros/ros2_ws/install/dyros_tf2:/home/dyros/ros2_ws/install/dyros_python:/opt/ros/humble /usr/bin/cmake /home/dyros/ros2_ws/src/panda_moveit_config -DCMAKE_INSTALL_PREFIX=/home/dyros/ros2_ws/install/panda_moveit_config
[0.216s] -- The C compiler identification is GNU 11.3.0
[0.378s] -- The CXX compiler identification is GNU 11.3.0
[0.396s] -- Detecting C compiler ABI info
[0.582s] -- Detecting C compiler ABI info - done
[0.582s] -- Check for working C compiler: /usr/bin/cc - skipped
[0.582s] -- Detecting C compile features
[0.582s] -- Detecting C compile features - done
[0.583s] -- Detecting CXX compiler ABI info
[0.803s] -- Detecting CXX compiler ABI info - done
[0.817s] -- Check for working CXX compiler: /usr/bin/c++ - skipped
[0.818s] -- Detecting CXX compile features
[0.819s] -- Detecting CXX compile features - done
[0.827s] -- Found ament_cmake: 1.3.3 (/opt/ros/humble/share/ament_cmake/cmake)
[1.217s] -- Found Python3: /usr/bin/python3.10 (found version "3.10.6") found components: Interpreter 
[1.699s] -- Configuring done
[1.702s] -- Generating done
[1.703s] -- Build files have been written to: /home/dyros/ros2_ws/build/panda_moveit_config
[1.740s] Invoked command in '/home/dyros/ros2_ws/build/panda_moveit_config' returned '0': CMAKE_PREFIX_PATH=/home/dyros/ros2_ws/install/franka_description:/home/dyros/ros2_ws/install/panda_moveit_config:/home/dyros/ros2_ws/install/moveit_sim_interface:/home/dyros/ros2_ws/install/dyros_urdf_tf:/home/dyros/ros2_ws/install/dyros_cmake:/home/dyros/ros2_ws/install/dyros_tf2:/home/dyros/ros2_ws/install/dyros_python:/opt/ros/humble /usr/bin/cmake /home/dyros/ros2_ws/src/panda_moveit_config -DCMAKE_INSTALL_PREFIX=/home/dyros/ros2_ws/install/panda_moveit_config
[1.740s] Invoking command in '/home/dyros/ros2_ws/build/panda_moveit_config': CMAKE_PREFIX_PATH=/home/dyros/ros2_ws/install/franka_description:/home/dyros/ros2_ws/install/panda_moveit_config:/home/dyros/ros2_ws/install/moveit_sim_interface:/home/dyros/ros2_ws/install/dyros_urdf_tf:/home/dyros/ros2_ws/install/dyros_cmake:/home/dyros/ros2_ws/install/dyros_tf2:/home/dyros/ros2_ws/install/dyros_python:/opt/ros/humble /usr/bin/cmake --build /home/dyros/ros2_ws/build/panda_moveit_config -- -j2 -l2
[1.848s] Invoked command in '/home/dyros/ros2_ws/build/panda_moveit_config' returned '0': CMAKE_PREFIX_PATH=/home/dyros/ros2_ws/install/franka_description:/home/dyros/ros2_ws/install/panda_moveit_config:/home/dyros/ros2_ws/install/moveit_sim_interface:/home/dyros/ros2_ws/install/dyros_urdf_tf:/home/dyros/ros2_ws/install/dyros_cmake:/home/dyros/ros2_ws/install/dyros_tf2:/home/dyros/ros2_ws/install/dyros_python:/opt/ros/humble /usr/bin/cmake --build /home/dyros/ros2_ws/build/panda_moveit_config -- -j2 -l2
[1.916s] Invoking command in '/home/dyros/ros2_ws/build/panda_moveit_config': CMAKE_PREFIX_PATH=/home/dyros/ros2_ws/install/franka_description:/home/dyros/ros2_ws/install/panda_moveit_config:/home/dyros/ros2_ws/install/moveit_sim_interface:/home/dyros/ros2_ws/install/dyros_urdf_tf:/home/dyros/ros2_ws/install/dyros_cmake:/home/dyros/ros2_ws/install/dyros_tf2:/home/dyros/ros2_ws/install/dyros_python:/opt/ros/humble /usr/bin/cmake --install /home/dyros/ros2_ws/build/panda_moveit_config
[1.930s] -- Install configuration: ""
[1.931s] -- Installing: /home/dyros/ros2_ws/install/panda_moveit_config/share/ament_index/resource_index/package_run_dependencies/panda_moveit_config
[1.931s] -- Installing: /home/dyros/ros2_ws/install/panda_moveit_config/share/ament_index/resource_index/parent_prefix_path/panda_moveit_config
[1.932s] -- Installing: /home/dyros/ros2_ws/install/panda_moveit_config/share/panda_moveit_config/environment/ament_prefix_path.sh
[1.939s] -- Installing: /home/dyros/ros2_ws/install/panda_moveit_config/share/panda_moveit_config/environment/ament_prefix_path.dsv
[1.939s] -- Installing: /home/dyros/ros2_ws/install/panda_moveit_config/share/panda_moveit_config/environment/path.sh
[1.940s] -- Installing: /home/dyros/ros2_ws/install/panda_moveit_config/share/panda_moveit_config/environment/path.dsv
[1.940s] -- Installing: /home/dyros/ros2_ws/install/panda_moveit_config/share/panda_moveit_config/local_setup.bash
[1.940s] -- Installing: /home/dyros/ros2_ws/install/panda_moveit_config/share/panda_moveit_config/local_setup.sh
[1.942s] -- Installing: /home/dyros/ros2_ws/install/panda_moveit_config/share/panda_moveit_config/local_setup.zsh
[1.942s] -- Installing: /home/dyros/ros2_ws/install/panda_moveit_config/share/panda_moveit_config/local_setup.dsv
[1.944s] -- Installing: /home/dyros/ros2_ws/install/panda_moveit_config/share/panda_moveit_config/package.dsv
[1.944s] -- Installing: /home/dyros/ros2_ws/install/panda_moveit_config/share/ament_index/resource_index/packages/panda_moveit_config
[1.947s] -- Installing: /home/dyros/ros2_ws/install/panda_moveit_config/share/panda_moveit_config/cmake/panda_moveit_configConfig.cmake
[1.947s] -- Installing: /home/dyros/ros2_ws/install/panda_moveit_config/share/panda_moveit_config/cmake/panda_moveit_configConfig-version.cmake
[1.948s] -- Installing: /home/dyros/ros2_ws/install/panda_moveit_config/share/panda_moveit_config/package.xml
[1.950s] -- Installing: /home/dyros/ros2_ws/install/panda_moveit_config/share/panda_moveit_config/launch
[1.958s] -- Installing: /home/dyros/ros2_ws/install/panda_moveit_config/share/panda_moveit_config/launch/warehouse_db.launch.py
[1.959s] -- Installing: /home/dyros/ros2_ws/install/panda_moveit_config/share/panda_moveit_config/launch/spawn_controllers.launch.py
[1.959s] -- Installing: /home/dyros/ros2_ws/install/panda_moveit_config/share/panda_moveit_config/launch/move_group.launch.py
[1.959s] -- Installing: /home/dyros/ros2_ws/install/panda_moveit_config/share/panda_moveit_config/launch/setup_assistant.launch.py
[1.959s] -- Installing: /home/dyros/ros2_ws/install/panda_moveit_config/share/panda_moveit_config/launch/demo.launch.py
[1.960s] -- Installing: /home/dyros/ros2_ws/install/panda_moveit_config/share/panda_moveit_config/launch/rsp.launch.py
[1.960s] -- Installing: /home/dyros/ros2_ws/install/panda_moveit_config/share/panda_moveit_config/launch/static_virtual_joint_tfs.launch.py
[1.960s] -- Installing: /home/dyros/ros2_ws/install/panda_moveit_config/share/panda_moveit_config/launch/moveit_rviz.launch.py
[1.961s] -- Installing: /home/dyros/ros2_ws/install/panda_moveit_config/share/panda_moveit_config/config
[1.964s] -- Installing: /home/dyros/ros2_ws/install/panda_moveit_config/share/panda_moveit_config/config/initial_positions.yaml
[1.965s] -- Installing: /home/dyros/ros2_ws/install/panda_moveit_config/share/panda_moveit_config/config/panda.srdf
[1.965s] -- Installing: /home/dyros/ros2_ws/install/panda_moveit_config/share/panda_moveit_config/config/moveit_controllers.yaml
[1.966s] -- Installing: /home/dyros/ros2_ws/install/panda_moveit_config/share/panda_moveit_config/config/panda.ros2_control.xacro
[1.967s] -- Installing: /home/dyros/ros2_ws/install/panda_moveit_config/share/panda_moveit_config/config/ros2_controllers.yaml
[1.968s] -- Installing: /home/dyros/ros2_ws/install/panda_moveit_config/share/panda_moveit_config/config/moveit.rviz
[1.969s] -- Installing: /home/dyros/ros2_ws/install/panda_moveit_config/share/panda_moveit_config/config/pilz_cartesian_limits.yaml
[1.969s] -- Installing: /home/dyros/ros2_ws/install/panda_moveit_config/share/panda_moveit_config/config/joint_limits.yaml
[1.970s] -- Installing: /home/dyros/ros2_ws/install/panda_moveit_config/share/panda_moveit_config/config/kinematics.yaml
[1.970s] -- Installing: /home/dyros/ros2_ws/install/panda_moveit_config/share/panda_moveit_config/config/sensors_3d.yaml
[1.970s] -- Installing: /home/dyros/ros2_ws/install/panda_moveit_config/share/panda_moveit_config/config/panda.urdf.xacro
[1.971s] -- Installing: /home/dyros/ros2_ws/install/panda_moveit_config/share/panda_moveit_config/.setup_assistant
[1.977s] Invoked command in '/home/dyros/ros2_ws/build/panda_moveit_config' returned '0': CMAKE_PREFIX_PATH=/home/dyros/ros2_ws/install/franka_description:/home/dyros/ros2_ws/install/panda_moveit_config:/home/dyros/ros2_ws/install/moveit_sim_interface:/home/dyros/ros2_ws/install/dyros_urdf_tf:/home/dyros/ros2_ws/install/dyros_cmake:/home/dyros/ros2_ws/install/dyros_tf2:/home/dyros/ros2_ws/install/dyros_python:/opt/ros/humble /usr/bin/cmake --install /home/dyros/ros2_ws/build/panda_moveit_config
