[0.294s] DEBUG:colcon:Command line arguments: ['/usr/bin/colcon', 'build']
[0.294s] DEBUG:colcon:Parsed command line arguments: Namespace(log_base=None, log_level=None, verb_name='build', build_base='build', install_base='install', merge_install=False, symlink_install=False, test_result_base=None, continue_on_error=False, executor='parallel', parallel_workers=2, event_handlers=None, ignore_user_meta=False, metas=['./colcon.meta'], base_paths=['.'], packages_ignore=None, packages_ignore_regex=None, paths=None, packages_up_to=None, packages_up_to_regex=None, packages_above=None, packages_above_and_dependencies=None, packages_above_depth=None, packages_select_by_dep=None, packages_skip_by_dep=None, packages_skip_up_to=None, packages_select_build_failed=False, packages_skip_build_finished=False, packages_select_test_failures=False, packages_skip_test_passed=False, packages_select=None, packages_skip=None, packages_select_regex=None, packages_skip_regex=None, packages_start=None, packages_end=None, allow_overriding=[], cmake_args=None, cmake_target=None, cmake_target_skip_unavailable=False, cmake_clean_cache=False, cmake_clean_first=False, cmake_force_configure=False, ament_cmake_args=None, catkin_cmake_args=None, catkin_skip_building_tests=False, verb_parser=<colcon_defaults.argument_parser.defaults.DefaultArgumentsDecorator object at 0x7fd8aa298f10>, verb_extension=<colcon_core.verb.build.BuildVerb object at 0x7fd8aa2989a0>, main=<bound method BuildVerb.main of <colcon_core.verb.build.BuildVerb object at 0x7fd8aa2989a0>>)
[0.353s] Level 1:colcon.colcon_core.package_discovery:discover_packages(colcon_meta) check parameters
[0.353s] Level 1:colcon.colcon_core.package_discovery:discover_packages(recursive) check parameters
[0.353s] Level 1:colcon.colcon_core.package_discovery:discover_packages(ignore) check parameters
[0.353s] Level 1:colcon.colcon_core.package_discovery:discover_packages(path) check parameters
[0.353s] Level 1:colcon.colcon_core.package_discovery:discover_packages(colcon_meta) discover
[0.353s] Level 1:colcon.colcon_core.package_discovery:discover_packages(recursive) discover
[0.353s] INFO:colcon.colcon_core.package_discovery:Crawling recursively for packages in '/home/dyros/ros2_ws'
[0.353s] Level 1:colcon.colcon_core.package_identification:_identify(.) by extensions ['ignore', 'ignore_ament_install']
[0.353s] Level 1:colcon.colcon_core.package_identification:_identify(.) by extension 'ignore'
[0.354s] Level 1:colcon.colcon_core.package_identification:_identify(.) by extension 'ignore_ament_install'
[0.354s] Level 1:colcon.colcon_core.package_identification:_identify(.) by extensions ['colcon_pkg']
[0.354s] Level 1:colcon.colcon_core.package_identification:_identify(.) by extension 'colcon_pkg'
[0.354s] Level 1:colcon.colcon_core.package_identification:_identify(.) by extensions ['colcon_meta']
[0.354s] Level 1:colcon.colcon_core.package_identification:_identify(.) by extension 'colcon_meta'
[0.354s] Level 1:colcon.colcon_core.package_identification:_identify(.) by extensions ['ros']
[0.354s] Level 1:colcon.colcon_core.package_identification:_identify(.) by extension 'ros'
[0.381s] Level 1:colcon.colcon_core.package_identification:_identify(.) by extensions ['cmake', 'python']
[0.382s] Level 1:colcon.colcon_core.package_identification:_identify(.) by extension 'cmake'
[0.382s] Level 1:colcon.colcon_core.package_identification:_identify(.) by extension 'python'
[0.382s] Level 1:colcon.colcon_core.package_identification:_identify(.) by extensions ['python_setup_py']
[0.382s] Level 1:colcon.colcon_core.package_identification:_identify(.) by extension 'python_setup_py'
[0.382s] Level 1:colcon.colcon_core.package_identification:_identify(build) by extensions ['ignore', 'ignore_ament_install']
[0.382s] Level 1:colcon.colcon_core.package_identification:_identify(build) by extension 'ignore'
[0.382s] Level 1:colcon.colcon_core.package_identification:_identify(build) ignored
[0.382s] Level 1:colcon.colcon_core.package_identification:_identify(install) by extensions ['ignore', 'ignore_ament_install']
[0.382s] Level 1:colcon.colcon_core.package_identification:_identify(install) by extension 'ignore'
[0.382s] Level 1:colcon.colcon_core.package_identification:_identify(install) ignored
[0.382s] Level 1:colcon.colcon_core.package_identification:_identify(log) by extensions ['ignore', 'ignore_ament_install']
[0.382s] Level 1:colcon.colcon_core.package_identification:_identify(log) by extension 'ignore'
[0.382s] Level 1:colcon.colcon_core.package_identification:_identify(log) ignored
[0.383s] Level 1:colcon.colcon_core.package_identification:_identify(src) by extensions ['ignore', 'ignore_ament_install']
[0.383s] Level 1:colcon.colcon_core.package_identification:_identify(src) by extension 'ignore'
[0.383s] Level 1:colcon.colcon_core.package_identification:_identify(src) by extension 'ignore_ament_install'
[0.383s] Level 1:colcon.colcon_core.package_identification:_identify(src) by extensions ['colcon_pkg']
[0.383s] Level 1:colcon.colcon_core.package_identification:_identify(src) by extension 'colcon_pkg'
[0.383s] Level 1:colcon.colcon_core.package_identification:_identify(src) by extensions ['colcon_meta']
[0.383s] Level 1:colcon.colcon_core.package_identification:_identify(src) by extension 'colcon_meta'
[0.383s] Level 1:colcon.colcon_core.package_identification:_identify(src) by extensions ['ros']
[0.383s] Level 1:colcon.colcon_core.package_identification:_identify(src) by extension 'ros'
[0.383s] Level 1:colcon.colcon_core.package_identification:_identify(src) by extensions ['cmake', 'python']
[0.383s] Level 1:colcon.colcon_core.package_identification:_identify(src) by extension 'cmake'
[0.383s] Level 1:colcon.colcon_core.package_identification:_identify(src) by extension 'python'
[0.383s] Level 1:colcon.colcon_core.package_identification:_identify(src) by extensions ['python_setup_py']
[0.383s] Level 1:colcon.colcon_core.package_identification:_identify(src) by extension 'python_setup_py'
[0.383s] Level 1:colcon.colcon_core.package_identification:_identify(src/franka_description) by extensions ['ignore', 'ignore_ament_install']
[0.384s] Level 1:colcon.colcon_core.package_identification:_identify(src/franka_description) by extension 'ignore'
[0.384s] Level 1:colcon.colcon_core.package_identification:_identify(src/franka_description) by extension 'ignore_ament_install'
[0.384s] Level 1:colcon.colcon_core.package_identification:_identify(src/franka_description) by extensions ['colcon_pkg']
[0.384s] Level 1:colcon.colcon_core.package_identification:_identify(src/franka_description) by extension 'colcon_pkg'
[0.384s] Level 1:colcon.colcon_core.package_identification:_identify(src/franka_description) by extensions ['colcon_meta']
[0.384s] Level 1:colcon.colcon_core.package_identification:_identify(src/franka_description) by extension 'colcon_meta'
[0.384s] Level 1:colcon.colcon_core.package_identification:_identify(src/franka_description) by extensions ['ros']
[0.384s] Level 1:colcon.colcon_core.package_identification:_identify(src/franka_description) by extension 'ros'
[0.387s] DEBUG:colcon.colcon_core.package_identification:Package 'src/franka_description' with type 'ros.ament_cmake' and name 'franka_description'
[0.387s] Level 1:colcon.colcon_core.package_identification:_identify(src/moveit_sim_interface) by extensions ['ignore', 'ignore_ament_install']
[0.387s] Level 1:colcon.colcon_core.package_identification:_identify(src/moveit_sim_interface) by extension 'ignore'
[0.387s] Level 1:colcon.colcon_core.package_identification:_identify(src/moveit_sim_interface) by extension 'ignore_ament_install'
[0.387s] Level 1:colcon.colcon_core.package_identification:_identify(src/moveit_sim_interface) by extensions ['colcon_pkg']
[0.387s] Level 1:colcon.colcon_core.package_identification:_identify(src/moveit_sim_interface) by extension 'colcon_pkg'
[0.387s] Level 1:colcon.colcon_core.package_identification:_identify(src/moveit_sim_interface) by extensions ['colcon_meta']
[0.388s] Level 1:colcon.colcon_core.package_identification:_identify(src/moveit_sim_interface) by extension 'colcon_meta'
[0.388s] Level 1:colcon.colcon_core.package_identification:_identify(src/moveit_sim_interface) by extensions ['ros']
[0.388s] Level 1:colcon.colcon_core.package_identification:_identify(src/moveit_sim_interface) by extension 'ros'
[0.389s] DEBUG:colcon.colcon_core.package_identification:Package 'src/moveit_sim_interface' with type 'ros.ament_cmake' and name 'moveit_sim_interface'
[0.390s] Level 1:colcon.colcon_core.package_identification:_identify(src/panda_moveit_config) by extensions ['ignore', 'ignore_ament_install']
[0.390s] Level 1:colcon.colcon_core.package_identification:_identify(src/panda_moveit_config) by extension 'ignore'
[0.390s] Level 1:colcon.colcon_core.package_identification:_identify(src/panda_moveit_config) by extension 'ignore_ament_install'
[0.390s] Level 1:colcon.colcon_core.package_identification:_identify(src/panda_moveit_config) by extensions ['colcon_pkg']
[0.390s] Level 1:colcon.colcon_core.package_identification:_identify(src/panda_moveit_config) by extension 'colcon_pkg'
[0.391s] Level 1:colcon.colcon_core.package_identification:_identify(src/panda_moveit_config) by extensions ['colcon_meta']
[0.391s] Level 1:colcon.colcon_core.package_identification:_identify(src/panda_moveit_config) by extension 'colcon_meta'
[0.391s] Level 1:colcon.colcon_core.package_identification:_identify(src/panda_moveit_config) by extensions ['ros']
[0.391s] Level 1:colcon.colcon_core.package_identification:_identify(src/panda_moveit_config) by extension 'ros'
[0.392s] DEBUG:colcon.colcon_core.package_identification:Package 'src/panda_moveit_config' with type 'ros.ament_cmake' and name 'panda_moveit_config'
[0.392s] Level 1:colcon.colcon_core.package_discovery:discover_packages(recursive) using defaults
[0.392s] Level 1:colcon.colcon_core.package_discovery:discover_packages(ignore) discover
[0.392s] Level 1:colcon.colcon_core.package_discovery:discover_packages(ignore) using defaults
[0.392s] Level 1:colcon.colcon_core.package_discovery:discover_packages(path) discover
[0.392s] Level 1:colcon.colcon_core.package_discovery:discover_packages(path) using defaults
[0.501s] Level 1:colcon.colcon_core.package_discovery:discover_packages(prefix_path) check parameters
[0.502s] Level 1:colcon.colcon_core.package_discovery:discover_packages(prefix_path) discover
[0.525s] WARNING:colcon.colcon_ros.prefix_path.ament:The path '/home/dyros/ros2_ws/install/panda_moveit_config' in the environment variable AMENT_PREFIX_PATH doesn't exist
[0.525s] WARNING:colcon.colcon_ros.prefix_path.ament:The path '/home/dyros/ros2_ws/install/moveit_sim_interface' in the environment variable AMENT_PREFIX_PATH doesn't exist
[0.525s] WARNING:colcon.colcon_ros.prefix_path.ament:The path '/home/dyros/ros2_ws/install/franka_description' in the environment variable AMENT_PREFIX_PATH doesn't exist
[0.526s] WARNING:colcon.colcon_ros.prefix_path.ament:The path '/home/dyros/ros2_ws/install/dyros_urdf_tf' in the environment variable AMENT_PREFIX_PATH doesn't exist
[0.526s] WARNING:colcon.colcon_ros.prefix_path.ament:The path '/home/dyros/ros2_ws/install/dyros_tf2' in the environment variable AMENT_PREFIX_PATH doesn't exist
[0.526s] WARNING:colcon.colcon_ros.prefix_path.ament:The path '/home/dyros/ros2_ws/install/dyros_python' in the environment variable AMENT_PREFIX_PATH doesn't exist
[0.526s] WARNING:colcon.colcon_ros.prefix_path.ament:The path '/home/dyros/ros2_ws/install/dyros_cmake' in the environment variable AMENT_PREFIX_PATH doesn't exist
[0.526s] WARNING:colcon.colcon_ros.prefix_path.catkin:The path '/home/dyros/ros2_ws/install/panda_moveit_config' in the environment variable CMAKE_PREFIX_PATH doesn't exist
[0.526s] WARNING:colcon.colcon_ros.prefix_path.catkin:The path '/home/dyros/ros2_ws/install/moveit_sim_interface' in the environment variable CMAKE_PREFIX_PATH doesn't exist
[0.526s] WARNING:colcon.colcon_ros.prefix_path.catkin:The path '/home/dyros/ros2_ws/install/franka_description' in the environment variable CMAKE_PREFIX_PATH doesn't exist
[0.526s] WARNING:colcon.colcon_ros.prefix_path.catkin:The path '/home/dyros/ros2_ws/install/dyros_urdf_tf' in the environment variable CMAKE_PREFIX_PATH doesn't exist
[0.526s] WARNING:colcon.colcon_ros.prefix_path.catkin:The path '/home/dyros/ros2_ws/install/dyros_cmake' in the environment variable CMAKE_PREFIX_PATH doesn't exist
[0.529s] DEBUG:colcon.colcon_installed_package_information.package_discovery:Found 0 installed packages in /home/dyros/ros2_ws/install
[0.530s] DEBUG:colcon.colcon_installed_package_information.package_discovery:Found 324 installed packages in /opt/ros/humble
[0.532s] Level 1:colcon.colcon_core.package_discovery:discover_packages(prefix_path) using defaults
[0.693s] Level 5:colcon.colcon_core.verb:set package 'franka_description' build argument 'cmake_args' from command line to 'None'
[0.694s] Level 5:colcon.colcon_core.verb:set package 'franka_description' build argument 'cmake_target' from command line to 'None'
[0.694s] Level 5:colcon.colcon_core.verb:set package 'franka_description' build argument 'cmake_target_skip_unavailable' from command line to 'False'
[0.694s] Level 5:colcon.colcon_core.verb:set package 'franka_description' build argument 'cmake_clean_cache' from command line to 'False'
[0.694s] Level 5:colcon.colcon_core.verb:set package 'franka_description' build argument 'cmake_clean_first' from command line to 'False'
[0.694s] Level 5:colcon.colcon_core.verb:set package 'franka_description' build argument 'cmake_force_configure' from command line to 'False'
[0.694s] Level 5:colcon.colcon_core.verb:set package 'franka_description' build argument 'ament_cmake_args' from command line to 'None'
[0.694s] Level 5:colcon.colcon_core.verb:set package 'franka_description' build argument 'catkin_cmake_args' from command line to 'None'
[0.694s] Level 5:colcon.colcon_core.verb:set package 'franka_description' build argument 'catkin_skip_building_tests' from command line to 'False'
[0.694s] DEBUG:colcon.colcon_core.verb:Building package 'franka_description' with the following arguments: {'ament_cmake_args': None, 'build_base': '/home/dyros/ros2_ws/build/franka_description', 'catkin_cmake_args': None, 'catkin_skip_building_tests': False, 'cmake_args': None, 'cmake_clean_cache': False, 'cmake_clean_first': False, 'cmake_force_configure': False, 'cmake_target': None, 'cmake_target_skip_unavailable': False, 'install_base': '/home/dyros/ros2_ws/install/franka_description', 'merge_install': False, 'path': '/home/dyros/ros2_ws/src/franka_description', 'symlink_install': False, 'test_result_base': None}
[0.695s] Level 5:colcon.colcon_core.verb:set package 'moveit_sim_interface' build argument 'cmake_args' from command line to 'None'
[0.695s] Level 5:colcon.colcon_core.verb:set package 'moveit_sim_interface' build argument 'cmake_target' from command line to 'None'
[0.695s] Level 5:colcon.colcon_core.verb:set package 'moveit_sim_interface' build argument 'cmake_target_skip_unavailable' from command line to 'False'
[0.695s] Level 5:colcon.colcon_core.verb:set package 'moveit_sim_interface' build argument 'cmake_clean_cache' from command line to 'False'
[0.695s] Level 5:colcon.colcon_core.verb:set package 'moveit_sim_interface' build argument 'cmake_clean_first' from command line to 'False'
[0.695s] Level 5:colcon.colcon_core.verb:set package 'moveit_sim_interface' build argument 'cmake_force_configure' from command line to 'False'
[0.695s] Level 5:colcon.colcon_core.verb:set package 'moveit_sim_interface' build argument 'ament_cmake_args' from command line to 'None'
[0.695s] Level 5:colcon.colcon_core.verb:set package 'moveit_sim_interface' build argument 'catkin_cmake_args' from command line to 'None'
[0.695s] Level 5:colcon.colcon_core.verb:set package 'moveit_sim_interface' build argument 'catkin_skip_building_tests' from command line to 'False'
[0.698s] DEBUG:colcon.colcon_core.verb:Building package 'moveit_sim_interface' with the following arguments: {'ament_cmake_args': None, 'build_base': '/home/dyros/ros2_ws/build/moveit_sim_interface', 'catkin_cmake_args': None, 'catkin_skip_building_tests': False, 'cmake_args': None, 'cmake_clean_cache': False, 'cmake_clean_first': False, 'cmake_force_configure': False, 'cmake_target': None, 'cmake_target_skip_unavailable': False, 'install_base': '/home/dyros/ros2_ws/install/moveit_sim_interface', 'merge_install': False, 'path': '/home/dyros/ros2_ws/src/moveit_sim_interface', 'symlink_install': False, 'test_result_base': None}
[0.699s] Level 5:colcon.colcon_core.verb:set package 'panda_moveit_config' build argument 'cmake_args' from command line to 'None'
[0.699s] Level 5:colcon.colcon_core.verb:set package 'panda_moveit_config' build argument 'cmake_target' from command line to 'None'
[0.699s] Level 5:colcon.colcon_core.verb:set package 'panda_moveit_config' build argument 'cmake_target_skip_unavailable' from command line to 'False'
[0.699s] Level 5:colcon.colcon_core.verb:set package 'panda_moveit_config' build argument 'cmake_clean_cache' from command line to 'False'
[0.699s] Level 5:colcon.colcon_core.verb:set package 'panda_moveit_config' build argument 'cmake_clean_first' from command line to 'False'
[0.699s] Level 5:colcon.colcon_core.verb:set package 'panda_moveit_config' build argument 'cmake_force_configure' from command line to 'False'
[0.700s] Level 5:colcon.colcon_core.verb:set package 'panda_moveit_config' build argument 'ament_cmake_args' from command line to 'None'
[0.700s] Level 5:colcon.colcon_core.verb:set package 'panda_moveit_config' build argument 'catkin_cmake_args' from command line to 'None'
[0.700s] Level 5:colcon.colcon_core.verb:set package 'panda_moveit_config' build argument 'catkin_skip_building_tests' from command line to 'False'
[0.700s] DEBUG:colcon.colcon_core.verb:Building package 'panda_moveit_config' with the following arguments: {'ament_cmake_args': None, 'build_base': '/home/dyros/ros2_ws/build/panda_moveit_config', 'catkin_cmake_args': None, 'catkin_skip_building_tests': False, 'cmake_args': None, 'cmake_clean_cache': False, 'cmake_clean_first': False, 'cmake_force_configure': False, 'cmake_target': None, 'cmake_target_skip_unavailable': False, 'install_base': '/home/dyros/ros2_ws/install/panda_moveit_config', 'merge_install': False, 'path': '/home/dyros/ros2_ws/src/panda_moveit_config', 'symlink_install': False, 'test_result_base': None}
[0.701s] INFO:colcon.colcon_core.executor:Executing jobs using 'parallel' executor
[0.705s] DEBUG:colcon.colcon_parallel_executor.executor.parallel:run_until_complete
[0.705s] INFO:colcon.colcon_ros.task.ament_cmake.build:Building ROS package in '/home/dyros/ros2_ws/src/franka_description' with build type 'ament_cmake'
[0.705s] INFO:colcon.colcon_cmake.task.cmake.build:Building CMake package in '/home/dyros/ros2_ws/src/franka_description'
[0.718s] INFO:colcon.colcon_core.plugin_system:Skipping extension 'colcon_core.shell.bat': Not used on non-Windows systems
[0.718s] INFO:colcon.colcon_core.shell:Skip shell extension 'powershell' for command environment: Not usable outside of PowerShell
[0.719s] DEBUG:colcon.colcon_core.shell:Skip shell extension 'dsv' for command environment
[0.726s] INFO:colcon.colcon_ros.task.ament_cmake.build:Building ROS package in '/home/dyros/ros2_ws/src/moveit_sim_interface' with build type 'ament_cmake'
[0.726s] INFO:colcon.colcon_cmake.task.cmake.build:Building CMake package in '/home/dyros/ros2_ws/src/moveit_sim_interface'
[0.731s] INFO:colcon.colcon_core.shell:Skip shell extension 'powershell' for command environment: Not usable outside of PowerShell
[0.733s] DEBUG:colcon.colcon_core.shell:Skip shell extension 'dsv' for command environment
[0.763s] DEBUG:colcon.colcon_core.event_handler.log_command:Invoking command in '/home/dyros/ros2_ws/build/franka_description': CMAKE_PREFIX_PATH=${CMAKE_PREFIX_PATH}:/home/dyros/ros2_ws/install/dyros_tf2:/home/dyros/ros2_ws/install/dyros_python:/opt/ros/humble /usr/bin/cmake /home/dyros/ros2_ws/src/franka_description -DCMAKE_INSTALL_PREFIX=/home/dyros/ros2_ws/install/franka_description
[0.789s] DEBUG:colcon.colcon_core.event_handler.log_command:Invoking command in '/home/dyros/ros2_ws/build/moveit_sim_interface': CMAKE_PREFIX_PATH=${CMAKE_PREFIX_PATH}:/home/dyros/ros2_ws/install/dyros_tf2:/home/dyros/ros2_ws/install/dyros_python:/opt/ros/humble /usr/bin/cmake /home/dyros/ros2_ws/src/moveit_sim_interface -DCMAKE_INSTALL_PREFIX=/home/dyros/ros2_ws/install/moveit_sim_interface
[4.509s] DEBUG:colcon.colcon_core.event_handler.log_command:Invoked command in '/home/dyros/ros2_ws/build/franka_description' returned '0': CMAKE_PREFIX_PATH=${CMAKE_PREFIX_PATH}:/home/dyros/ros2_ws/install/dyros_tf2:/home/dyros/ros2_ws/install/dyros_python:/opt/ros/humble /usr/bin/cmake /home/dyros/ros2_ws/src/franka_description -DCMAKE_INSTALL_PREFIX=/home/dyros/ros2_ws/install/franka_description
[4.511s] DEBUG:colcon.colcon_core.event_handler.log_command:Invoking command in '/home/dyros/ros2_ws/build/franka_description': CMAKE_PREFIX_PATH=${CMAKE_PREFIX_PATH}:/home/dyros/ros2_ws/install/dyros_tf2:/home/dyros/ros2_ws/install/dyros_python:/opt/ros/humble /usr/bin/cmake --build /home/dyros/ros2_ws/build/franka_description -- -j2 -l2
[4.593s] DEBUG:colcon.colcon_core.event_handler.log_command:Invoked command in '/home/dyros/ros2_ws/build/franka_description' returned '0': CMAKE_PREFIX_PATH=${CMAKE_PREFIX_PATH}:/home/dyros/ros2_ws/install/dyros_tf2:/home/dyros/ros2_ws/install/dyros_python:/opt/ros/humble /usr/bin/cmake --build /home/dyros/ros2_ws/build/franka_description -- -j2 -l2
[4.749s] DEBUG:colcon.colcon_core.event_handler.log_command:Invoking command in '/home/dyros/ros2_ws/build/franka_description': CMAKE_PREFIX_PATH=${CMAKE_PREFIX_PATH}:/home/dyros/ros2_ws/install/dyros_tf2:/home/dyros/ros2_ws/install/dyros_python:/opt/ros/humble /usr/bin/cmake --install /home/dyros/ros2_ws/build/franka_description
[4.861s] Level 1:colcon.colcon_core.environment:create_environment_scripts_only(franka_description)
[4.864s] DEBUG:colcon.colcon_core.event_handler.log_command:Invoked command in '/home/dyros/ros2_ws/build/franka_description' returned '0': CMAKE_PREFIX_PATH=${CMAKE_PREFIX_PATH}:/home/dyros/ros2_ws/install/dyros_tf2:/home/dyros/ros2_ws/install/dyros_python:/opt/ros/humble /usr/bin/cmake --install /home/dyros/ros2_ws/build/franka_description
[4.883s] Level 1:colcon.colcon_core.environment:checking '/home/dyros/ros2_ws/install/franka_description' for CMake module files
[4.892s] Level 1:colcon.colcon_core.environment:checking '/home/dyros/ros2_ws/install/franka_description' for CMake config files
[4.892s] Level 1:colcon.colcon_core.shell:create_environment_hook('franka_description', 'cmake_prefix_path')
[4.895s] INFO:colcon.colcon_core.shell:Creating environment hook '/home/dyros/ros2_ws/install/franka_description/share/franka_description/hook/cmake_prefix_path.ps1'
[4.895s] INFO:colcon.colcon_core.shell:Creating environment descriptor '/home/dyros/ros2_ws/install/franka_description/share/franka_description/hook/cmake_prefix_path.dsv'
[4.896s] INFO:colcon.colcon_core.shell:Creating environment hook '/home/dyros/ros2_ws/install/franka_description/share/franka_description/hook/cmake_prefix_path.sh'
[4.897s] Level 1:colcon.colcon_core.environment:checking '/home/dyros/ros2_ws/install/franka_description/bin'
[4.897s] Level 1:colcon.colcon_core.environment:checking '/home/dyros/ros2_ws/install/franka_description/lib/pkgconfig/franka_description.pc'
[4.897s] Level 1:colcon.colcon_core.environment:checking '/home/dyros/ros2_ws/install/franka_description/lib/python3.10/site-packages'
[4.897s] Level 1:colcon.colcon_core.environment:checking '/home/dyros/ros2_ws/install/franka_description/bin'
[4.899s] INFO:colcon.colcon_core.shell:Creating package script '/home/dyros/ros2_ws/install/franka_description/share/franka_description/package.ps1'
[4.900s] INFO:colcon.colcon_core.shell:Creating package descriptor '/home/dyros/ros2_ws/install/franka_description/share/franka_description/package.dsv'
[4.902s] INFO:colcon.colcon_core.shell:Creating package script '/home/dyros/ros2_ws/install/franka_description/share/franka_description/package.sh'
[4.904s] INFO:colcon.colcon_core.shell:Creating package script '/home/dyros/ros2_ws/install/franka_description/share/franka_description/package.bash'
[4.907s] INFO:colcon.colcon_core.shell:Creating package script '/home/dyros/ros2_ws/install/franka_description/share/franka_description/package.zsh'
[4.908s] Level 1:colcon.colcon_core.environment:create_file_with_runtime_dependencies(/home/dyros/ros2_ws/install/franka_description/share/colcon-core/packages/franka_description)
[4.949s] Level 1:colcon.colcon_core.environment:create_environment_scripts_only(franka_description)
[4.951s] Level 1:colcon.colcon_core.environment:checking '/home/dyros/ros2_ws/install/franka_description' for CMake module files
[4.952s] Level 1:colcon.colcon_core.environment:checking '/home/dyros/ros2_ws/install/franka_description' for CMake config files
[4.953s] Level 1:colcon.colcon_core.shell:create_environment_hook('franka_description', 'cmake_prefix_path')
[4.957s] INFO:colcon.colcon_core.shell:Creating environment hook '/home/dyros/ros2_ws/install/franka_description/share/franka_description/hook/cmake_prefix_path.ps1'
[4.958s] INFO:colcon.colcon_core.shell:Creating environment descriptor '/home/dyros/ros2_ws/install/franka_description/share/franka_description/hook/cmake_prefix_path.dsv'
[4.958s] INFO:colcon.colcon_core.shell:Creating environment hook '/home/dyros/ros2_ws/install/franka_description/share/franka_description/hook/cmake_prefix_path.sh'
[4.959s] Level 1:colcon.colcon_core.environment:checking '/home/dyros/ros2_ws/install/franka_description/bin'
[4.959s] Level 1:colcon.colcon_core.environment:checking '/home/dyros/ros2_ws/install/franka_description/lib/pkgconfig/franka_description.pc'
[4.959s] Level 1:colcon.colcon_core.environment:checking '/home/dyros/ros2_ws/install/franka_description/lib/python3.10/site-packages'
[4.959s] Level 1:colcon.colcon_core.environment:checking '/home/dyros/ros2_ws/install/franka_description/bin'
[4.961s] INFO:colcon.colcon_core.shell:Creating package script '/home/dyros/ros2_ws/install/franka_description/share/franka_description/package.ps1'
[4.961s] INFO:colcon.colcon_core.shell:Creating package descriptor '/home/dyros/ros2_ws/install/franka_description/share/franka_description/package.dsv'
[4.962s] INFO:colcon.colcon_core.shell:Creating package script '/home/dyros/ros2_ws/install/franka_description/share/franka_description/package.sh'
[4.963s] INFO:colcon.colcon_core.shell:Creating package script '/home/dyros/ros2_ws/install/franka_description/share/franka_description/package.bash'
[4.963s] INFO:colcon.colcon_core.shell:Creating package script '/home/dyros/ros2_ws/install/franka_description/share/franka_description/package.zsh'
[4.964s] Level 1:colcon.colcon_core.environment:create_file_with_runtime_dependencies(/home/dyros/ros2_ws/install/franka_description/share/colcon-core/packages/franka_description)
[4.966s] INFO:colcon.colcon_ros.task.ament_cmake.build:Building ROS package in '/home/dyros/ros2_ws/src/panda_moveit_config' with build type 'ament_cmake'
[4.966s] INFO:colcon.colcon_cmake.task.cmake.build:Building CMake package in '/home/dyros/ros2_ws/src/panda_moveit_config'
[4.975s] INFO:colcon.colcon_core.shell:Skip shell extension 'powershell' for command environment: Not usable outside of PowerShell
[4.975s] DEBUG:colcon.colcon_core.shell:Skip shell extension 'dsv' for command environment
[4.992s] DEBUG:colcon.colcon_core.event_handler.log_command:Invoking command in '/home/dyros/ros2_ws/build/panda_moveit_config': CMAKE_PREFIX_PATH=/home/dyros/ros2_ws/install/franka_description:/home/dyros/ros2_ws/install/panda_moveit_config:/home/dyros/ros2_ws/install/moveit_sim_interface:/home/dyros/ros2_ws/install/dyros_urdf_tf:/home/dyros/ros2_ws/install/dyros_cmake:/home/dyros/ros2_ws/install/dyros_tf2:/home/dyros/ros2_ws/install/dyros_python:/opt/ros/humble /usr/bin/cmake /home/dyros/ros2_ws/src/panda_moveit_config -DCMAKE_INSTALL_PREFIX=/home/dyros/ros2_ws/install/panda_moveit_config
[6.714s] DEBUG:colcon.colcon_core.event_handler.log_command:Invoked command in '/home/dyros/ros2_ws/build/panda_moveit_config' returned '0': CMAKE_PREFIX_PATH=/home/dyros/ros2_ws/install/franka_description:/home/dyros/ros2_ws/install/panda_moveit_config:/home/dyros/ros2_ws/install/moveit_sim_interface:/home/dyros/ros2_ws/install/dyros_urdf_tf:/home/dyros/ros2_ws/install/dyros_cmake:/home/dyros/ros2_ws/install/dyros_tf2:/home/dyros/ros2_ws/install/dyros_python:/opt/ros/humble /usr/bin/cmake /home/dyros/ros2_ws/src/panda_moveit_config -DCMAKE_INSTALL_PREFIX=/home/dyros/ros2_ws/install/panda_moveit_config
[6.715s] DEBUG:colcon.colcon_core.event_handler.log_command:Invoking command in '/home/dyros/ros2_ws/build/panda_moveit_config': CMAKE_PREFIX_PATH=/home/dyros/ros2_ws/install/franka_description:/home/dyros/ros2_ws/install/panda_moveit_config:/home/dyros/ros2_ws/install/moveit_sim_interface:/home/dyros/ros2_ws/install/dyros_urdf_tf:/home/dyros/ros2_ws/install/dyros_cmake:/home/dyros/ros2_ws/install/dyros_tf2:/home/dyros/ros2_ws/install/dyros_python:/opt/ros/humble /usr/bin/cmake --build /home/dyros/ros2_ws/build/panda_moveit_config -- -j2 -l2
[6.820s] DEBUG:colcon.colcon_core.event_handler.log_command:Invoked command in '/home/dyros/ros2_ws/build/moveit_sim_interface' returned '0': CMAKE_PREFIX_PATH=${CMAKE_PREFIX_PATH}:/home/dyros/ros2_ws/install/dyros_tf2:/home/dyros/ros2_ws/install/dyros_python:/opt/ros/humble /usr/bin/cmake /home/dyros/ros2_ws/src/moveit_sim_interface -DCMAKE_INSTALL_PREFIX=/home/dyros/ros2_ws/install/moveit_sim_interface
[6.820s] DEBUG:colcon.colcon_core.event_handler.log_command:Invoking command in '/home/dyros/ros2_ws/build/moveit_sim_interface': CMAKE_PREFIX_PATH=${CMAKE_PREFIX_PATH}:/home/dyros/ros2_ws/install/dyros_tf2:/home/dyros/ros2_ws/install/dyros_python:/opt/ros/humble /usr/bin/cmake --build /home/dyros/ros2_ws/build/moveit_sim_interface -- -j2 -l2
[6.823s] DEBUG:colcon.colcon_core.event_handler.log_command:Invoked command in '/home/dyros/ros2_ws/build/panda_moveit_config' returned '0': CMAKE_PREFIX_PATH=/home/dyros/ros2_ws/install/franka_description:/home/dyros/ros2_ws/install/panda_moveit_config:/home/dyros/ros2_ws/install/moveit_sim_interface:/home/dyros/ros2_ws/install/dyros_urdf_tf:/home/dyros/ros2_ws/install/dyros_cmake:/home/dyros/ros2_ws/install/dyros_tf2:/home/dyros/ros2_ws/install/dyros_python:/opt/ros/humble /usr/bin/cmake --build /home/dyros/ros2_ws/build/panda_moveit_config -- -j2 -l2
[6.890s] DEBUG:colcon.colcon_core.event_handler.log_command:Invoking command in '/home/dyros/ros2_ws/build/panda_moveit_config': CMAKE_PREFIX_PATH=/home/dyros/ros2_ws/install/franka_description:/home/dyros/ros2_ws/install/panda_moveit_config:/home/dyros/ros2_ws/install/moveit_sim_interface:/home/dyros/ros2_ws/install/dyros_urdf_tf:/home/dyros/ros2_ws/install/dyros_cmake:/home/dyros/ros2_ws/install/dyros_tf2:/home/dyros/ros2_ws/install/dyros_python:/opt/ros/humble /usr/bin/cmake --install /home/dyros/ros2_ws/build/panda_moveit_config
[6.947s] Level 1:colcon.colcon_core.environment:create_environment_scripts_only(panda_moveit_config)
[6.949s] Level 1:colcon.colcon_core.environment:checking '/home/dyros/ros2_ws/install/panda_moveit_config' for CMake module files
[6.949s] Level 1:colcon.colcon_core.environment:checking '/home/dyros/ros2_ws/install/panda_moveit_config' for CMake config files
[6.949s] Level 1:colcon.colcon_core.shell:create_environment_hook('panda_moveit_config', 'cmake_prefix_path')
[6.951s] INFO:colcon.colcon_core.shell:Creating environment hook '/home/dyros/ros2_ws/install/panda_moveit_config/share/panda_moveit_config/hook/cmake_prefix_path.ps1'
[6.952s] DEBUG:colcon.colcon_core.event_handler.log_command:Invoked command in '/home/dyros/ros2_ws/build/panda_moveit_config' returned '0': CMAKE_PREFIX_PATH=/home/dyros/ros2_ws/install/franka_description:/home/dyros/ros2_ws/install/panda_moveit_config:/home/dyros/ros2_ws/install/moveit_sim_interface:/home/dyros/ros2_ws/install/dyros_urdf_tf:/home/dyros/ros2_ws/install/dyros_cmake:/home/dyros/ros2_ws/install/dyros_tf2:/home/dyros/ros2_ws/install/dyros_python:/opt/ros/humble /usr/bin/cmake --install /home/dyros/ros2_ws/build/panda_moveit_config
[6.952s] INFO:colcon.colcon_core.shell:Creating environment descriptor '/home/dyros/ros2_ws/install/panda_moveit_config/share/panda_moveit_config/hook/cmake_prefix_path.dsv'
[6.953s] INFO:colcon.colcon_core.shell:Creating environment hook '/home/dyros/ros2_ws/install/panda_moveit_config/share/panda_moveit_config/hook/cmake_prefix_path.sh'
[6.953s] Level 1:colcon.colcon_core.environment:checking '/home/dyros/ros2_ws/install/panda_moveit_config/bin'
[6.953s] Level 1:colcon.colcon_core.environment:checking '/home/dyros/ros2_ws/install/panda_moveit_config/lib/pkgconfig/panda_moveit_config.pc'
[6.954s] Level 1:colcon.colcon_core.environment:checking '/home/dyros/ros2_ws/install/panda_moveit_config/lib/python3.10/site-packages'
[6.954s] Level 1:colcon.colcon_core.environment:checking '/home/dyros/ros2_ws/install/panda_moveit_config/bin'
[6.962s] INFO:colcon.colcon_core.shell:Creating package script '/home/dyros/ros2_ws/install/panda_moveit_config/share/panda_moveit_config/package.ps1'
[6.963s] INFO:colcon.colcon_core.shell:Creating package descriptor '/home/dyros/ros2_ws/install/panda_moveit_config/share/panda_moveit_config/package.dsv'
[6.965s] INFO:colcon.colcon_core.shell:Creating package script '/home/dyros/ros2_ws/install/panda_moveit_config/share/panda_moveit_config/package.sh'
[6.966s] INFO:colcon.colcon_core.shell:Creating package script '/home/dyros/ros2_ws/install/panda_moveit_config/share/panda_moveit_config/package.bash'
[6.967s] INFO:colcon.colcon_core.shell:Creating package script '/home/dyros/ros2_ws/install/panda_moveit_config/share/panda_moveit_config/package.zsh'
[6.968s] Level 1:colcon.colcon_core.environment:create_file_with_runtime_dependencies(/home/dyros/ros2_ws/install/panda_moveit_config/share/colcon-core/packages/panda_moveit_config)
[7.068s] Level 1:colcon.colcon_core.environment:create_environment_scripts_only(panda_moveit_config)
[7.070s] Level 1:colcon.colcon_core.environment:checking '/home/dyros/ros2_ws/install/panda_moveit_config' for CMake module files
[7.072s] Level 1:colcon.colcon_core.environment:checking '/home/dyros/ros2_ws/install/panda_moveit_config' for CMake config files
[7.073s] Level 1:colcon.colcon_core.shell:create_environment_hook('panda_moveit_config', 'cmake_prefix_path')
[7.074s] INFO:colcon.colcon_core.shell:Creating environment hook '/home/dyros/ros2_ws/install/panda_moveit_config/share/panda_moveit_config/hook/cmake_prefix_path.ps1'
[7.075s] INFO:colcon.colcon_core.shell:Creating environment descriptor '/home/dyros/ros2_ws/install/panda_moveit_config/share/panda_moveit_config/hook/cmake_prefix_path.dsv'
[7.077s] INFO:colcon.colcon_core.shell:Creating environment hook '/home/dyros/ros2_ws/install/panda_moveit_config/share/panda_moveit_config/hook/cmake_prefix_path.sh'
[7.078s] Level 1:colcon.colcon_core.environment:checking '/home/dyros/ros2_ws/install/panda_moveit_config/bin'
[7.078s] Level 1:colcon.colcon_core.environment:checking '/home/dyros/ros2_ws/install/panda_moveit_config/lib/pkgconfig/panda_moveit_config.pc'
[7.079s] Level 1:colcon.colcon_core.environment:checking '/home/dyros/ros2_ws/install/panda_moveit_config/lib/python3.10/site-packages'
[7.079s] Level 1:colcon.colcon_core.environment:checking '/home/dyros/ros2_ws/install/panda_moveit_config/bin'
[7.082s] INFO:colcon.colcon_core.shell:Creating package script '/home/dyros/ros2_ws/install/panda_moveit_config/share/panda_moveit_config/package.ps1'
[7.085s] INFO:colcon.colcon_core.shell:Creating package descriptor '/home/dyros/ros2_ws/install/panda_moveit_config/share/panda_moveit_config/package.dsv'
[7.090s] INFO:colcon.colcon_core.shell:Creating package script '/home/dyros/ros2_ws/install/panda_moveit_config/share/panda_moveit_config/package.sh'
[7.091s] INFO:colcon.colcon_core.shell:Creating package script '/home/dyros/ros2_ws/install/panda_moveit_config/share/panda_moveit_config/package.bash'
[7.093s] INFO:colcon.colcon_core.shell:Creating package script '/home/dyros/ros2_ws/install/panda_moveit_config/share/panda_moveit_config/package.zsh'
[7.094s] Level 1:colcon.colcon_core.environment:create_file_with_runtime_dependencies(/home/dyros/ros2_ws/install/panda_moveit_config/share/colcon-core/packages/panda_moveit_config)
[37.367s] DEBUG:colcon.colcon_core.event_handler.log_command:Invoked command in '/home/dyros/ros2_ws/build/moveit_sim_interface' returned '0': CMAKE_PREFIX_PATH=${CMAKE_PREFIX_PATH}:/home/dyros/ros2_ws/install/dyros_tf2:/home/dyros/ros2_ws/install/dyros_python:/opt/ros/humble /usr/bin/cmake --build /home/dyros/ros2_ws/build/moveit_sim_interface -- -j2 -l2
[37.466s] DEBUG:colcon.colcon_core.event_handler.log_command:Invoking command in '/home/dyros/ros2_ws/build/moveit_sim_interface': CMAKE_PREFIX_PATH=${CMAKE_PREFIX_PATH}:/home/dyros/ros2_ws/install/dyros_tf2:/home/dyros/ros2_ws/install/dyros_python:/opt/ros/humble /usr/bin/cmake --install /home/dyros/ros2_ws/build/moveit_sim_interface
[37.527s] Level 1:colcon.colcon_core.environment:create_environment_scripts_only(moveit_sim_interface)
[37.537s] DEBUG:colcon.colcon_core.event_handler.log_command:Invoked command in '/home/dyros/ros2_ws/build/moveit_sim_interface' returned '0': CMAKE_PREFIX_PATH=${CMAKE_PREFIX_PATH}:/home/dyros/ros2_ws/install/dyros_tf2:/home/dyros/ros2_ws/install/dyros_python:/opt/ros/humble /usr/bin/cmake --install /home/dyros/ros2_ws/build/moveit_sim_interface
[37.595s] Level 1:colcon.colcon_core.environment:checking '/home/dyros/ros2_ws/install/moveit_sim_interface' for CMake module files
[37.600s] Level 1:colcon.colcon_core.environment:checking '/home/dyros/ros2_ws/install/moveit_sim_interface' for CMake config files
[37.605s] Level 1:colcon.colcon_core.shell:create_environment_hook('moveit_sim_interface', 'cmake_prefix_path')
[37.616s] INFO:colcon.colcon_core.shell:Creating environment hook '/home/dyros/ros2_ws/install/moveit_sim_interface/share/moveit_sim_interface/hook/cmake_prefix_path.ps1'
[37.648s] INFO:colcon.colcon_core.shell:Creating environment descriptor '/home/dyros/ros2_ws/install/moveit_sim_interface/share/moveit_sim_interface/hook/cmake_prefix_path.dsv'
[37.650s] INFO:colcon.colcon_core.shell:Creating environment hook '/home/dyros/ros2_ws/install/moveit_sim_interface/share/moveit_sim_interface/hook/cmake_prefix_path.sh'
[37.656s] Level 1:colcon.colcon_core.environment:checking '/home/dyros/ros2_ws/install/moveit_sim_interface/lib'
[37.659s] Level 1:colcon.colcon_core.environment:checking '/home/dyros/ros2_ws/install/moveit_sim_interface/bin'
[37.659s] Level 1:colcon.colcon_core.environment:checking '/home/dyros/ros2_ws/install/moveit_sim_interface/lib/pkgconfig/moveit_sim_interface.pc'
[37.668s] Level 1:colcon.colcon_core.environment:checking '/home/dyros/ros2_ws/install/moveit_sim_interface/lib/python3.10/site-packages'
[37.668s] Level 1:colcon.colcon_core.environment:checking '/home/dyros/ros2_ws/install/moveit_sim_interface/bin'
[37.670s] INFO:colcon.colcon_core.shell:Creating package script '/home/dyros/ros2_ws/install/moveit_sim_interface/share/moveit_sim_interface/package.ps1'
[37.673s] INFO:colcon.colcon_core.shell:Creating package descriptor '/home/dyros/ros2_ws/install/moveit_sim_interface/share/moveit_sim_interface/package.dsv'
[37.675s] INFO:colcon.colcon_core.shell:Creating package script '/home/dyros/ros2_ws/install/moveit_sim_interface/share/moveit_sim_interface/package.sh'
[37.677s] INFO:colcon.colcon_core.shell:Creating package script '/home/dyros/ros2_ws/install/moveit_sim_interface/share/moveit_sim_interface/package.bash'
[37.679s] INFO:colcon.colcon_core.shell:Creating package script '/home/dyros/ros2_ws/install/moveit_sim_interface/share/moveit_sim_interface/package.zsh'
[37.682s] Level 1:colcon.colcon_core.environment:create_file_with_runtime_dependencies(/home/dyros/ros2_ws/install/moveit_sim_interface/share/colcon-core/packages/moveit_sim_interface)
[37.774s] Level 1:colcon.colcon_core.environment:create_environment_scripts_only(moveit_sim_interface)
[37.778s] Level 1:colcon.colcon_core.environment:checking '/home/dyros/ros2_ws/install/moveit_sim_interface' for CMake module files
[37.779s] Level 1:colcon.colcon_core.environment:checking '/home/dyros/ros2_ws/install/moveit_sim_interface' for CMake config files
[37.784s] Level 1:colcon.colcon_core.shell:create_environment_hook('moveit_sim_interface', 'cmake_prefix_path')
[37.788s] INFO:colcon.colcon_core.shell:Creating environment hook '/home/dyros/ros2_ws/install/moveit_sim_interface/share/moveit_sim_interface/hook/cmake_prefix_path.ps1'
[37.789s] INFO:colcon.colcon_core.shell:Creating environment descriptor '/home/dyros/ros2_ws/install/moveit_sim_interface/share/moveit_sim_interface/hook/cmake_prefix_path.dsv'
[37.789s] INFO:colcon.colcon_core.shell:Creating environment hook '/home/dyros/ros2_ws/install/moveit_sim_interface/share/moveit_sim_interface/hook/cmake_prefix_path.sh'
[37.792s] Level 1:colcon.colcon_core.environment:checking '/home/dyros/ros2_ws/install/moveit_sim_interface/lib'
[37.793s] Level 1:colcon.colcon_core.environment:checking '/home/dyros/ros2_ws/install/moveit_sim_interface/bin'
[37.793s] Level 1:colcon.colcon_core.environment:checking '/home/dyros/ros2_ws/install/moveit_sim_interface/lib/pkgconfig/moveit_sim_interface.pc'
[37.795s] Level 1:colcon.colcon_core.environment:checking '/home/dyros/ros2_ws/install/moveit_sim_interface/lib/python3.10/site-packages'
[37.795s] Level 1:colcon.colcon_core.environment:checking '/home/dyros/ros2_ws/install/moveit_sim_interface/bin'
[37.798s] INFO:colcon.colcon_core.shell:Creating package script '/home/dyros/ros2_ws/install/moveit_sim_interface/share/moveit_sim_interface/package.ps1'
[37.805s] INFO:colcon.colcon_core.shell:Creating package descriptor '/home/dyros/ros2_ws/install/moveit_sim_interface/share/moveit_sim_interface/package.dsv'
[37.808s] INFO:colcon.colcon_core.shell:Creating package script '/home/dyros/ros2_ws/install/moveit_sim_interface/share/moveit_sim_interface/package.sh'
[37.809s] INFO:colcon.colcon_core.shell:Creating package script '/home/dyros/ros2_ws/install/moveit_sim_interface/share/moveit_sim_interface/package.bash'
[37.811s] INFO:colcon.colcon_core.shell:Creating package script '/home/dyros/ros2_ws/install/moveit_sim_interface/share/moveit_sim_interface/package.zsh'
[37.811s] Level 1:colcon.colcon_core.environment:create_file_with_runtime_dependencies(/home/dyros/ros2_ws/install/moveit_sim_interface/share/colcon-core/packages/moveit_sim_interface)
[37.824s] DEBUG:colcon.colcon_parallel_executor.executor.parallel:closing loop
[37.827s] DEBUG:colcon.colcon_parallel_executor.executor.parallel:loop closed
[37.834s] DEBUG:colcon.colcon_parallel_executor.executor.parallel:run_until_complete finished with '0'
[37.836s] DEBUG:colcon.colcon_core.event_reactor:joining thread
[37.909s] INFO:colcon.colcon_core.plugin_system:Skipping extension 'colcon_notification.desktop_notification.terminal_notifier': Not used on non-Darwin systems
[37.910s] INFO:colcon.colcon_core.plugin_system:Skipping extension 'colcon_notification.desktop_notification.win32': Not used on non-Windows systems
[37.910s] INFO:colcon.colcon_notification.desktop_notification:Sending desktop notification using 'notify2'
[37.992s] DEBUG:colcon.colcon_core.event_reactor:joined thread
[37.996s] INFO:colcon.colcon_core.shell:Creating prefix script '/home/dyros/ros2_ws/install/local_setup.ps1'
[38.002s] INFO:colcon.colcon_core.shell:Creating prefix util module '/home/dyros/ros2_ws/install/_local_setup_util_ps1.py'
[38.004s] INFO:colcon.colcon_core.shell:Creating prefix chain script '/home/dyros/ros2_ws/install/setup.ps1'
[38.012s] INFO:colcon.colcon_core.shell:Creating prefix script '/home/dyros/ros2_ws/install/local_setup.sh'
[38.015s] INFO:colcon.colcon_core.shell:Creating prefix util module '/home/dyros/ros2_ws/install/_local_setup_util_sh.py'
[38.015s] INFO:colcon.colcon_core.shell:Creating prefix chain script '/home/dyros/ros2_ws/install/setup.sh'
[38.019s] INFO:colcon.colcon_core.shell:Creating prefix script '/home/dyros/ros2_ws/install/local_setup.bash'
[38.021s] INFO:colcon.colcon_core.shell:Creating prefix chain script '/home/dyros/ros2_ws/install/setup.bash'
[38.025s] INFO:colcon.colcon_core.shell:Creating prefix script '/home/dyros/ros2_ws/install/local_setup.zsh'
[38.027s] INFO:colcon.colcon_core.shell:Creating prefix chain script '/home/dyros/ros2_ws/install/setup.zsh'
