/home/dyros/ros2_ws/install/dyros_tf2/lib/python3.10/site-packages/dyros_tf2/fixed_tf2_broadcaster.py
/home/dyros/ros2_ws/install/dyros_tf2/lib/python3.10/site-packages/dyros_tf2/tf2_listener.py
/home/dyros/ros2_ws/install/dyros_tf2/lib/python3.10/site-packages/dyros_tf2/tf2_broadcaster.py
/home/dyros/ros2_ws/install/dyros_tf2/lib/python3.10/site-packages/dyros_tf2/__init__.py
/home/dyros/ros2_ws/install/dyros_tf2/lib/python3.10/site-packages/dyros_tf2/tf2_static_broadcaster.py
/home/dyros/ros2_ws/install/dyros_tf2/lib/python3.10/site-packages/dyros_tf2/__pycache__/fixed_tf2_broadcaster.cpython-310.pyc
/home/dyros/ros2_ws/install/dyros_tf2/lib/python3.10/site-packages/dyros_tf2/__pycache__/tf2_listener.cpython-310.pyc
/home/dyros/ros2_ws/install/dyros_tf2/lib/python3.10/site-packages/dyros_tf2/__pycache__/tf2_broadcaster.cpython-310.pyc
/home/dyros/ros2_ws/install/dyros_tf2/lib/python3.10/site-packages/dyros_tf2/__pycache__/__init__.cpython-310.pyc
/home/dyros/ros2_ws/install/dyros_tf2/lib/python3.10/site-packages/dyros_tf2/__pycache__/tf2_static_broadcaster.cpython-310.pyc
/home/dyros/ros2_ws/install/dyros_tf2/share/ament_index/resource_index/packages/dyros_tf2
/home/dyros/ros2_ws/install/dyros_tf2/share/dyros_tf2/package.xml
/home/dyros/ros2_ws/install/dyros_tf2/share/dyros_tf2/launch/start_demo_launch.py
/home/dyros/ros2_ws/install/dyros_tf2/share/dyros_tf2/launch/start_demo_with_listener_and_carrot_launch.py
/home/dyros/ros2_ws/install/dyros_tf2/share/dyros_tf2/launch/start_demo_with_listener_launch.py
/home/dyros/ros2_ws/install/dyros_tf2/lib/python3.10/site-packages/dyros_tf2-0.0.0-py3.10.egg-info/dependency_links.txt
/home/dyros/ros2_ws/install/dyros_tf2/lib/python3.10/site-packages/dyros_tf2-0.0.0-py3.10.egg-info/top_level.txt
/home/dyros/ros2_ws/install/dyros_tf2/lib/python3.10/site-packages/dyros_tf2-0.0.0-py3.10.egg-info/zip-safe
/home/dyros/ros2_ws/install/dyros_tf2/lib/python3.10/site-packages/dyros_tf2-0.0.0-py3.10.egg-info/requires.txt
/home/dyros/ros2_ws/install/dyros_tf2/lib/python3.10/site-packages/dyros_tf2-0.0.0-py3.10.egg-info/PKG-INFO
/home/dyros/ros2_ws/install/dyros_tf2/lib/python3.10/site-packages/dyros_tf2-0.0.0-py3.10.egg-info/entry_points.txt
/home/dyros/ros2_ws/install/dyros_tf2/lib/python3.10/site-packages/dyros_tf2-0.0.0-py3.10.egg-info/SOURCES.txt
/home/dyros/ros2_ws/install/dyros_tf2/lib/dyros_tf2/fixed_tf2_broadcaster
/home/dyros/ros2_ws/install/dyros_tf2/lib/dyros_tf2/tf2_broadcaster
/home/dyros/ros2_ws/install/dyros_tf2/lib/dyros_tf2/tf2_listener
/home/dyros/ros2_ws/install/dyros_tf2/lib/dyros_tf2/tf2_static_broadcaster
