[0.161s] DEBUG:colcon:Command line arguments: ['/usr/bin/colcon', 'build', '--packages-select', 'dyros_cmake']
[0.161s] DEBUG:colcon:Parsed command line arguments: Namespace(log_base=None, log_level=None, verb_name='build', build_base='build', install_base='install', merge_install=False, symlink_install=False, test_result_base=None, continue_on_error=False, executor='parallel', parallel_workers=2, event_handlers=None, ignore_user_meta=False, metas=['./colcon.meta'], base_paths=['.'], packages_ignore=None, packages_ignore_regex=None, paths=None, packages_up_to=None, packages_up_to_regex=None, packages_above=None, packages_above_and_dependencies=None, packages_above_depth=None, packages_select_by_dep=None, packages_skip_by_dep=None, packages_skip_up_to=None, packages_select_build_failed=False, packages_skip_build_finished=False, packages_select_test_failures=False, packages_skip_test_passed=False, packages_select=['dyros_cmake'], packages_skip=None, packages_select_regex=None, packages_skip_regex=None, packages_start=None, packages_end=None, allow_overriding=[], cmake_args=None, cmake_target=None, cmake_target_skip_unavailable=False, cmake_clean_cache=False, cmake_clean_first=False, cmake_force_configure=False, ament_cmake_args=None, catkin_cmake_args=None, catkin_skip_building_tests=False, verb_parser=<colcon_defaults.argument_parser.defaults.DefaultArgumentsDecorator object at 0x7f0ac4d950f0>, verb_extension=<colcon_core.verb.build.BuildVerb object at 0x7f0ac4d94b80>, main=<bound method BuildVerb.main of <colcon_core.verb.build.BuildVerb object at 0x7f0ac4d94b80>>)
[0.191s] Level 1:colcon.colcon_core.package_discovery:discover_packages(colcon_meta) check parameters
[0.191s] Level 1:colcon.colcon_core.package_discovery:discover_packages(recursive) check parameters
[0.191s] Level 1:colcon.colcon_core.package_discovery:discover_packages(ignore) check parameters
[0.192s] Level 1:colcon.colcon_core.package_discovery:discover_packages(path) check parameters
[0.192s] Level 1:colcon.colcon_core.package_discovery:discover_packages(colcon_meta) discover
[0.192s] Level 1:colcon.colcon_core.package_discovery:discover_packages(recursive) discover
[0.192s] INFO:colcon.colcon_core.package_discovery:Crawling recursively for packages in '/home/dyros/ros2_ws2'
[0.192s] Level 1:colcon.colcon_core.package_identification:_identify(.) by extensions ['ignore', 'ignore_ament_install']
[0.192s] Level 1:colcon.colcon_core.package_identification:_identify(.) by extension 'ignore'
[0.192s] Level 1:colcon.colcon_core.package_identification:_identify(.) by extension 'ignore_ament_install'
[0.192s] Level 1:colcon.colcon_core.package_identification:_identify(.) by extensions ['colcon_pkg']
[0.192s] Level 1:colcon.colcon_core.package_identification:_identify(.) by extension 'colcon_pkg'
[0.192s] Level 1:colcon.colcon_core.package_identification:_identify(.) by extensions ['colcon_meta']
[0.192s] Level 1:colcon.colcon_core.package_identification:_identify(.) by extension 'colcon_meta'
[0.192s] Level 1:colcon.colcon_core.package_identification:_identify(.) by extensions ['ros']
[0.192s] Level 1:colcon.colcon_core.package_identification:_identify(.) by extension 'ros'
[0.204s] Level 1:colcon.colcon_core.package_identification:_identify(.) by extensions ['cmake', 'python']
[0.204s] Level 1:colcon.colcon_core.package_identification:_identify(.) by extension 'cmake'
[0.204s] Level 1:colcon.colcon_core.package_identification:_identify(.) by extension 'python'
[0.204s] Level 1:colcon.colcon_core.package_identification:_identify(.) by extensions ['python_setup_py']
[0.204s] Level 1:colcon.colcon_core.package_identification:_identify(.) by extension 'python_setup_py'
[0.204s] Level 1:colcon.colcon_core.package_identification:_identify(build) by extensions ['ignore', 'ignore_ament_install']
[0.205s] Level 1:colcon.colcon_core.package_identification:_identify(build) by extension 'ignore'
[0.205s] Level 1:colcon.colcon_core.package_identification:_identify(build) ignored
[0.205s] Level 1:colcon.colcon_core.package_identification:_identify(install) by extensions ['ignore', 'ignore_ament_install']
[0.205s] Level 1:colcon.colcon_core.package_identification:_identify(install) by extension 'ignore'
[0.205s] Level 1:colcon.colcon_core.package_identification:_identify(install) ignored
[0.205s] Level 1:colcon.colcon_core.package_identification:_identify(log) by extensions ['ignore', 'ignore_ament_install']
[0.205s] Level 1:colcon.colcon_core.package_identification:_identify(log) by extension 'ignore'
[0.205s] Level 1:colcon.colcon_core.package_identification:_identify(log) ignored
[0.205s] Level 1:colcon.colcon_core.package_identification:_identify(src) by extensions ['ignore', 'ignore_ament_install']
[0.205s] Level 1:colcon.colcon_core.package_identification:_identify(src) by extension 'ignore'
[0.205s] Level 1:colcon.colcon_core.package_identification:_identify(src) by extension 'ignore_ament_install'
[0.205s] Level 1:colcon.colcon_core.package_identification:_identify(src) by extensions ['colcon_pkg']
[0.205s] Level 1:colcon.colcon_core.package_identification:_identify(src) by extension 'colcon_pkg'
[0.206s] Level 1:colcon.colcon_core.package_identification:_identify(src) by extensions ['colcon_meta']
[0.206s] Level 1:colcon.colcon_core.package_identification:_identify(src) by extension 'colcon_meta'
[0.206s] Level 1:colcon.colcon_core.package_identification:_identify(src) by extensions ['ros']
[0.206s] Level 1:colcon.colcon_core.package_identification:_identify(src) by extension 'ros'
[0.206s] Level 1:colcon.colcon_core.package_identification:_identify(src) by extensions ['cmake', 'python']
[0.206s] Level 1:colcon.colcon_core.package_identification:_identify(src) by extension 'cmake'
[0.206s] Level 1:colcon.colcon_core.package_identification:_identify(src) by extension 'python'
[0.206s] Level 1:colcon.colcon_core.package_identification:_identify(src) by extensions ['python_setup_py']
[0.206s] Level 1:colcon.colcon_core.package_identification:_identify(src) by extension 'python_setup_py'
[0.206s] Level 1:colcon.colcon_core.package_identification:_identify(src/dyros_cmake) by extensions ['ignore', 'ignore_ament_install']
[0.206s] Level 1:colcon.colcon_core.package_identification:_identify(src/dyros_cmake) by extension 'ignore'
[0.206s] Level 1:colcon.colcon_core.package_identification:_identify(src/dyros_cmake) by extension 'ignore_ament_install'
[0.206s] Level 1:colcon.colcon_core.package_identification:_identify(src/dyros_cmake) by extensions ['colcon_pkg']
[0.206s] Level 1:colcon.colcon_core.package_identification:_identify(src/dyros_cmake) by extension 'colcon_pkg'
[0.206s] Level 1:colcon.colcon_core.package_identification:_identify(src/dyros_cmake) by extensions ['colcon_meta']
[0.207s] Level 1:colcon.colcon_core.package_identification:_identify(src/dyros_cmake) by extension 'colcon_meta'
[0.207s] Level 1:colcon.colcon_core.package_identification:_identify(src/dyros_cmake) by extensions ['ros']
[0.207s] Level 1:colcon.colcon_core.package_identification:_identify(src/dyros_cmake) by extension 'ros'
[0.209s] DEBUG:colcon.colcon_core.package_identification:Package 'src/dyros_cmake' with type 'ros.ament_cmake' and name 'dyros_cmake'
[0.209s] Level 1:colcon.colcon_core.package_identification:_identify(src/dyros_interface) by extensions ['ignore', 'ignore_ament_install']
[0.210s] Level 1:colcon.colcon_core.package_identification:_identify(src/dyros_interface) by extension 'ignore'
[0.210s] Level 1:colcon.colcon_core.package_identification:_identify(src/dyros_interface) by extension 'ignore_ament_install'
[0.210s] Level 1:colcon.colcon_core.package_identification:_identify(src/dyros_interface) by extensions ['colcon_pkg']
[0.210s] Level 1:colcon.colcon_core.package_identification:_identify(src/dyros_interface) by extension 'colcon_pkg'
[0.210s] Level 1:colcon.colcon_core.package_identification:_identify(src/dyros_interface) by extensions ['colcon_meta']
[0.210s] Level 1:colcon.colcon_core.package_identification:_identify(src/dyros_interface) by extension 'colcon_meta'
[0.210s] Level 1:colcon.colcon_core.package_identification:_identify(src/dyros_interface) by extensions ['ros']
[0.210s] Level 1:colcon.colcon_core.package_identification:_identify(src/dyros_interface) by extension 'ros'
[0.211s] DEBUG:colcon.colcon_core.package_identification:Package 'src/dyros_interface' with type 'ros.ament_cmake' and name 'dyros_interface'
[0.211s] Level 1:colcon.colcon_core.package_identification:_identify(src/dyros_python) by extensions ['ignore', 'ignore_ament_install']
[0.211s] Level 1:colcon.colcon_core.package_identification:_identify(src/dyros_python) by extension 'ignore'
[0.211s] Level 1:colcon.colcon_core.package_identification:_identify(src/dyros_python) by extension 'ignore_ament_install'
[0.211s] Level 1:colcon.colcon_core.package_identification:_identify(src/dyros_python) by extensions ['colcon_pkg']
[0.211s] Level 1:colcon.colcon_core.package_identification:_identify(src/dyros_python) by extension 'colcon_pkg'
[0.211s] Level 1:colcon.colcon_core.package_identification:_identify(src/dyros_python) by extensions ['colcon_meta']
[0.211s] Level 1:colcon.colcon_core.package_identification:_identify(src/dyros_python) by extension 'colcon_meta'
[0.211s] Level 1:colcon.colcon_core.package_identification:_identify(src/dyros_python) by extensions ['ros']
[0.211s] Level 1:colcon.colcon_core.package_identification:_identify(src/dyros_python) by extension 'ros'
[0.212s] DEBUG:colcon.colcon_core.package_identification:Package 'src/dyros_python' with type 'ros.ament_python' and name 'dyros_python'
[0.212s] Level 1:colcon.colcon_core.package_identification:_identify(src/tutorial) by extensions ['ignore', 'ignore_ament_install']
[0.212s] Level 1:colcon.colcon_core.package_identification:_identify(src/tutorial) by extension 'ignore'
[0.212s] Level 1:colcon.colcon_core.package_identification:_identify(src/tutorial) by extension 'ignore_ament_install'
[0.212s] Level 1:colcon.colcon_core.package_identification:_identify(src/tutorial) by extensions ['colcon_pkg']
[0.212s] Level 1:colcon.colcon_core.package_identification:_identify(src/tutorial) by extension 'colcon_pkg'
[0.212s] Level 1:colcon.colcon_core.package_identification:_identify(src/tutorial) by extensions ['colcon_meta']
[0.212s] Level 1:colcon.colcon_core.package_identification:_identify(src/tutorial) by extension 'colcon_meta'
[0.212s] Level 1:colcon.colcon_core.package_identification:_identify(src/tutorial) by extensions ['ros']
[0.212s] Level 1:colcon.colcon_core.package_identification:_identify(src/tutorial) by extension 'ros'
[0.212s] Level 1:colcon.colcon_core.package_identification:_identify(src/tutorial) by extensions ['cmake', 'python']
[0.212s] Level 1:colcon.colcon_core.package_identification:_identify(src/tutorial) by extension 'cmake'
[0.213s] Level 1:colcon.colcon_core.package_identification:_identify(src/tutorial) by extension 'python'
[0.214s] DEBUG:colcon.colcon_core.package_identification:Package 'src/tutorial' with type 'cmake' and name 'Tutorial'
[0.214s] Level 1:colcon.colcon_core.package_discovery:discover_packages(recursive) using defaults
[0.214s] Level 1:colcon.colcon_core.package_discovery:discover_packages(ignore) discover
[0.214s] Level 1:colcon.colcon_core.package_discovery:discover_packages(ignore) using defaults
[0.214s] Level 1:colcon.colcon_core.package_discovery:discover_packages(path) discover
[0.214s] Level 1:colcon.colcon_core.package_discovery:discover_packages(path) using defaults
[0.254s] INFO:colcon.colcon_core.package_selection:Skipping not selected package 'Tutorial' in 'src/tutorial'
[0.255s] INFO:colcon.colcon_core.package_selection:Skipping not selected package 'dyros_interface' in 'src/dyros_interface'
[0.255s] INFO:colcon.colcon_core.package_selection:Skipping not selected package 'dyros_python' in 'src/dyros_python'
[0.257s] Level 1:colcon.colcon_core.package_discovery:discover_packages(prefix_path) check parameters
[0.257s] Level 1:colcon.colcon_core.package_discovery:discover_packages(prefix_path) discover
[0.265s] DEBUG:colcon.colcon_installed_package_information.package_discovery:Found 1 installed packages in /home/dyros/ros2_ws2/install
[0.266s] DEBUG:colcon.colcon_installed_package_information.package_discovery:Found 3 installed packages in /home/dyros/ros2_ws/install
[0.268s] DEBUG:colcon.colcon_installed_package_information.package_discovery:Found 317 installed packages in /opt/ros/humble
[0.271s] Level 1:colcon.colcon_core.package_discovery:discover_packages(prefix_path) using defaults
[0.367s] Level 5:colcon.colcon_core.verb:set package 'dyros_cmake' build argument 'cmake_args' from command line to 'None'
[0.367s] Level 5:colcon.colcon_core.verb:set package 'dyros_cmake' build argument 'cmake_target' from command line to 'None'
[0.367s] Level 5:colcon.colcon_core.verb:set package 'dyros_cmake' build argument 'cmake_target_skip_unavailable' from command line to 'False'
[0.367s] Level 5:colcon.colcon_core.verb:set package 'dyros_cmake' build argument 'cmake_clean_cache' from command line to 'False'
[0.367s] Level 5:colcon.colcon_core.verb:set package 'dyros_cmake' build argument 'cmake_clean_first' from command line to 'False'
[0.367s] Level 5:colcon.colcon_core.verb:set package 'dyros_cmake' build argument 'cmake_force_configure' from command line to 'False'
[0.367s] Level 5:colcon.colcon_core.verb:set package 'dyros_cmake' build argument 'ament_cmake_args' from command line to 'None'
[0.368s] Level 5:colcon.colcon_core.verb:set package 'dyros_cmake' build argument 'catkin_cmake_args' from command line to 'None'
[0.368s] Level 5:colcon.colcon_core.verb:set package 'dyros_cmake' build argument 'catkin_skip_building_tests' from command line to 'False'
[0.368s] DEBUG:colcon.colcon_core.verb:Building package 'dyros_cmake' with the following arguments: {'ament_cmake_args': None, 'build_base': '/home/dyros/ros2_ws2/build/dyros_cmake', 'catkin_cmake_args': None, 'catkin_skip_building_tests': False, 'cmake_args': None, 'cmake_clean_cache': False, 'cmake_clean_first': False, 'cmake_force_configure': False, 'cmake_target': None, 'cmake_target_skip_unavailable': False, 'install_base': '/home/dyros/ros2_ws2/install/dyros_cmake', 'merge_install': False, 'path': '/home/dyros/ros2_ws2/src/dyros_cmake', 'symlink_install': False, 'test_result_base': None}
[0.368s] INFO:colcon.colcon_core.executor:Executing jobs using 'parallel' executor
[0.375s] DEBUG:colcon.colcon_parallel_executor.executor.parallel:run_until_complete
[0.375s] INFO:colcon.colcon_ros.task.ament_cmake.build:Building ROS package in '/home/dyros/ros2_ws2/src/dyros_cmake' with build type 'ament_cmake'
[0.375s] INFO:colcon.colcon_cmake.task.cmake.build:Building CMake package in '/home/dyros/ros2_ws2/src/dyros_cmake'
[0.389s] INFO:colcon.colcon_core.plugin_system:Skipping extension 'colcon_core.shell.bat': Not used on non-Windows systems
[0.389s] INFO:colcon.colcon_core.shell:Skip shell extension 'powershell' for command environment: Not usable outside of PowerShell
[0.389s] DEBUG:colcon.colcon_core.shell:Skip shell extension 'dsv' for command environment
[0.394s] WARNING:colcon.colcon_core.shell:The following packages are in the workspace but haven't been built:
- dyros_interface
They are being used from the following locations instead:
- /home/dyros/ros2_ws/install/dyros_interface
To suppress this warning ignore these packages in the workspace:
--packages-ignore dyros_interface
[0.400s] DEBUG:colcon.colcon_core.event_handler.log_command:Invoking command in '/home/dyros/ros2_ws2/build/dyros_cmake': CMAKE_PREFIX_PATH=${CMAKE_PREFIX_PATH}:/home/dyros/ros2_ws/install/dyros_python:/opt/ros/humble /usr/bin/cmake /home/dyros/ros2_ws2/src/dyros_cmake -DCMAKE_INSTALL_PREFIX=/home/dyros/ros2_ws2/install/dyros_cmake
[2.359s] DEBUG:colcon.colcon_core.event_handler.log_command:Invoked command in '/home/dyros/ros2_ws2/build/dyros_cmake' returned '0': CMAKE_PREFIX_PATH=${CMAKE_PREFIX_PATH}:/home/dyros/ros2_ws/install/dyros_python:/opt/ros/humble /usr/bin/cmake /home/dyros/ros2_ws2/src/dyros_cmake -DCMAKE_INSTALL_PREFIX=/home/dyros/ros2_ws2/install/dyros_cmake
[2.361s] DEBUG:colcon.colcon_core.event_handler.log_command:Invoking command in '/home/dyros/ros2_ws2/build/dyros_cmake': CMAKE_PREFIX_PATH=${CMAKE_PREFIX_PATH}:/home/dyros/ros2_ws/install/dyros_python:/opt/ros/humble /usr/bin/cmake --build /home/dyros/ros2_ws2/build/dyros_cmake -- -j2 -l2
[27.528s] DEBUG:colcon.colcon_core.event_handler.log_command:Invoked command in '/home/dyros/ros2_ws2/build/dyros_cmake' returned '0': CMAKE_PREFIX_PATH=${CMAKE_PREFIX_PATH}:/home/dyros/ros2_ws/install/dyros_python:/opt/ros/humble /usr/bin/cmake --build /home/dyros/ros2_ws2/build/dyros_cmake -- -j2 -l2
[27.661s] DEBUG:colcon.colcon_core.event_handler.log_command:Invoking command in '/home/dyros/ros2_ws2/build/dyros_cmake': CMAKE_PREFIX_PATH=${CMAKE_PREFIX_PATH}:/home/dyros/ros2_ws/install/dyros_python:/opt/ros/humble /usr/bin/cmake --install /home/dyros/ros2_ws2/build/dyros_cmake
[27.716s] Level 1:colcon.colcon_core.environment:create_environment_scripts_only(dyros_cmake)
[27.722s] DEBUG:colcon.colcon_core.event_handler.log_command:Invoked command in '/home/dyros/ros2_ws2/build/dyros_cmake' returned '0': CMAKE_PREFIX_PATH=${CMAKE_PREFIX_PATH}:/home/dyros/ros2_ws/install/dyros_python:/opt/ros/humble /usr/bin/cmake --install /home/dyros/ros2_ws2/build/dyros_cmake
[27.824s] Level 1:colcon.colcon_core.environment:checking '/home/dyros/ros2_ws2/install/dyros_cmake' for CMake module files
[27.827s] Level 1:colcon.colcon_core.environment:checking '/home/dyros/ros2_ws2/install/dyros_cmake' for CMake config files
[27.828s] Level 1:colcon.colcon_core.shell:create_environment_hook('dyros_cmake', 'cmake_prefix_path')
[27.835s] INFO:colcon.colcon_core.shell:Creating environment hook '/home/dyros/ros2_ws2/install/dyros_cmake/share/dyros_cmake/hook/cmake_prefix_path.ps1'
[27.848s] INFO:colcon.colcon_core.shell:Creating environment descriptor '/home/dyros/ros2_ws2/install/dyros_cmake/share/dyros_cmake/hook/cmake_prefix_path.dsv'
[27.851s] INFO:colcon.colcon_core.shell:Creating environment hook '/home/dyros/ros2_ws2/install/dyros_cmake/share/dyros_cmake/hook/cmake_prefix_path.sh'
[27.856s] Level 1:colcon.colcon_core.environment:checking '/home/dyros/ros2_ws2/install/dyros_cmake/lib'
[27.856s] Level 1:colcon.colcon_core.environment:checking '/home/dyros/ros2_ws2/install/dyros_cmake/bin'
[27.856s] Level 1:colcon.colcon_core.environment:checking '/home/dyros/ros2_ws2/install/dyros_cmake/lib/pkgconfig/dyros_cmake.pc'
[27.860s] Level 1:colcon.colcon_core.environment:checking '/home/dyros/ros2_ws2/install/dyros_cmake/lib/python3.10/site-packages'
[27.860s] Level 1:colcon.colcon_core.environment:checking '/home/dyros/ros2_ws2/install/dyros_cmake/bin'
[27.863s] INFO:colcon.colcon_core.shell:Creating package script '/home/dyros/ros2_ws2/install/dyros_cmake/share/dyros_cmake/package.ps1'
[27.865s] INFO:colcon.colcon_core.shell:Creating package descriptor '/home/dyros/ros2_ws2/install/dyros_cmake/share/dyros_cmake/package.dsv'
[27.868s] INFO:colcon.colcon_core.shell:Creating package script '/home/dyros/ros2_ws2/install/dyros_cmake/share/dyros_cmake/package.sh'
[27.870s] INFO:colcon.colcon_core.shell:Creating package script '/home/dyros/ros2_ws2/install/dyros_cmake/share/dyros_cmake/package.bash'
[27.871s] INFO:colcon.colcon_core.shell:Creating package script '/home/dyros/ros2_ws2/install/dyros_cmake/share/dyros_cmake/package.zsh'
[27.873s] Level 1:colcon.colcon_core.environment:create_file_with_runtime_dependencies(/home/dyros/ros2_ws2/install/dyros_cmake/share/colcon-core/packages/dyros_cmake)
[27.921s] Level 1:colcon.colcon_core.environment:create_environment_scripts_only(dyros_cmake)
[27.925s] Level 1:colcon.colcon_core.environment:checking '/home/dyros/ros2_ws2/install/dyros_cmake' for CMake module files
[27.926s] Level 1:colcon.colcon_core.environment:checking '/home/dyros/ros2_ws2/install/dyros_cmake' for CMake config files
[27.927s] Level 1:colcon.colcon_core.shell:create_environment_hook('dyros_cmake', 'cmake_prefix_path')
[27.929s] INFO:colcon.colcon_core.shell:Creating environment hook '/home/dyros/ros2_ws2/install/dyros_cmake/share/dyros_cmake/hook/cmake_prefix_path.ps1'
[27.931s] INFO:colcon.colcon_core.shell:Creating environment descriptor '/home/dyros/ros2_ws2/install/dyros_cmake/share/dyros_cmake/hook/cmake_prefix_path.dsv'
[27.931s] INFO:colcon.colcon_core.shell:Creating environment hook '/home/dyros/ros2_ws2/install/dyros_cmake/share/dyros_cmake/hook/cmake_prefix_path.sh'
[27.933s] Level 1:colcon.colcon_core.environment:checking '/home/dyros/ros2_ws2/install/dyros_cmake/lib'
[27.934s] Level 1:colcon.colcon_core.environment:checking '/home/dyros/ros2_ws2/install/dyros_cmake/bin'
[27.934s] Level 1:colcon.colcon_core.environment:checking '/home/dyros/ros2_ws2/install/dyros_cmake/lib/pkgconfig/dyros_cmake.pc'
[27.935s] Level 1:colcon.colcon_core.environment:checking '/home/dyros/ros2_ws2/install/dyros_cmake/lib/python3.10/site-packages'
[27.935s] Level 1:colcon.colcon_core.environment:checking '/home/dyros/ros2_ws2/install/dyros_cmake/bin'
[27.938s] INFO:colcon.colcon_core.shell:Creating package script '/home/dyros/ros2_ws2/install/dyros_cmake/share/dyros_cmake/package.ps1'
[27.940s] INFO:colcon.colcon_core.shell:Creating package descriptor '/home/dyros/ros2_ws2/install/dyros_cmake/share/dyros_cmake/package.dsv'
[27.941s] INFO:colcon.colcon_core.shell:Creating package script '/home/dyros/ros2_ws2/install/dyros_cmake/share/dyros_cmake/package.sh'
[27.942s] INFO:colcon.colcon_core.shell:Creating package script '/home/dyros/ros2_ws2/install/dyros_cmake/share/dyros_cmake/package.bash'
[27.943s] INFO:colcon.colcon_core.shell:Creating package script '/home/dyros/ros2_ws2/install/dyros_cmake/share/dyros_cmake/package.zsh'
[27.944s] Level 1:colcon.colcon_core.environment:create_file_with_runtime_dependencies(/home/dyros/ros2_ws2/install/dyros_cmake/share/colcon-core/packages/dyros_cmake)
[27.946s] DEBUG:colcon.colcon_parallel_executor.executor.parallel:closing loop
[27.949s] DEBUG:colcon.colcon_parallel_executor.executor.parallel:loop closed
[27.950s] DEBUG:colcon.colcon_parallel_executor.executor.parallel:run_until_complete finished with '0'
[27.952s] DEBUG:colcon.colcon_core.event_reactor:joining thread
[28.009s] INFO:colcon.colcon_core.plugin_system:Skipping extension 'colcon_notification.desktop_notification.terminal_notifier': Not used on non-Darwin systems
[28.009s] INFO:colcon.colcon_core.plugin_system:Skipping extension 'colcon_notification.desktop_notification.win32': Not used on non-Windows systems
[28.009s] INFO:colcon.colcon_notification.desktop_notification:Sending desktop notification using 'notify2'
[28.118s] DEBUG:colcon.colcon_core.event_reactor:joined thread
[28.121s] INFO:colcon.colcon_core.shell:Creating prefix script '/home/dyros/ros2_ws2/install/local_setup.ps1'
[28.124s] INFO:colcon.colcon_core.shell:Creating prefix util module '/home/dyros/ros2_ws2/install/_local_setup_util_ps1.py'
[28.126s] INFO:colcon.colcon_core.shell:Creating prefix chain script '/home/dyros/ros2_ws2/install/setup.ps1'
[28.132s] INFO:colcon.colcon_core.shell:Creating prefix script '/home/dyros/ros2_ws2/install/local_setup.sh'
[28.134s] INFO:colcon.colcon_core.shell:Creating prefix util module '/home/dyros/ros2_ws2/install/_local_setup_util_sh.py'
[28.135s] INFO:colcon.colcon_core.shell:Creating prefix chain script '/home/dyros/ros2_ws2/install/setup.sh'
[28.138s] INFO:colcon.colcon_core.shell:Creating prefix script '/home/dyros/ros2_ws2/install/local_setup.bash'
[28.140s] INFO:colcon.colcon_core.shell:Creating prefix chain script '/home/dyros/ros2_ws2/install/setup.bash'
[28.141s] INFO:colcon.colcon_core.shell:Creating prefix script '/home/dyros/ros2_ws2/install/local_setup.zsh'
[28.142s] INFO:colcon.colcon_core.shell:Creating prefix chain script '/home/dyros/ros2_ws2/install/setup.zsh'
