[0.057s] Invoking command in '/home/dyros/ros2_ws/build/franka_description': CMAKE_PREFIX_PATH=${CMAKE_PREFIX_PATH}:/home/dyros/ros2_ws/install/dyros_tf2:/home/dyros/ros2_ws/install/dyros_python:/opt/ros/humble /usr/bin/cmake /home/dyros/ros2_ws/src/franka_description -DCMAKE_INSTALL_PREFIX=/home/dyros/ros2_ws/install/franka_description
[0.506s] -- The C compiler identification is GNU 11.3.0
[0.704s] -- The CXX compiler identification is GNU 11.3.0
[0.704s] -- Detecting C compiler ABI info
[0.924s] -- Detecting C compiler ABI info - done
[0.936s] -- Check for working C compiler: /usr/bin/cc - skipped
[0.936s] -- Detecting C compile features
[0.937s] -- Detecting C compile features - done
[0.944s] -- Detecting CXX compiler ABI info
[1.235s] -- Detecting CXX compiler ABI info - done
[1.272s] -- Check for working CXX compiler: /usr/bin/c++ - skipped
[1.281s] -- Detecting CXX compile features
[1.282s] -- Detecting CXX compile features - done
[1.285s] -- Found ament_cmake: 1.3.3 (/opt/ros/humble/share/ament_cmake/cmake)
[1.748s] -- Found Python3: /usr/bin/python3.10 (found version "3.10.6") found components: Interpreter 
[1.947s] -- Found ament_lint_auto: 0.12.4 (/opt/ros/humble/share/ament_lint_auto/cmake)
[3.728s] -- Added test 'copyright' to check source files copyright and LICENSE
[3.742s] -- Added test 'flake8' to check Python code syntax and style conventions
[3.743s] -- Added test 'lint_cmake' to check CMake code style
[3.746s] -- Added test 'pep257' to check Python code against some of the docstring style conventions in PEP 257
[3.755s] -- Added test 'xmllint' to check XML markup files
[3.762s] -- Configuring done
[3.770s] -- Generating done
[3.777s] -- Build files have been written to: /home/dyros/ros2_ws/build/franka_description
[3.803s] Invoked command in '/home/dyros/ros2_ws/build/franka_description' returned '0': CMAKE_PREFIX_PATH=${CMAKE_PREFIX_PATH}:/home/dyros/ros2_ws/install/dyros_tf2:/home/dyros/ros2_ws/install/dyros_python:/opt/ros/humble /usr/bin/cmake /home/dyros/ros2_ws/src/franka_description -DCMAKE_INSTALL_PREFIX=/home/dyros/ros2_ws/install/franka_description
[3.805s] Invoking command in '/home/dyros/ros2_ws/build/franka_description': CMAKE_PREFIX_PATH=${CMAKE_PREFIX_PATH}:/home/dyros/ros2_ws/install/dyros_tf2:/home/dyros/ros2_ws/install/dyros_python:/opt/ros/humble /usr/bin/cmake --build /home/dyros/ros2_ws/build/franka_description -- -j2 -l2
[3.887s] Invoked command in '/home/dyros/ros2_ws/build/franka_description' returned '0': CMAKE_PREFIX_PATH=${CMAKE_PREFIX_PATH}:/home/dyros/ros2_ws/install/dyros_tf2:/home/dyros/ros2_ws/install/dyros_python:/opt/ros/humble /usr/bin/cmake --build /home/dyros/ros2_ws/build/franka_description -- -j2 -l2
[4.043s] Invoking command in '/home/dyros/ros2_ws/build/franka_description': CMAKE_PREFIX_PATH=${CMAKE_PREFIX_PATH}:/home/dyros/ros2_ws/install/dyros_tf2:/home/dyros/ros2_ws/install/dyros_python:/opt/ros/humble /usr/bin/cmake --install /home/dyros/ros2_ws/build/franka_description
[4.053s] -- Install configuration: ""
[4.053s] -- Installing: /home/dyros/ros2_ws/install/franka_description/share/franka_description//launch
[4.057s] -- Installing: /home/dyros/ros2_ws/install/franka_description/share/franka_description//launch/visualize_franka.launch.py
[4.059s] -- Installing: /home/dyros/ros2_ws/install/franka_description/share/franka_description//robots
[4.060s] -- Installing: /home/dyros/ros2_ws/install/franka_description/share/franka_description//robots/panda_arm.urdf.xacro
[4.069s] -- Installing: /home/dyros/ros2_ws/install/franka_description/share/franka_description//robots/hand.xacro
[4.069s] -- Installing: /home/dyros/ros2_ws/install/franka_description/share/franka_description//robots/panda_arm.xacro
[4.069s] -- Installing: /home/dyros/ros2_ws/install/franka_description/share/franka_description//robots/panda_arm_hand.urdf.xacro
[4.069s] -- Installing: /home/dyros/ros2_ws/install/franka_description/share/franka_description//robots/hand.urdf.xacro
[4.069s] -- Installing: /home/dyros/ros2_ws/install/franka_description/share/franka_description//robots/panda_arm.ros2_control.xacro
[4.070s] -- Installing: /home/dyros/ros2_ws/install/franka_description/share/franka_description//meshes
[4.070s] -- Installing: /home/dyros/ros2_ws/install/franka_description/share/franka_description//meshes/visual
[4.070s] -- Installing: /home/dyros/ros2_ws/install/franka_description/share/franka_description//meshes/visual/link0.dae
[4.078s] -- Installing: /home/dyros/ros2_ws/install/franka_description/share/franka_description//meshes/visual/link7.dae
[4.079s] -- Installing: /home/dyros/ros2_ws/install/franka_description/share/franka_description//meshes/visual/finger.dae
[4.080s] -- Installing: /home/dyros/ros2_ws/install/franka_description/share/franka_description//meshes/visual/link1.dae
[4.090s] -- Installing: /home/dyros/ros2_ws/install/franka_description/share/franka_description//meshes/visual/link5.dae
[4.100s] -- Installing: /home/dyros/ros2_ws/install/franka_description/share/franka_description//meshes/visual/link4.dae
[4.100s] -- Installing: /home/dyros/ros2_ws/install/franka_description/share/franka_description//meshes/visual/link6.dae
[4.111s] -- Installing: /home/dyros/ros2_ws/install/franka_description/share/franka_description//meshes/visual/link2.dae
[4.124s] -- Installing: /home/dyros/ros2_ws/install/franka_description/share/franka_description//meshes/visual/hand.dae
[4.124s] -- Installing: /home/dyros/ros2_ws/install/franka_description/share/franka_description//meshes/visual/link3.dae
[4.147s] -- Installing: /home/dyros/ros2_ws/install/franka_description/share/franka_description//rviz
[4.147s] -- Installing: /home/dyros/ros2_ws/install/franka_description/share/franka_description//rviz/visualize_franka.rviz
[4.147s] -- Installing: /home/dyros/ros2_ws/install/franka_description/share/ament_index/resource_index/package_run_dependencies/franka_description
[4.147s] -- Installing: /home/dyros/ros2_ws/install/franka_description/share/ament_index/resource_index/parent_prefix_path/franka_description
[4.147s] -- Installing: /home/dyros/ros2_ws/install/franka_description/share/franka_description/environment/ament_prefix_path.sh
[4.147s] -- Installing: /home/dyros/ros2_ws/install/franka_description/share/franka_description/environment/ament_prefix_path.dsv
[4.147s] -- Installing: /home/dyros/ros2_ws/install/franka_description/share/franka_description/environment/path.sh
[4.147s] -- Installing: /home/dyros/ros2_ws/install/franka_description/share/franka_description/environment/path.dsv
[4.147s] -- Installing: /home/dyros/ros2_ws/install/franka_description/share/franka_description/local_setup.bash
[4.147s] -- Installing: /home/dyros/ros2_ws/install/franka_description/share/franka_description/local_setup.sh
[4.147s] -- Installing: /home/dyros/ros2_ws/install/franka_description/share/franka_description/local_setup.zsh
[4.147s] -- Installing: /home/dyros/ros2_ws/install/franka_description/share/franka_description/local_setup.dsv
[4.148s] -- Installing: /home/dyros/ros2_ws/install/franka_description/share/franka_description/package.dsv
[4.148s] -- Installing: /home/dyros/ros2_ws/install/franka_description/share/ament_index/resource_index/packages/franka_description
[4.148s] -- Installing: /home/dyros/ros2_ws/install/franka_description/share/franka_description/cmake/franka_descriptionConfig.cmake
[4.148s] -- Installing: /home/dyros/ros2_ws/install/franka_description/share/franka_description/cmake/franka_descriptionConfig-version.cmake
[4.148s] -- Installing: /home/dyros/ros2_ws/install/franka_description/share/franka_description/package.xml
[4.157s] Invoked command in '/home/dyros/ros2_ws/build/franka_description' returned '0': CMAKE_PREFIX_PATH=${CMAKE_PREFIX_PATH}:/home/dyros/ros2_ws/install/dyros_tf2:/home/dyros/ros2_ws/install/dyros_python:/opt/ros/humble /usr/bin/cmake --install /home/dyros/ros2_ws/build/franka_description
