running egg_info
creating ../../build/dyros_tf2/dyros_tf2.egg-info
writing ../../build/dyros_tf2/dyros_tf2.egg-info/PKG-INFO
writing dependency_links to ../../build/dyros_tf2/dyros_tf2.egg-info/dependency_links.txt
writing entry points to ../../build/dyros_tf2/dyros_tf2.egg-info/entry_points.txt
writing requirements to ../../build/dyros_tf2/dyros_tf2.egg-info/requires.txt
writing top-level names to ../../build/dyros_tf2/dyros_tf2.egg-info/top_level.txt
writing manifest file '../../build/dyros_tf2/dyros_tf2.egg-info/SOURCES.txt'
reading manifest file '../../build/dyros_tf2/dyros_tf2.egg-info/SOURCES.txt'
writing manifest file '../../build/dyros_tf2/dyros_tf2.egg-info/SOURCES.txt'
running build
running build_py
creating /home/dyros/ros2_ws2/build/dyros_tf2/build
creating /home/dyros/ros2_ws2/build/dyros_tf2/build/lib
creating /home/dyros/ros2_ws2/build/dyros_tf2/build/lib/dyros_tf2
copying dyros_tf2/fixed_tf2_broadcaster.py -> /home/dyros/ros2_ws2/build/dyros_tf2/build/lib/dyros_tf2
copying dyros_tf2/tf2_listener.py -> /home/dyros/ros2_ws2/build/dyros_tf2/build/lib/dyros_tf2
copying dyros_tf2/tf2_broadcaster.py -> /home/dyros/ros2_ws2/build/dyros_tf2/build/lib/dyros_tf2
copying dyros_tf2/__init__.py -> /home/dyros/ros2_ws2/build/dyros_tf2/build/lib/dyros_tf2
copying dyros_tf2/tf2_static_broadcaster.py -> /home/dyros/ros2_ws2/build/dyros_tf2/build/lib/dyros_tf2
running install
running install_lib
creating /home/dyros/ros2_ws2/install/dyros_tf2/lib/python3.10/site-packages/dyros_tf2
copying /home/dyros/ros2_ws2/build/dyros_tf2/build/lib/dyros_tf2/fixed_tf2_broadcaster.py -> /home/dyros/ros2_ws2/install/dyros_tf2/lib/python3.10/site-packages/dyros_tf2
copying /home/dyros/ros2_ws2/build/dyros_tf2/build/lib/dyros_tf2/tf2_listener.py -> /home/dyros/ros2_ws2/install/dyros_tf2/lib/python3.10/site-packages/dyros_tf2
copying /home/dyros/ros2_ws2/build/dyros_tf2/build/lib/dyros_tf2/tf2_broadcaster.py -> /home/dyros/ros2_ws2/install/dyros_tf2/lib/python3.10/site-packages/dyros_tf2
copying /home/dyros/ros2_ws2/build/dyros_tf2/build/lib/dyros_tf2/__init__.py -> /home/dyros/ros2_ws2/install/dyros_tf2/lib/python3.10/site-packages/dyros_tf2
copying /home/dyros/ros2_ws2/build/dyros_tf2/build/lib/dyros_tf2/tf2_static_broadcaster.py -> /home/dyros/ros2_ws2/install/dyros_tf2/lib/python3.10/site-packages/dyros_tf2
byte-compiling /home/dyros/ros2_ws2/install/dyros_tf2/lib/python3.10/site-packages/dyros_tf2/fixed_tf2_broadcaster.py to fixed_tf2_broadcaster.cpython-310.pyc
byte-compiling /home/dyros/ros2_ws2/install/dyros_tf2/lib/python3.10/site-packages/dyros_tf2/tf2_listener.py to tf2_listener.cpython-310.pyc
byte-compiling /home/dyros/ros2_ws2/install/dyros_tf2/lib/python3.10/site-packages/dyros_tf2/tf2_broadcaster.py to tf2_broadcaster.cpython-310.pyc
byte-compiling /home/dyros/ros2_ws2/install/dyros_tf2/lib/python3.10/site-packages/dyros_tf2/__init__.py to __init__.cpython-310.pyc
byte-compiling /home/dyros/ros2_ws2/install/dyros_tf2/lib/python3.10/site-packages/dyros_tf2/tf2_static_broadcaster.py to tf2_static_broadcaster.cpython-310.pyc
running install_data
creating /home/dyros/ros2_ws2/install/dyros_tf2/share/ament_index
creating /home/dyros/ros2_ws2/install/dyros_tf2/share/ament_index/resource_index
creating /home/dyros/ros2_ws2/install/dyros_tf2/share/ament_index/resource_index/packages
copying resource/dyros_tf2 -> /home/dyros/ros2_ws2/install/dyros_tf2/share/ament_index/resource_index/packages
copying package.xml -> /home/dyros/ros2_ws2/install/dyros_tf2/share/dyros_tf2
creating /home/dyros/ros2_ws2/install/dyros_tf2/share/dyros_tf2/launch
copying launch/start_demo_launch.py -> /home/dyros/ros2_ws2/install/dyros_tf2/share/dyros_tf2/launch
copying launch/start_demo_with_listener_and_carrot_launch.py -> /home/dyros/ros2_ws2/install/dyros_tf2/share/dyros_tf2/launch
copying launch/start_demo_with_listener_launch.py -> /home/dyros/ros2_ws2/install/dyros_tf2/share/dyros_tf2/launch
running install_egg_info
Copying ../../build/dyros_tf2/dyros_tf2.egg-info to /home/dyros/ros2_ws2/install/dyros_tf2/lib/python3.10/site-packages/dyros_tf2-0.0.0-py3.10.egg-info
running install_scripts
Installing fixed_tf2_broadcaster script to /home/dyros/ros2_ws2/install/dyros_tf2/lib/dyros_tf2
Installing tf2_broadcaster script to /home/dyros/ros2_ws2/install/dyros_tf2/lib/dyros_tf2
Installing tf2_listener script to /home/dyros/ros2_ws2/install/dyros_tf2/lib/dyros_tf2
Installing tf2_static_broadcaster script to /home/dyros/ros2_ws2/install/dyros_tf2/lib/dyros_tf2
writing list of installed files to '/home/dyros/ros2_ws2/build/dyros_tf2/install.log'
