[0.221s] DEBUG:colcon:Command line arguments: ['/usr/bin/colcon', 'build', '--packages-select', 'dyros_urdf_tf']
[0.222s] DEBUG:colcon:Parsed command line arguments: Namespace(log_base=None, log_level=None, verb_name='build', build_base='build', install_base='install', merge_install=False, symlink_install=False, test_result_base=None, continue_on_error=False, executor='parallel', parallel_workers=2, event_handlers=None, ignore_user_meta=False, metas=['./colcon.meta'], base_paths=['.'], packages_ignore=None, packages_ignore_regex=None, paths=None, packages_up_to=None, packages_up_to_regex=None, packages_above=None, packages_above_and_dependencies=None, packages_above_depth=None, packages_select_by_dep=None, packages_skip_by_dep=None, packages_skip_up_to=None, packages_select_build_failed=False, packages_skip_build_finished=False, packages_select_test_failures=False, packages_skip_test_passed=False, packages_select=['dyros_urdf_tf'], packages_skip=None, packages_select_regex=None, packages_skip_regex=None, packages_start=None, packages_end=None, allow_overriding=[], cmake_args=None, cmake_target=None, cmake_target_skip_unavailable=False, cmake_clean_cache=False, cmake_clean_first=False, cmake_force_configure=False, ament_cmake_args=None, catkin_cmake_args=None, catkin_skip_building_tests=False, verb_parser=<colcon_defaults.argument_parser.defaults.DefaultArgumentsDecorator object at 0x7fa16b5a0b50>, verb_extension=<colcon_core.verb.build.BuildVerb object at 0x7fa16b5a05e0>, main=<bound method BuildVerb.main of <colcon_core.verb.build.BuildVerb object at 0x7fa16b5a05e0>>)
[0.391s] Level 1:colcon.colcon_core.package_discovery:discover_packages(colcon_meta) check parameters
[0.391s] Level 1:colcon.colcon_core.package_discovery:discover_packages(recursive) check parameters
[0.392s] Level 1:colcon.colcon_core.package_discovery:discover_packages(ignore) check parameters
[0.392s] Level 1:colcon.colcon_core.package_discovery:discover_packages(path) check parameters
[0.392s] Level 1:colcon.colcon_core.package_discovery:discover_packages(colcon_meta) discover
[0.392s] Level 1:colcon.colcon_core.package_discovery:discover_packages(recursive) discover
[0.392s] INFO:colcon.colcon_core.package_discovery:Crawling recursively for packages in '/home/dyros/ros2_ws2'
[0.392s] Level 1:colcon.colcon_core.package_identification:_identify(.) by extensions ['ignore', 'ignore_ament_install']
[0.393s] Level 1:colcon.colcon_core.package_identification:_identify(.) by extension 'ignore'
[0.393s] Level 1:colcon.colcon_core.package_identification:_identify(.) by extension 'ignore_ament_install'
[0.393s] Level 1:colcon.colcon_core.package_identification:_identify(.) by extensions ['colcon_pkg']
[0.394s] Level 1:colcon.colcon_core.package_identification:_identify(.) by extension 'colcon_pkg'
[0.394s] Level 1:colcon.colcon_core.package_identification:_identify(.) by extensions ['colcon_meta']
[0.394s] Level 1:colcon.colcon_core.package_identification:_identify(.) by extension 'colcon_meta'
[0.394s] Level 1:colcon.colcon_core.package_identification:_identify(.) by extensions ['ros']
[0.394s] Level 1:colcon.colcon_core.package_identification:_identify(.) by extension 'ros'
[0.453s] Level 1:colcon.colcon_core.package_identification:_identify(.) by extensions ['cmake', 'python']
[0.453s] Level 1:colcon.colcon_core.package_identification:_identify(.) by extension 'cmake'
[0.453s] Level 1:colcon.colcon_core.package_identification:_identify(.) by extension 'python'
[0.454s] Level 1:colcon.colcon_core.package_identification:_identify(.) by extensions ['python_setup_py']
[0.454s] Level 1:colcon.colcon_core.package_identification:_identify(.) by extension 'python_setup_py'
[0.454s] Level 1:colcon.colcon_core.package_identification:_identify(build) by extensions ['ignore', 'ignore_ament_install']
[0.455s] Level 1:colcon.colcon_core.package_identification:_identify(build) by extension 'ignore'
[0.455s] Level 1:colcon.colcon_core.package_identification:_identify(build) ignored
[0.455s] Level 1:colcon.colcon_core.package_identification:_identify(install) by extensions ['ignore', 'ignore_ament_install']
[0.456s] Level 1:colcon.colcon_core.package_identification:_identify(install) by extension 'ignore'
[0.456s] Level 1:colcon.colcon_core.package_identification:_identify(install) ignored
[0.456s] Level 1:colcon.colcon_core.package_identification:_identify(log) by extensions ['ignore', 'ignore_ament_install']
[0.456s] Level 1:colcon.colcon_core.package_identification:_identify(log) by extension 'ignore'
[0.457s] Level 1:colcon.colcon_core.package_identification:_identify(log) ignored
[0.457s] Level 1:colcon.colcon_core.package_identification:_identify(src) by extensions ['ignore', 'ignore_ament_install']
[0.457s] Level 1:colcon.colcon_core.package_identification:_identify(src) by extension 'ignore'
[0.458s] Level 1:colcon.colcon_core.package_identification:_identify(src) by extension 'ignore_ament_install'
[0.458s] Level 1:colcon.colcon_core.package_identification:_identify(src) by extensions ['colcon_pkg']
[0.458s] Level 1:colcon.colcon_core.package_identification:_identify(src) by extension 'colcon_pkg'
[0.458s] Level 1:colcon.colcon_core.package_identification:_identify(src) by extensions ['colcon_meta']
[0.458s] Level 1:colcon.colcon_core.package_identification:_identify(src) by extension 'colcon_meta'
[0.459s] Level 1:colcon.colcon_core.package_identification:_identify(src) by extensions ['ros']
[0.459s] Level 1:colcon.colcon_core.package_identification:_identify(src) by extension 'ros'
[0.459s] Level 1:colcon.colcon_core.package_identification:_identify(src) by extensions ['cmake', 'python']
[0.459s] Level 1:colcon.colcon_core.package_identification:_identify(src) by extension 'cmake'
[0.459s] Level 1:colcon.colcon_core.package_identification:_identify(src) by extension 'python'
[0.459s] Level 1:colcon.colcon_core.package_identification:_identify(src) by extensions ['python_setup_py']
[0.460s] Level 1:colcon.colcon_core.package_identification:_identify(src) by extension 'python_setup_py'
[0.460s] Level 1:colcon.colcon_core.package_identification:_identify(src/dyros_cmake) by extensions ['ignore', 'ignore_ament_install']
[0.460s] Level 1:colcon.colcon_core.package_identification:_identify(src/dyros_cmake) by extension 'ignore'
[0.460s] Level 1:colcon.colcon_core.package_identification:_identify(src/dyros_cmake) by extension 'ignore_ament_install'
[0.461s] Level 1:colcon.colcon_core.package_identification:_identify(src/dyros_cmake) by extensions ['colcon_pkg']
[0.461s] Level 1:colcon.colcon_core.package_identification:_identify(src/dyros_cmake) by extension 'colcon_pkg'
[0.461s] Level 1:colcon.colcon_core.package_identification:_identify(src/dyros_cmake) by extensions ['colcon_meta']
[0.461s] Level 1:colcon.colcon_core.package_identification:_identify(src/dyros_cmake) by extension 'colcon_meta'
[0.462s] Level 1:colcon.colcon_core.package_identification:_identify(src/dyros_cmake) by extensions ['ros']
[0.462s] Level 1:colcon.colcon_core.package_identification:_identify(src/dyros_cmake) by extension 'ros'
[0.475s] DEBUG:colcon.colcon_core.package_identification:Package 'src/dyros_cmake' with type 'ros.ament_cmake' and name 'dyros_cmake'
[0.477s] Level 1:colcon.colcon_core.package_identification:_identify(src/dyros_interface) by extensions ['ignore', 'ignore_ament_install']
[0.478s] Level 1:colcon.colcon_core.package_identification:_identify(src/dyros_interface) by extension 'ignore'
[0.478s] Level 1:colcon.colcon_core.package_identification:_identify(src/dyros_interface) by extension 'ignore_ament_install'
[0.478s] Level 1:colcon.colcon_core.package_identification:_identify(src/dyros_interface) by extensions ['colcon_pkg']
[0.478s] Level 1:colcon.colcon_core.package_identification:_identify(src/dyros_interface) by extension 'colcon_pkg'
[0.479s] Level 1:colcon.colcon_core.package_identification:_identify(src/dyros_interface) by extensions ['colcon_meta']
[0.479s] Level 1:colcon.colcon_core.package_identification:_identify(src/dyros_interface) by extension 'colcon_meta'
[0.479s] Level 1:colcon.colcon_core.package_identification:_identify(src/dyros_interface) by extensions ['ros']
[0.479s] Level 1:colcon.colcon_core.package_identification:_identify(src/dyros_interface) by extension 'ros'
[0.483s] DEBUG:colcon.colcon_core.package_identification:Package 'src/dyros_interface' with type 'ros.ament_cmake' and name 'dyros_interface'
[0.484s] Level 1:colcon.colcon_core.package_identification:_identify(src/dyros_python) by extensions ['ignore', 'ignore_ament_install']
[0.485s] Level 1:colcon.colcon_core.package_identification:_identify(src/dyros_python) by extension 'ignore'
[0.485s] Level 1:colcon.colcon_core.package_identification:_identify(src/dyros_python) by extension 'ignore_ament_install'
[0.485s] Level 1:colcon.colcon_core.package_identification:_identify(src/dyros_python) by extensions ['colcon_pkg']
[0.486s] Level 1:colcon.colcon_core.package_identification:_identify(src/dyros_python) by extension 'colcon_pkg'
[0.486s] Level 1:colcon.colcon_core.package_identification:_identify(src/dyros_python) by extensions ['colcon_meta']
[0.486s] Level 1:colcon.colcon_core.package_identification:_identify(src/dyros_python) by extension 'colcon_meta'
[0.486s] Level 1:colcon.colcon_core.package_identification:_identify(src/dyros_python) by extensions ['ros']
[0.486s] Level 1:colcon.colcon_core.package_identification:_identify(src/dyros_python) by extension 'ros'
[0.489s] DEBUG:colcon.colcon_core.package_identification:Package 'src/dyros_python' with type 'ros.ament_python' and name 'dyros_python'
[0.489s] Level 1:colcon.colcon_core.package_identification:_identify(src/dyros_urdf_tf) by extensions ['ignore', 'ignore_ament_install']
[0.490s] Level 1:colcon.colcon_core.package_identification:_identify(src/dyros_urdf_tf) by extension 'ignore'
[0.490s] Level 1:colcon.colcon_core.package_identification:_identify(src/dyros_urdf_tf) by extension 'ignore_ament_install'
[0.490s] Level 1:colcon.colcon_core.package_identification:_identify(src/dyros_urdf_tf) by extensions ['colcon_pkg']
[0.490s] Level 1:colcon.colcon_core.package_identification:_identify(src/dyros_urdf_tf) by extension 'colcon_pkg'
[0.491s] Level 1:colcon.colcon_core.package_identification:_identify(src/dyros_urdf_tf) by extensions ['colcon_meta']
[0.491s] Level 1:colcon.colcon_core.package_identification:_identify(src/dyros_urdf_tf) by extension 'colcon_meta'
[0.491s] Level 1:colcon.colcon_core.package_identification:_identify(src/dyros_urdf_tf) by extensions ['ros']
[0.491s] Level 1:colcon.colcon_core.package_identification:_identify(src/dyros_urdf_tf) by extension 'ros'
[0.494s] DEBUG:colcon.colcon_core.package_identification:Package 'src/dyros_urdf_tf' with type 'ros.ament_cmake' and name 'dyros_urdf_tf'
[0.496s] Level 1:colcon.colcon_core.package_identification:_identify(src/tutorial) by extensions ['ignore', 'ignore_ament_install']
[0.496s] Level 1:colcon.colcon_core.package_identification:_identify(src/tutorial) by extension 'ignore'
[0.497s] Level 1:colcon.colcon_core.package_identification:_identify(src/tutorial) by extension 'ignore_ament_install'
[0.497s] Level 1:colcon.colcon_core.package_identification:_identify(src/tutorial) by extensions ['colcon_pkg']
[0.497s] Level 1:colcon.colcon_core.package_identification:_identify(src/tutorial) by extension 'colcon_pkg'
[0.498s] Level 1:colcon.colcon_core.package_identification:_identify(src/tutorial) by extensions ['colcon_meta']
[0.498s] Level 1:colcon.colcon_core.package_identification:_identify(src/tutorial) by extension 'colcon_meta'
[0.498s] Level 1:colcon.colcon_core.package_identification:_identify(src/tutorial) by extensions ['ros']
[0.498s] Level 1:colcon.colcon_core.package_identification:_identify(src/tutorial) by extension 'ros'
[0.499s] Level 1:colcon.colcon_core.package_identification:_identify(src/tutorial) by extensions ['cmake', 'python']
[0.499s] Level 1:colcon.colcon_core.package_identification:_identify(src/tutorial) by extension 'cmake'
[0.510s] Level 1:colcon.colcon_core.package_identification:_identify(src/tutorial) by extension 'python'
[0.510s] DEBUG:colcon.colcon_core.package_identification:Package 'src/tutorial' with type 'cmake' and name 'Tutorial'
[0.511s] Level 1:colcon.colcon_core.package_discovery:discover_packages(recursive) using defaults
[0.511s] Level 1:colcon.colcon_core.package_discovery:discover_packages(ignore) discover
[0.511s] Level 1:colcon.colcon_core.package_discovery:discover_packages(ignore) using defaults
[0.511s] Level 1:colcon.colcon_core.package_discovery:discover_packages(path) discover
[0.511s] Level 1:colcon.colcon_core.package_discovery:discover_packages(path) using defaults
[0.638s] INFO:colcon.colcon_core.package_selection:Skipping not selected package 'Tutorial' in 'src/tutorial'
[0.639s] INFO:colcon.colcon_core.package_selection:Skipping not selected package 'dyros_interface' in 'src/dyros_interface'
[0.639s] INFO:colcon.colcon_core.package_selection:Skipping not selected package 'dyros_cmake' in 'src/dyros_cmake'
[0.639s] INFO:colcon.colcon_core.package_selection:Skipping not selected package 'dyros_python' in 'src/dyros_python'
[0.642s] Level 1:colcon.colcon_core.package_discovery:discover_packages(prefix_path) check parameters
[0.643s] Level 1:colcon.colcon_core.package_discovery:discover_packages(prefix_path) discover
[0.667s] DEBUG:colcon.colcon_installed_package_information.package_discovery:Found 2 installed packages in /home/dyros/ros2_ws2/install
[0.682s] DEBUG:colcon.colcon_installed_package_information.package_discovery:Found 3 installed packages in /home/dyros/ros2_ws/install
[0.692s] DEBUG:colcon.colcon_installed_package_information.package_discovery:Found 318 installed packages in /opt/ros/humble
[0.701s] Level 1:colcon.colcon_core.package_discovery:discover_packages(prefix_path) using defaults
[1.167s] Level 5:colcon.colcon_core.verb:set package 'dyros_urdf_tf' build argument 'cmake_args' from command line to 'None'
[1.167s] Level 5:colcon.colcon_core.verb:set package 'dyros_urdf_tf' build argument 'cmake_target' from command line to 'None'
[1.167s] Level 5:colcon.colcon_core.verb:set package 'dyros_urdf_tf' build argument 'cmake_target_skip_unavailable' from command line to 'False'
[1.167s] Level 5:colcon.colcon_core.verb:set package 'dyros_urdf_tf' build argument 'cmake_clean_cache' from command line to 'False'
[1.167s] Level 5:colcon.colcon_core.verb:set package 'dyros_urdf_tf' build argument 'cmake_clean_first' from command line to 'False'
[1.167s] Level 5:colcon.colcon_core.verb:set package 'dyros_urdf_tf' build argument 'cmake_force_configure' from command line to 'False'
[1.167s] Level 5:colcon.colcon_core.verb:set package 'dyros_urdf_tf' build argument 'ament_cmake_args' from command line to 'None'
[1.167s] Level 5:colcon.colcon_core.verb:set package 'dyros_urdf_tf' build argument 'catkin_cmake_args' from command line to 'None'
[1.167s] Level 5:colcon.colcon_core.verb:set package 'dyros_urdf_tf' build argument 'catkin_skip_building_tests' from command line to 'False'
[1.168s] DEBUG:colcon.colcon_core.verb:Building package 'dyros_urdf_tf' with the following arguments: {'ament_cmake_args': None, 'build_base': '/home/dyros/ros2_ws2/build/dyros_urdf_tf', 'catkin_cmake_args': None, 'catkin_skip_building_tests': False, 'cmake_args': None, 'cmake_clean_cache': False, 'cmake_clean_first': False, 'cmake_force_configure': False, 'cmake_target': None, 'cmake_target_skip_unavailable': False, 'install_base': '/home/dyros/ros2_ws2/install/dyros_urdf_tf', 'merge_install': False, 'path': '/home/dyros/ros2_ws2/src/dyros_urdf_tf', 'symlink_install': False, 'test_result_base': None}
[1.168s] INFO:colcon.colcon_core.executor:Executing jobs using 'parallel' executor
[1.174s] DEBUG:colcon.colcon_parallel_executor.executor.parallel:run_until_complete
[1.174s] INFO:colcon.colcon_ros.task.ament_cmake.build:Building ROS package in '/home/dyros/ros2_ws2/src/dyros_urdf_tf' with build type 'ament_cmake'
[1.174s] INFO:colcon.colcon_cmake.task.cmake.build:Building CMake package in '/home/dyros/ros2_ws2/src/dyros_urdf_tf'
[1.214s] INFO:colcon.colcon_core.plugin_system:Skipping extension 'colcon_core.shell.bat': Not used on non-Windows systems
[1.214s] INFO:colcon.colcon_core.shell:Skip shell extension 'powershell' for command environment: Not usable outside of PowerShell
[1.214s] DEBUG:colcon.colcon_core.shell:Skip shell extension 'dsv' for command environment
[1.236s] DEBUG:colcon.colcon_core.event_handler.log_command:Invoking command in '/home/dyros/ros2_ws2/build/dyros_urdf_tf': CMAKE_PREFIX_PATH=${CMAKE_PREFIX_PATH}:/home/dyros/ros2_ws/install/dyros_python:/opt/ros/humble /usr/bin/cmake /home/dyros/ros2_ws2/src/dyros_urdf_tf -DCMAKE_INSTALL_PREFIX=/home/dyros/ros2_ws2/install/dyros_urdf_tf
[3.537s] DEBUG:colcon.colcon_core.event_handler.log_command:Invoked command in '/home/dyros/ros2_ws2/build/dyros_urdf_tf' returned '0': CMAKE_PREFIX_PATH=${CMAKE_PREFIX_PATH}:/home/dyros/ros2_ws/install/dyros_python:/opt/ros/humble /usr/bin/cmake /home/dyros/ros2_ws2/src/dyros_urdf_tf -DCMAKE_INSTALL_PREFIX=/home/dyros/ros2_ws2/install/dyros_urdf_tf
[3.539s] DEBUG:colcon.colcon_core.event_handler.log_command:Invoking command in '/home/dyros/ros2_ws2/build/dyros_urdf_tf': CMAKE_PREFIX_PATH=${CMAKE_PREFIX_PATH}:/home/dyros/ros2_ws/install/dyros_python:/opt/ros/humble /usr/bin/cmake --build /home/dyros/ros2_ws2/build/dyros_urdf_tf -- -j2 -l2
[3.657s] DEBUG:colcon.colcon_core.event_handler.log_command:Invoked command in '/home/dyros/ros2_ws2/build/dyros_urdf_tf' returned '0': CMAKE_PREFIX_PATH=${CMAKE_PREFIX_PATH}:/home/dyros/ros2_ws/install/dyros_python:/opt/ros/humble /usr/bin/cmake --build /home/dyros/ros2_ws2/build/dyros_urdf_tf -- -j2 -l2
[3.761s] DEBUG:colcon.colcon_core.event_handler.log_command:Invoking command in '/home/dyros/ros2_ws2/build/dyros_urdf_tf': CMAKE_PREFIX_PATH=${CMAKE_PREFIX_PATH}:/home/dyros/ros2_ws/install/dyros_python:/opt/ros/humble /usr/bin/cmake --install /home/dyros/ros2_ws2/build/dyros_urdf_tf
[3.824s] Level 1:colcon.colcon_core.environment:create_environment_scripts_only(dyros_urdf_tf)
[3.828s] DEBUG:colcon.colcon_core.event_handler.log_command:Invoked command in '/home/dyros/ros2_ws2/build/dyros_urdf_tf' returned '0': CMAKE_PREFIX_PATH=${CMAKE_PREFIX_PATH}:/home/dyros/ros2_ws/install/dyros_python:/opt/ros/humble /usr/bin/cmake --install /home/dyros/ros2_ws2/build/dyros_urdf_tf
[3.866s] Level 1:colcon.colcon_core.environment:checking '/home/dyros/ros2_ws2/install/dyros_urdf_tf' for CMake module files
[3.867s] Level 1:colcon.colcon_core.environment:checking '/home/dyros/ros2_ws2/install/dyros_urdf_tf' for CMake config files
[3.868s] Level 1:colcon.colcon_core.shell:create_environment_hook('dyros_urdf_tf', 'cmake_prefix_path')
[3.875s] INFO:colcon.colcon_core.shell:Creating environment hook '/home/dyros/ros2_ws2/install/dyros_urdf_tf/share/dyros_urdf_tf/hook/cmake_prefix_path.ps1'
[3.880s] INFO:colcon.colcon_core.shell:Creating environment descriptor '/home/dyros/ros2_ws2/install/dyros_urdf_tf/share/dyros_urdf_tf/hook/cmake_prefix_path.dsv'
[3.882s] INFO:colcon.colcon_core.shell:Creating environment hook '/home/dyros/ros2_ws2/install/dyros_urdf_tf/share/dyros_urdf_tf/hook/cmake_prefix_path.sh'
[3.885s] Level 1:colcon.colcon_core.environment:checking '/home/dyros/ros2_ws2/install/dyros_urdf_tf/bin'
[3.885s] Level 1:colcon.colcon_core.environment:checking '/home/dyros/ros2_ws2/install/dyros_urdf_tf/lib/pkgconfig/dyros_urdf_tf.pc'
[3.886s] Level 1:colcon.colcon_core.environment:checking '/home/dyros/ros2_ws2/install/dyros_urdf_tf/lib/python3.10/site-packages'
[3.887s] Level 1:colcon.colcon_core.environment:checking '/home/dyros/ros2_ws2/install/dyros_urdf_tf/bin'
[3.892s] INFO:colcon.colcon_core.shell:Creating package script '/home/dyros/ros2_ws2/install/dyros_urdf_tf/share/dyros_urdf_tf/package.ps1'
[3.899s] INFO:colcon.colcon_core.shell:Creating package descriptor '/home/dyros/ros2_ws2/install/dyros_urdf_tf/share/dyros_urdf_tf/package.dsv'
[3.902s] INFO:colcon.colcon_core.shell:Creating package script '/home/dyros/ros2_ws2/install/dyros_urdf_tf/share/dyros_urdf_tf/package.sh'
[3.907s] INFO:colcon.colcon_core.shell:Creating package script '/home/dyros/ros2_ws2/install/dyros_urdf_tf/share/dyros_urdf_tf/package.bash'
[3.910s] INFO:colcon.colcon_core.shell:Creating package script '/home/dyros/ros2_ws2/install/dyros_urdf_tf/share/dyros_urdf_tf/package.zsh'
[3.913s] Level 1:colcon.colcon_core.environment:create_file_with_runtime_dependencies(/home/dyros/ros2_ws2/install/dyros_urdf_tf/share/colcon-core/packages/dyros_urdf_tf)
[4.000s] Level 1:colcon.colcon_core.environment:create_environment_scripts_only(dyros_urdf_tf)
[4.008s] Level 1:colcon.colcon_core.environment:checking '/home/dyros/ros2_ws2/install/dyros_urdf_tf' for CMake module files
[4.010s] Level 1:colcon.colcon_core.environment:checking '/home/dyros/ros2_ws2/install/dyros_urdf_tf' for CMake config files
[4.011s] Level 1:colcon.colcon_core.shell:create_environment_hook('dyros_urdf_tf', 'cmake_prefix_path')
[4.015s] INFO:colcon.colcon_core.shell:Creating environment hook '/home/dyros/ros2_ws2/install/dyros_urdf_tf/share/dyros_urdf_tf/hook/cmake_prefix_path.ps1'
[4.016s] INFO:colcon.colcon_core.shell:Creating environment descriptor '/home/dyros/ros2_ws2/install/dyros_urdf_tf/share/dyros_urdf_tf/hook/cmake_prefix_path.dsv'
[4.018s] INFO:colcon.colcon_core.shell:Creating environment hook '/home/dyros/ros2_ws2/install/dyros_urdf_tf/share/dyros_urdf_tf/hook/cmake_prefix_path.sh'
[4.021s] Level 1:colcon.colcon_core.environment:checking '/home/dyros/ros2_ws2/install/dyros_urdf_tf/bin'
[4.021s] Level 1:colcon.colcon_core.environment:checking '/home/dyros/ros2_ws2/install/dyros_urdf_tf/lib/pkgconfig/dyros_urdf_tf.pc'
[4.022s] Level 1:colcon.colcon_core.environment:checking '/home/dyros/ros2_ws2/install/dyros_urdf_tf/lib/python3.10/site-packages'
[4.023s] Level 1:colcon.colcon_core.environment:checking '/home/dyros/ros2_ws2/install/dyros_urdf_tf/bin'
[4.027s] INFO:colcon.colcon_core.shell:Creating package script '/home/dyros/ros2_ws2/install/dyros_urdf_tf/share/dyros_urdf_tf/package.ps1'
[4.029s] INFO:colcon.colcon_core.shell:Creating package descriptor '/home/dyros/ros2_ws2/install/dyros_urdf_tf/share/dyros_urdf_tf/package.dsv'
[4.030s] INFO:colcon.colcon_core.shell:Creating package script '/home/dyros/ros2_ws2/install/dyros_urdf_tf/share/dyros_urdf_tf/package.sh'
[4.032s] INFO:colcon.colcon_core.shell:Creating package script '/home/dyros/ros2_ws2/install/dyros_urdf_tf/share/dyros_urdf_tf/package.bash'
[4.033s] INFO:colcon.colcon_core.shell:Creating package script '/home/dyros/ros2_ws2/install/dyros_urdf_tf/share/dyros_urdf_tf/package.zsh'
[4.040s] Level 1:colcon.colcon_core.environment:create_file_with_runtime_dependencies(/home/dyros/ros2_ws2/install/dyros_urdf_tf/share/colcon-core/packages/dyros_urdf_tf)
[4.044s] DEBUG:colcon.colcon_parallel_executor.executor.parallel:closing loop
[4.044s] DEBUG:colcon.colcon_parallel_executor.executor.parallel:loop closed
[4.044s] DEBUG:colcon.colcon_parallel_executor.executor.parallel:run_until_complete finished with '0'
[4.045s] DEBUG:colcon.colcon_core.event_reactor:joining thread
[4.101s] INFO:colcon.colcon_core.plugin_system:Skipping extension 'colcon_notification.desktop_notification.terminal_notifier': Not used on non-Darwin systems
[4.102s] INFO:colcon.colcon_core.plugin_system:Skipping extension 'colcon_notification.desktop_notification.win32': Not used on non-Windows systems
[4.102s] INFO:colcon.colcon_notification.desktop_notification:Sending desktop notification using 'notify2'
[4.147s] DEBUG:colcon.colcon_core.event_reactor:joined thread
[4.153s] INFO:colcon.colcon_core.shell:Creating prefix script '/home/dyros/ros2_ws2/install/local_setup.ps1'
[4.158s] INFO:colcon.colcon_core.shell:Creating prefix util module '/home/dyros/ros2_ws2/install/_local_setup_util_ps1.py'
[4.162s] INFO:colcon.colcon_core.shell:Creating prefix chain script '/home/dyros/ros2_ws2/install/setup.ps1'
[4.168s] INFO:colcon.colcon_core.shell:Creating prefix script '/home/dyros/ros2_ws2/install/local_setup.sh'
[4.179s] INFO:colcon.colcon_core.shell:Creating prefix util module '/home/dyros/ros2_ws2/install/_local_setup_util_sh.py'
[4.181s] INFO:colcon.colcon_core.shell:Creating prefix chain script '/home/dyros/ros2_ws2/install/setup.sh'
[4.193s] INFO:colcon.colcon_core.shell:Creating prefix script '/home/dyros/ros2_ws2/install/local_setup.bash'
[4.196s] INFO:colcon.colcon_core.shell:Creating prefix chain script '/home/dyros/ros2_ws2/install/setup.bash'
[4.207s] INFO:colcon.colcon_core.shell:Creating prefix script '/home/dyros/ros2_ws2/install/local_setup.zsh'
[4.210s] INFO:colcon.colcon_core.shell:Creating prefix chain script '/home/dyros/ros2_ws2/install/setup.zsh'
