[0.238s] DEBUG:colcon:Command line arguments: ['/usr/bin/colcon', 'build', '--packages-select', 'pcl_ros']
[0.238s] DEBUG:colcon:Parsed command line arguments: Namespace(log_base=None, log_level=None, verb_name='build', build_base='build', install_base='install', merge_install=False, symlink_install=False, test_result_base=None, continue_on_error=False, executor='parallel', parallel_workers=4, event_handlers=None, ignore_user_meta=False, metas=['./colcon.meta'], base_paths=['.'], packages_ignore=None, packages_ignore_regex=None, paths=None, packages_up_to=None, packages_up_to_regex=None, packages_above=None, packages_above_and_dependencies=None, packages_above_depth=None, packages_select_by_dep=None, packages_skip_by_dep=None, packages_skip_up_to=None, packages_select_build_failed=False, packages_skip_build_finished=False, packages_select_test_failures=False, packages_skip_test_passed=False, packages_select=['pcl_ros'], packages_skip=None, packages_select_regex=None, packages_skip_regex=None, packages_start=None, packages_end=None, allow_overriding=[], cmake_args=None, cmake_target=None, cmake_target_skip_unavailable=False, cmake_clean_cache=False, cmake_clean_first=False, cmake_force_configure=False, ament_cmake_args=None, catkin_cmake_args=None, catkin_skip_building_tests=False, verb_parser=<colcon_defaults.argument_parser.defaults.DefaultArgumentsDecorator object at 0x7f497b059510>, verb_extension=<colcon_core.verb.build.BuildVerb object at 0x7f497b058fa0>, main=<bound method BuildVerb.main of <colcon_core.verb.build.BuildVerb object at 0x7f497b058fa0>>)
[0.281s] Level 1:colcon.colcon_core.package_discovery:discover_packages(colcon_meta) check parameters
[0.281s] Level 1:colcon.colcon_core.package_discovery:discover_packages(recursive) check parameters
[0.281s] Level 1:colcon.colcon_core.package_discovery:discover_packages(ignore) check parameters
[0.281s] Level 1:colcon.colcon_core.package_discovery:discover_packages(path) check parameters
[0.281s] Level 1:colcon.colcon_core.package_discovery:discover_packages(colcon_meta) discover
[0.281s] Level 1:colcon.colcon_core.package_discovery:discover_packages(recursive) discover
[0.281s] INFO:colcon.colcon_core.package_discovery:Crawling recursively for packages in '/home/dyros/ros2_ws'
[0.281s] Level 1:colcon.colcon_core.package_identification:_identify(.) by extensions ['ignore', 'ignore_ament_install']
[0.281s] Level 1:colcon.colcon_core.package_identification:_identify(.) by extension 'ignore'
[0.281s] Level 1:colcon.colcon_core.package_identification:_identify(.) by extension 'ignore_ament_install'
[0.282s] Level 1:colcon.colcon_core.package_identification:_identify(.) by extensions ['colcon_pkg']
[0.282s] Level 1:colcon.colcon_core.package_identification:_identify(.) by extension 'colcon_pkg'
[0.282s] Level 1:colcon.colcon_core.package_identification:_identify(.) by extensions ['colcon_meta']
[0.282s] Level 1:colcon.colcon_core.package_identification:_identify(.) by extension 'colcon_meta'
[0.282s] Level 1:colcon.colcon_core.package_identification:_identify(.) by extensions ['ros']
[0.282s] Level 1:colcon.colcon_core.package_identification:_identify(.) by extension 'ros'
[0.301s] Level 1:colcon.colcon_core.package_identification:_identify(.) by extensions ['cmake', 'python']
[0.301s] Level 1:colcon.colcon_core.package_identification:_identify(.) by extension 'cmake'
[0.301s] Level 1:colcon.colcon_core.package_identification:_identify(.) by extension 'python'
[0.301s] Level 1:colcon.colcon_core.package_identification:_identify(.) by extensions ['python_setup_py']
[0.301s] Level 1:colcon.colcon_core.package_identification:_identify(.) by extension 'python_setup_py'
[0.301s] Level 1:colcon.colcon_core.package_identification:_identify(build) by extensions ['ignore', 'ignore_ament_install']
[0.301s] Level 1:colcon.colcon_core.package_identification:_identify(build) by extension 'ignore'
[0.301s] Level 1:colcon.colcon_core.package_identification:_identify(build) ignored
[0.301s] Level 1:colcon.colcon_core.package_identification:_identify(install) by extensions ['ignore', 'ignore_ament_install']
[0.302s] Level 1:colcon.colcon_core.package_identification:_identify(install) by extension 'ignore'
[0.302s] Level 1:colcon.colcon_core.package_identification:_identify(install) ignored
[0.302s] Level 1:colcon.colcon_core.package_identification:_identify(log) by extensions ['ignore', 'ignore_ament_install']
[0.302s] Level 1:colcon.colcon_core.package_identification:_identify(log) by extension 'ignore'
[0.302s] Level 1:colcon.colcon_core.package_identification:_identify(log) ignored
[0.302s] Level 1:colcon.colcon_core.package_identification:_identify(src) by extensions ['ignore', 'ignore_ament_install']
[0.302s] Level 1:colcon.colcon_core.package_identification:_identify(src) by extension 'ignore'
[0.302s] Level 1:colcon.colcon_core.package_identification:_identify(src) by extension 'ignore_ament_install'
[0.302s] Level 1:colcon.colcon_core.package_identification:_identify(src) by extensions ['colcon_pkg']
[0.302s] Level 1:colcon.colcon_core.package_identification:_identify(src) by extension 'colcon_pkg'
[0.302s] Level 1:colcon.colcon_core.package_identification:_identify(src) by extensions ['colcon_meta']
[0.302s] Level 1:colcon.colcon_core.package_identification:_identify(src) by extension 'colcon_meta'
[0.302s] Level 1:colcon.colcon_core.package_identification:_identify(src) by extensions ['ros']
[0.302s] Level 1:colcon.colcon_core.package_identification:_identify(src) by extension 'ros'
[0.303s] Level 1:colcon.colcon_core.package_identification:_identify(src) by extensions ['cmake', 'python']
[0.303s] Level 1:colcon.colcon_core.package_identification:_identify(src) by extension 'cmake'
[0.303s] Level 1:colcon.colcon_core.package_identification:_identify(src) by extension 'python'
[0.303s] Level 1:colcon.colcon_core.package_identification:_identify(src) by extensions ['python_setup_py']
[0.303s] Level 1:colcon.colcon_core.package_identification:_identify(src) by extension 'python_setup_py'
[0.303s] Level 1:colcon.colcon_core.package_identification:_identify(src/franka_description) by extensions ['ignore', 'ignore_ament_install']
[0.303s] Level 1:colcon.colcon_core.package_identification:_identify(src/franka_description) by extension 'ignore'
[0.303s] Level 1:colcon.colcon_core.package_identification:_identify(src/franka_description) by extension 'ignore_ament_install'
[0.303s] Level 1:colcon.colcon_core.package_identification:_identify(src/franka_description) by extensions ['colcon_pkg']
[0.303s] Level 1:colcon.colcon_core.package_identification:_identify(src/franka_description) by extension 'colcon_pkg'
[0.303s] Level 1:colcon.colcon_core.package_identification:_identify(src/franka_description) by extensions ['colcon_meta']
[0.303s] Level 1:colcon.colcon_core.package_identification:_identify(src/franka_description) by extension 'colcon_meta'
[0.303s] Level 1:colcon.colcon_core.package_identification:_identify(src/franka_description) by extensions ['ros']
[0.303s] Level 1:colcon.colcon_core.package_identification:_identify(src/franka_description) by extension 'ros'
[0.307s] DEBUG:colcon.colcon_core.package_identification:Package 'src/franka_description' with type 'ros.ament_cmake' and name 'franka_description'
[0.307s] Level 1:colcon.colcon_core.package_identification:_identify(src/moveit_api_tutorial) by extensions ['ignore', 'ignore_ament_install']
[0.307s] Level 1:colcon.colcon_core.package_identification:_identify(src/moveit_api_tutorial) by extension 'ignore'
[0.307s] Level 1:colcon.colcon_core.package_identification:_identify(src/moveit_api_tutorial) by extension 'ignore_ament_install'
[0.307s] Level 1:colcon.colcon_core.package_identification:_identify(src/moveit_api_tutorial) by extensions ['colcon_pkg']
[0.307s] Level 1:colcon.colcon_core.package_identification:_identify(src/moveit_api_tutorial) by extension 'colcon_pkg'
[0.307s] Level 1:colcon.colcon_core.package_identification:_identify(src/moveit_api_tutorial) by extensions ['colcon_meta']
[0.307s] Level 1:colcon.colcon_core.package_identification:_identify(src/moveit_api_tutorial) by extension 'colcon_meta'
[0.307s] Level 1:colcon.colcon_core.package_identification:_identify(src/moveit_api_tutorial) by extensions ['ros']
[0.307s] Level 1:colcon.colcon_core.package_identification:_identify(src/moveit_api_tutorial) by extension 'ros'
[0.309s] DEBUG:colcon.colcon_core.package_identification:Package 'src/moveit_api_tutorial' with type 'ros.ament_cmake' and name 'moveit_api_tutorial'
[0.309s] Level 1:colcon.colcon_core.package_identification:_identify(src/moveit_sim_interface) by extensions ['ignore', 'ignore_ament_install']
[0.309s] Level 1:colcon.colcon_core.package_identification:_identify(src/moveit_sim_interface) by extension 'ignore'
[0.310s] Level 1:colcon.colcon_core.package_identification:_identify(src/moveit_sim_interface) by extension 'ignore_ament_install'
[0.310s] Level 1:colcon.colcon_core.package_identification:_identify(src/moveit_sim_interface) by extensions ['colcon_pkg']
[0.310s] Level 1:colcon.colcon_core.package_identification:_identify(src/moveit_sim_interface) by extension 'colcon_pkg'
[0.310s] Level 1:colcon.colcon_core.package_identification:_identify(src/moveit_sim_interface) by extensions ['colcon_meta']
[0.310s] Level 1:colcon.colcon_core.package_identification:_identify(src/moveit_sim_interface) by extension 'colcon_meta'
[0.310s] Level 1:colcon.colcon_core.package_identification:_identify(src/moveit_sim_interface) by extensions ['ros']
[0.310s] Level 1:colcon.colcon_core.package_identification:_identify(src/moveit_sim_interface) by extension 'ros'
[0.311s] DEBUG:colcon.colcon_core.package_identification:Package 'src/moveit_sim_interface' with type 'ros.ament_cmake' and name 'moveit_sim_interface'
[0.311s] Level 1:colcon.colcon_core.package_identification:_identify(src/panda_moveit_config) by extensions ['ignore', 'ignore_ament_install']
[0.312s] Level 1:colcon.colcon_core.package_identification:_identify(src/panda_moveit_config) by extension 'ignore'
[0.312s] Level 1:colcon.colcon_core.package_identification:_identify(src/panda_moveit_config) by extension 'ignore_ament_install'
[0.312s] Level 1:colcon.colcon_core.package_identification:_identify(src/panda_moveit_config) by extensions ['colcon_pkg']
[0.312s] Level 1:colcon.colcon_core.package_identification:_identify(src/panda_moveit_config) by extension 'colcon_pkg'
[0.312s] Level 1:colcon.colcon_core.package_identification:_identify(src/panda_moveit_config) by extensions ['colcon_meta']
[0.312s] Level 1:colcon.colcon_core.package_identification:_identify(src/panda_moveit_config) by extension 'colcon_meta'
[0.312s] Level 1:colcon.colcon_core.package_identification:_identify(src/panda_moveit_config) by extensions ['ros']
[0.312s] Level 1:colcon.colcon_core.package_identification:_identify(src/panda_moveit_config) by extension 'ros'
[0.313s] DEBUG:colcon.colcon_core.package_identification:Package 'src/panda_moveit_config' with type 'ros.ament_cmake' and name 'panda_moveit_config'
[0.313s] Level 1:colcon.colcon_core.package_identification:_identify(src/pcl_ros) by extensions ['ignore', 'ignore_ament_install']
[0.313s] Level 1:colcon.colcon_core.package_identification:_identify(src/pcl_ros) by extension 'ignore'
[0.314s] Level 1:colcon.colcon_core.package_identification:_identify(src/pcl_ros) by extension 'ignore_ament_install'
[0.314s] Level 1:colcon.colcon_core.package_identification:_identify(src/pcl_ros) by extensions ['colcon_pkg']
[0.314s] Level 1:colcon.colcon_core.package_identification:_identify(src/pcl_ros) by extension 'colcon_pkg'
[0.314s] Level 1:colcon.colcon_core.package_identification:_identify(src/pcl_ros) by extensions ['colcon_meta']
[0.314s] Level 1:colcon.colcon_core.package_identification:_identify(src/pcl_ros) by extension 'colcon_meta'
[0.314s] Level 1:colcon.colcon_core.package_identification:_identify(src/pcl_ros) by extensions ['ros']
[0.314s] Level 1:colcon.colcon_core.package_identification:_identify(src/pcl_ros) by extension 'ros'
[0.328s] DEBUG:colcon.colcon_core.package_identification:Package 'src/pcl_ros' with type 'ros.ament_cmake' and name 'pcl_ros'
[0.328s] Level 1:colcon.colcon_core.package_discovery:discover_packages(recursive) using defaults
[0.328s] Level 1:colcon.colcon_core.package_discovery:discover_packages(ignore) discover
[0.329s] Level 1:colcon.colcon_core.package_discovery:discover_packages(ignore) using defaults
[0.329s] Level 1:colcon.colcon_core.package_discovery:discover_packages(path) discover
[0.329s] Level 1:colcon.colcon_core.package_discovery:discover_packages(path) using defaults
[0.358s] INFO:colcon.colcon_core.package_selection:Skipping not selected package 'franka_description' in 'src/franka_description'
[0.358s] INFO:colcon.colcon_core.package_selection:Skipping not selected package 'moveit_api_tutorial' in 'src/moveit_api_tutorial'
[0.358s] INFO:colcon.colcon_core.package_selection:Skipping not selected package 'moveit_sim_interface' in 'src/moveit_sim_interface'
[0.358s] INFO:colcon.colcon_core.package_selection:Skipping not selected package 'panda_moveit_config' in 'src/panda_moveit_config'
[0.359s] Level 1:colcon.colcon_core.package_discovery:discover_packages(prefix_path) check parameters
[0.360s] Level 1:colcon.colcon_core.package_discovery:discover_packages(prefix_path) discover
[0.365s] DEBUG:colcon.colcon_installed_package_information.package_discovery:Found 4 installed packages in /home/dyros/ros2_ws/install
[0.368s] DEBUG:colcon.colcon_installed_package_information.package_discovery:Found 331 installed packages in /opt/ros/humble
[0.370s] Level 1:colcon.colcon_core.package_discovery:discover_packages(prefix_path) using defaults
[0.481s] Level 5:colcon.colcon_core.verb:set package 'pcl_ros' build argument 'cmake_args' from command line to 'None'
[0.481s] Level 5:colcon.colcon_core.verb:set package 'pcl_ros' build argument 'cmake_target' from command line to 'None'
[0.481s] Level 5:colcon.colcon_core.verb:set package 'pcl_ros' build argument 'cmake_target_skip_unavailable' from command line to 'False'
[0.481s] Level 5:colcon.colcon_core.verb:set package 'pcl_ros' build argument 'cmake_clean_cache' from command line to 'False'
[0.481s] Level 5:colcon.colcon_core.verb:set package 'pcl_ros' build argument 'cmake_clean_first' from command line to 'False'
[0.481s] Level 5:colcon.colcon_core.verb:set package 'pcl_ros' build argument 'cmake_force_configure' from command line to 'False'
[0.481s] Level 5:colcon.colcon_core.verb:set package 'pcl_ros' build argument 'ament_cmake_args' from command line to 'None'
[0.481s] Level 5:colcon.colcon_core.verb:set package 'pcl_ros' build argument 'catkin_cmake_args' from command line to 'None'
[0.481s] Level 5:colcon.colcon_core.verb:set package 'pcl_ros' build argument 'catkin_skip_building_tests' from command line to 'False'
[0.481s] DEBUG:colcon.colcon_core.verb:Building package 'pcl_ros' with the following arguments: {'ament_cmake_args': None, 'build_base': '/home/dyros/ros2_ws/build/pcl_ros', 'catkin_cmake_args': None, 'catkin_skip_building_tests': False, 'cmake_args': None, 'cmake_clean_cache': False, 'cmake_clean_first': False, 'cmake_force_configure': False, 'cmake_target': None, 'cmake_target_skip_unavailable': False, 'install_base': '/home/dyros/ros2_ws/install/pcl_ros', 'merge_install': False, 'path': '/home/dyros/ros2_ws/src/pcl_ros', 'symlink_install': False, 'test_result_base': None}
[0.482s] INFO:colcon.colcon_core.executor:Executing jobs using 'parallel' executor
[0.494s] DEBUG:colcon.colcon_parallel_executor.executor.parallel:run_until_complete
[0.494s] INFO:colcon.colcon_ros.task.ament_cmake.build:Building ROS package in '/home/dyros/ros2_ws/src/pcl_ros' with build type 'ament_cmake'
[0.494s] INFO:colcon.colcon_cmake.task.cmake.build:Building CMake package in '/home/dyros/ros2_ws/src/pcl_ros'
[0.507s] INFO:colcon.colcon_core.plugin_system:Skipping extension 'colcon_core.shell.bat': Not used on non-Windows systems
[0.507s] INFO:colcon.colcon_core.shell:Skip shell extension 'powershell' for command environment: Not usable outside of PowerShell
[0.507s] DEBUG:colcon.colcon_core.shell:Skip shell extension 'dsv' for command environment
[0.531s] DEBUG:colcon.colcon_core.event_handler.log_command:Invoking command in '/home/dyros/ros2_ws/build/pcl_ros': CMAKE_PREFIX_PATH=${CMAKE_PREFIX_PATH}:/opt/ros/humble /usr/bin/cmake /home/dyros/ros2_ws/src/pcl_ros -DCMAKE_INSTALL_PREFIX=/home/dyros/ros2_ws/install/pcl_ros
[7.484s] DEBUG:colcon.colcon_core.event_handler.log_command:Invoked command in '/home/dyros/ros2_ws/build/pcl_ros' returned '0': CMAKE_PREFIX_PATH=${CMAKE_PREFIX_PATH}:/opt/ros/humble /usr/bin/cmake /home/dyros/ros2_ws/src/pcl_ros -DCMAKE_INSTALL_PREFIX=/home/dyros/ros2_ws/install/pcl_ros
[7.492s] DEBUG:colcon.colcon_core.event_handler.log_command:Invoking command in '/home/dyros/ros2_ws/build/pcl_ros': CMAKE_PREFIX_PATH=${CMAKE_PREFIX_PATH}:/opt/ros/humble /usr/bin/cmake --build /home/dyros/ros2_ws/build/pcl_ros -- -j4 -l4
[39.005s] DEBUG:colcon.colcon_core.event_handler.log_command:Invoked command in '/home/dyros/ros2_ws/build/pcl_ros' returned '0': CMAKE_PREFIX_PATH=${CMAKE_PREFIX_PATH}:/opt/ros/humble /usr/bin/cmake --build /home/dyros/ros2_ws/build/pcl_ros -- -j4 -l4
[39.108s] DEBUG:colcon.colcon_core.event_handler.log_command:Invoking command in '/home/dyros/ros2_ws/build/pcl_ros': CMAKE_PREFIX_PATH=${CMAKE_PREFIX_PATH}:/opt/ros/humble /usr/bin/cmake --install /home/dyros/ros2_ws/build/pcl_ros
[39.194s] Level 1:colcon.colcon_core.environment:create_environment_scripts_only(pcl_ros)
[39.202s] DEBUG:colcon.colcon_core.event_handler.log_command:Invoked command in '/home/dyros/ros2_ws/build/pcl_ros' returned '0': CMAKE_PREFIX_PATH=${CMAKE_PREFIX_PATH}:/opt/ros/humble /usr/bin/cmake --install /home/dyros/ros2_ws/build/pcl_ros
[39.206s] Level 1:colcon.colcon_core.environment:checking '/home/dyros/ros2_ws/install/pcl_ros' for CMake module files
[39.211s] Level 1:colcon.colcon_core.environment:checking '/home/dyros/ros2_ws/install/pcl_ros' for CMake config files
[39.211s] Level 1:colcon.colcon_core.shell:create_environment_hook('pcl_ros', 'cmake_prefix_path')
[39.213s] INFO:colcon.colcon_core.shell:Creating environment hook '/home/dyros/ros2_ws/install/pcl_ros/share/pcl_ros/hook/cmake_prefix_path.ps1'
[39.214s] INFO:colcon.colcon_core.shell:Creating environment descriptor '/home/dyros/ros2_ws/install/pcl_ros/share/pcl_ros/hook/cmake_prefix_path.dsv'
[39.214s] INFO:colcon.colcon_core.shell:Creating environment hook '/home/dyros/ros2_ws/install/pcl_ros/share/pcl_ros/hook/cmake_prefix_path.sh'
[39.216s] Level 1:colcon.colcon_core.environment:checking '/home/dyros/ros2_ws/install/pcl_ros/lib'
[39.216s] Level 1:colcon.colcon_core.shell:create_environment_hook('pcl_ros', 'ld_library_path_lib')
[39.220s] INFO:colcon.colcon_core.shell:Creating environment hook '/home/dyros/ros2_ws/install/pcl_ros/share/pcl_ros/hook/ld_library_path_lib.ps1'
[39.224s] INFO:colcon.colcon_core.shell:Creating environment descriptor '/home/dyros/ros2_ws/install/pcl_ros/share/pcl_ros/hook/ld_library_path_lib.dsv'
[39.225s] INFO:colcon.colcon_core.shell:Creating environment hook '/home/dyros/ros2_ws/install/pcl_ros/share/pcl_ros/hook/ld_library_path_lib.sh'
[39.225s] Level 1:colcon.colcon_core.environment:checking '/home/dyros/ros2_ws/install/pcl_ros/bin'
[39.225s] Level 1:colcon.colcon_core.environment:checking '/home/dyros/ros2_ws/install/pcl_ros/lib/pkgconfig/pcl_ros.pc'
[39.225s] Level 1:colcon.colcon_core.environment:checking '/home/dyros/ros2_ws/install/pcl_ros/lib/python3.10/site-packages'
[39.226s] Level 1:colcon.colcon_core.environment:checking '/home/dyros/ros2_ws/install/pcl_ros/bin'
[39.229s] INFO:colcon.colcon_core.shell:Creating package script '/home/dyros/ros2_ws/install/pcl_ros/share/pcl_ros/package.ps1'
[39.230s] INFO:colcon.colcon_core.shell:Creating package descriptor '/home/dyros/ros2_ws/install/pcl_ros/share/pcl_ros/package.dsv'
[39.231s] INFO:colcon.colcon_core.shell:Creating package script '/home/dyros/ros2_ws/install/pcl_ros/share/pcl_ros/package.sh'
[39.232s] INFO:colcon.colcon_core.shell:Creating package script '/home/dyros/ros2_ws/install/pcl_ros/share/pcl_ros/package.bash'
[39.233s] INFO:colcon.colcon_core.shell:Creating package script '/home/dyros/ros2_ws/install/pcl_ros/share/pcl_ros/package.zsh'
[39.234s] Level 1:colcon.colcon_core.environment:create_file_with_runtime_dependencies(/home/dyros/ros2_ws/install/pcl_ros/share/colcon-core/packages/pcl_ros)
[39.297s] Level 1:colcon.colcon_core.environment:create_environment_scripts_only(pcl_ros)
[39.300s] Level 1:colcon.colcon_core.environment:checking '/home/dyros/ros2_ws/install/pcl_ros' for CMake module files
[39.301s] Level 1:colcon.colcon_core.environment:checking '/home/dyros/ros2_ws/install/pcl_ros' for CMake config files
[39.301s] Level 1:colcon.colcon_core.shell:create_environment_hook('pcl_ros', 'cmake_prefix_path')
[39.310s] INFO:colcon.colcon_core.shell:Creating environment hook '/home/dyros/ros2_ws/install/pcl_ros/share/pcl_ros/hook/cmake_prefix_path.ps1'
[39.311s] INFO:colcon.colcon_core.shell:Creating environment descriptor '/home/dyros/ros2_ws/install/pcl_ros/share/pcl_ros/hook/cmake_prefix_path.dsv'
[39.312s] INFO:colcon.colcon_core.shell:Creating environment hook '/home/dyros/ros2_ws/install/pcl_ros/share/pcl_ros/hook/cmake_prefix_path.sh'
[39.313s] Level 1:colcon.colcon_core.environment:checking '/home/dyros/ros2_ws/install/pcl_ros/lib'
[39.313s] Level 1:colcon.colcon_core.shell:create_environment_hook('pcl_ros', 'ld_library_path_lib')
[39.315s] INFO:colcon.colcon_core.shell:Creating environment hook '/home/dyros/ros2_ws/install/pcl_ros/share/pcl_ros/hook/ld_library_path_lib.ps1'
[39.316s] INFO:colcon.colcon_core.shell:Creating environment descriptor '/home/dyros/ros2_ws/install/pcl_ros/share/pcl_ros/hook/ld_library_path_lib.dsv'
[39.318s] INFO:colcon.colcon_core.shell:Creating environment hook '/home/dyros/ros2_ws/install/pcl_ros/share/pcl_ros/hook/ld_library_path_lib.sh'
[39.320s] Level 1:colcon.colcon_core.environment:checking '/home/dyros/ros2_ws/install/pcl_ros/bin'
[39.320s] Level 1:colcon.colcon_core.environment:checking '/home/dyros/ros2_ws/install/pcl_ros/lib/pkgconfig/pcl_ros.pc'
[39.320s] Level 1:colcon.colcon_core.environment:checking '/home/dyros/ros2_ws/install/pcl_ros/lib/python3.10/site-packages'
[39.321s] Level 1:colcon.colcon_core.environment:checking '/home/dyros/ros2_ws/install/pcl_ros/bin'
[39.326s] INFO:colcon.colcon_core.shell:Creating package script '/home/dyros/ros2_ws/install/pcl_ros/share/pcl_ros/package.ps1'
[39.327s] INFO:colcon.colcon_core.shell:Creating package descriptor '/home/dyros/ros2_ws/install/pcl_ros/share/pcl_ros/package.dsv'
[39.327s] INFO:colcon.colcon_core.shell:Creating package script '/home/dyros/ros2_ws/install/pcl_ros/share/pcl_ros/package.sh'
[39.328s] INFO:colcon.colcon_core.shell:Creating package script '/home/dyros/ros2_ws/install/pcl_ros/share/pcl_ros/package.bash'
[39.329s] INFO:colcon.colcon_core.shell:Creating package script '/home/dyros/ros2_ws/install/pcl_ros/share/pcl_ros/package.zsh'
[39.329s] Level 1:colcon.colcon_core.environment:create_file_with_runtime_dependencies(/home/dyros/ros2_ws/install/pcl_ros/share/colcon-core/packages/pcl_ros)
[39.329s] DEBUG:colcon.colcon_parallel_executor.executor.parallel:closing loop
[39.330s] DEBUG:colcon.colcon_parallel_executor.executor.parallel:loop closed
[39.330s] DEBUG:colcon.colcon_parallel_executor.executor.parallel:run_until_complete finished with '0'
[39.330s] DEBUG:colcon.colcon_core.event_reactor:joining thread
[39.352s] INFO:colcon.colcon_core.plugin_system:Skipping extension 'colcon_notification.desktop_notification.terminal_notifier': Not used on non-Darwin systems
[39.352s] INFO:colcon.colcon_core.plugin_system:Skipping extension 'colcon_notification.desktop_notification.win32': Not used on non-Windows systems
[39.353s] INFO:colcon.colcon_notification.desktop_notification:Sending desktop notification using 'notify2'
[39.397s] DEBUG:colcon.colcon_core.event_reactor:joined thread
[39.399s] INFO:colcon.colcon_core.shell:Creating prefix script '/home/dyros/ros2_ws/install/local_setup.ps1'
[39.402s] INFO:colcon.colcon_core.shell:Creating prefix util module '/home/dyros/ros2_ws/install/_local_setup_util_ps1.py'
[39.405s] INFO:colcon.colcon_core.shell:Creating prefix chain script '/home/dyros/ros2_ws/install/setup.ps1'
[39.412s] INFO:colcon.colcon_core.shell:Creating prefix script '/home/dyros/ros2_ws/install/local_setup.sh'
[39.413s] INFO:colcon.colcon_core.shell:Creating prefix util module '/home/dyros/ros2_ws/install/_local_setup_util_sh.py'
[39.414s] INFO:colcon.colcon_core.shell:Creating prefix chain script '/home/dyros/ros2_ws/install/setup.sh'
[39.416s] INFO:colcon.colcon_core.shell:Creating prefix script '/home/dyros/ros2_ws/install/local_setup.bash'
[39.417s] INFO:colcon.colcon_core.shell:Creating prefix chain script '/home/dyros/ros2_ws/install/setup.bash'
[39.419s] INFO:colcon.colcon_core.shell:Creating prefix script '/home/dyros/ros2_ws/install/local_setup.zsh'
[39.420s] INFO:colcon.colcon_core.shell:Creating prefix chain script '/home/dyros/ros2_ws/install/setup.zsh'
