running egg_info
creating ../../build/dyros_python/dyros_python.egg-info
writing ../../build/dyros_python/dyros_python.egg-info/PKG-INFO
writing dependency_links to ../../build/dyros_python/dyros_python.egg-info/dependency_links.txt
writing entry points to ../../build/dyros_python/dyros_python.egg-info/entry_points.txt
writing requirements to ../../build/dyros_python/dyros_python.egg-info/requires.txt
writing top-level names to ../../build/dyros_python/dyros_python.egg-info/top_level.txt
writing manifest file '../../build/dyros_python/dyros_python.egg-info/SOURCES.txt'
reading manifest file '../../build/dyros_python/dyros_python.egg-info/SOURCES.txt'
writing manifest file '../../build/dyros_python/dyros_python.egg-info/SOURCES.txt'
running build
running build_py
creating /home/dyros/ros2_ws2/build/dyros_python/build
creating /home/dyros/ros2_ws2/build/dyros_python/build/lib
creating /home/dyros/ros2_ws2/build/dyros_python/build/lib/dyros_python
copying dyros_python/dyros_py_server.py -> /home/dyros/ros2_ws2/build/dyros_python/build/lib/dyros_python
copying dyros_python/dyros_py_param.py -> /home/dyros/ros2_ws2/build/dyros_python/build/lib/dyros_python
copying dyros_python/dyros_py_custom_sub.py -> /home/dyros/ros2_ws2/build/dyros_python/build/lib/dyros_python
copying dyros_python/dyros_py_client.py -> /home/dyros/ros2_ws2/build/dyros_python/build/lib/dyros_python
copying dyros_python/dyros_py_pub.py -> /home/dyros/ros2_ws2/build/dyros_python/build/lib/dyros_python
copying dyros_python/__init__.py -> /home/dyros/ros2_ws2/build/dyros_python/build/lib/dyros_python
copying dyros_python/dyros_py_custom_pub.py -> /home/dyros/ros2_ws2/build/dyros_python/build/lib/dyros_python
copying dyros_python/dyros_py_sub.py -> /home/dyros/ros2_ws2/build/dyros_python/build/lib/dyros_python
running install
running install_lib
creating /home/dyros/ros2_ws2/install/dyros_python/lib/python3.10/site-packages/dyros_python
copying /home/dyros/ros2_ws2/build/dyros_python/build/lib/dyros_python/dyros_py_server.py -> /home/dyros/ros2_ws2/install/dyros_python/lib/python3.10/site-packages/dyros_python
copying /home/dyros/ros2_ws2/build/dyros_python/build/lib/dyros_python/dyros_py_param.py -> /home/dyros/ros2_ws2/install/dyros_python/lib/python3.10/site-packages/dyros_python
copying /home/dyros/ros2_ws2/build/dyros_python/build/lib/dyros_python/dyros_py_custom_sub.py -> /home/dyros/ros2_ws2/install/dyros_python/lib/python3.10/site-packages/dyros_python
copying /home/dyros/ros2_ws2/build/dyros_python/build/lib/dyros_python/dyros_py_client.py -> /home/dyros/ros2_ws2/install/dyros_python/lib/python3.10/site-packages/dyros_python
copying /home/dyros/ros2_ws2/build/dyros_python/build/lib/dyros_python/dyros_py_pub.py -> /home/dyros/ros2_ws2/install/dyros_python/lib/python3.10/site-packages/dyros_python
copying /home/dyros/ros2_ws2/build/dyros_python/build/lib/dyros_python/__init__.py -> /home/dyros/ros2_ws2/install/dyros_python/lib/python3.10/site-packages/dyros_python
copying /home/dyros/ros2_ws2/build/dyros_python/build/lib/dyros_python/dyros_py_custom_pub.py -> /home/dyros/ros2_ws2/install/dyros_python/lib/python3.10/site-packages/dyros_python
copying /home/dyros/ros2_ws2/build/dyros_python/build/lib/dyros_python/dyros_py_sub.py -> /home/dyros/ros2_ws2/install/dyros_python/lib/python3.10/site-packages/dyros_python
byte-compiling /home/dyros/ros2_ws2/install/dyros_python/lib/python3.10/site-packages/dyros_python/dyros_py_server.py to dyros_py_server.cpython-310.pyc
byte-compiling /home/dyros/ros2_ws2/install/dyros_python/lib/python3.10/site-packages/dyros_python/dyros_py_param.py to dyros_py_param.cpython-310.pyc
byte-compiling /home/dyros/ros2_ws2/install/dyros_python/lib/python3.10/site-packages/dyros_python/dyros_py_custom_sub.py to dyros_py_custom_sub.cpython-310.pyc
byte-compiling /home/dyros/ros2_ws2/install/dyros_python/lib/python3.10/site-packages/dyros_python/dyros_py_client.py to dyros_py_client.cpython-310.pyc
byte-compiling /home/dyros/ros2_ws2/install/dyros_python/lib/python3.10/site-packages/dyros_python/dyros_py_pub.py to dyros_py_pub.cpython-310.pyc
byte-compiling /home/dyros/ros2_ws2/install/dyros_python/lib/python3.10/site-packages/dyros_python/__init__.py to __init__.cpython-310.pyc
byte-compiling /home/dyros/ros2_ws2/install/dyros_python/lib/python3.10/site-packages/dyros_python/dyros_py_custom_pub.py to dyros_py_custom_pub.cpython-310.pyc
byte-compiling /home/dyros/ros2_ws2/install/dyros_python/lib/python3.10/site-packages/dyros_python/dyros_py_sub.py to dyros_py_sub.cpython-310.pyc
running install_data
creating /home/dyros/ros2_ws2/install/dyros_python/share/ament_index
creating /home/dyros/ros2_ws2/install/dyros_python/share/ament_index/resource_index
creating /home/dyros/ros2_ws2/install/dyros_python/share/ament_index/resource_index/packages
copying resource/dyros_python -> /home/dyros/ros2_ws2/install/dyros_python/share/ament_index/resource_index/packages
copying package.xml -> /home/dyros/ros2_ws2/install/dyros_python/share/dyros_python
running install_egg_info
Copying ../../build/dyros_python/dyros_python.egg-info to /home/dyros/ros2_ws2/install/dyros_python/lib/python3.10/site-packages/dyros_python-0.0.0-py3.10.egg-info
running install_scripts
Installing dyros_py_client script to /home/dyros/ros2_ws2/install/dyros_python/lib/dyros_python
Installing dyros_py_custom_pub script to /home/dyros/ros2_ws2/install/dyros_python/lib/dyros_python
Installing dyros_py_custom_sub script to /home/dyros/ros2_ws2/install/dyros_python/lib/dyros_python
Installing dyros_py_param script to /home/dyros/ros2_ws2/install/dyros_python/lib/dyros_python
Installing dyros_py_pub script to /home/dyros/ros2_ws2/install/dyros_python/lib/dyros_python
Installing dyros_py_server script to /home/dyros/ros2_ws2/install/dyros_python/lib/dyros_python
Installing dyros_py_sub script to /home/dyros/ros2_ws2/install/dyros_python/lib/dyros_python
writing list of installed files to '/home/dyros/ros2_ws2/build/dyros_python/install.log'
