[0.736s] Invoking command in '/home/dyros/ros2_ws2/src/dyros_python': PYTHONPATH=/home/dyros/ros2_ws2/build/dyros_python/prefix_override:/home/dyros/ros2_ws2/install/dyros_python/lib/python3.10/site-packages:${PYTHONPATH} /usr/bin/python3 setup.py egg_info --egg-base ../../build/dyros_python build --build-base /home/dyros/ros2_ws2/build/dyros_python/build install --record /home/dyros/ros2_ws2/build/dyros_python/install.log --single-version-externally-managed
[0.989s] running egg_info
[0.989s] creating ../../build/dyros_python/dyros_python.egg-info
[0.989s] writing ../../build/dyros_python/dyros_python.egg-info/PKG-INFO
[0.990s] writing dependency_links to ../../build/dyros_python/dyros_python.egg-info/dependency_links.txt
[0.990s] writing entry points to ../../build/dyros_python/dyros_python.egg-info/entry_points.txt
[0.990s] writing requirements to ../../build/dyros_python/dyros_python.egg-info/requires.txt
[0.990s] writing top-level names to ../../build/dyros_python/dyros_python.egg-info/top_level.txt
[0.990s] writing manifest file '../../build/dyros_python/dyros_python.egg-info/SOURCES.txt'
[0.992s] reading manifest file '../../build/dyros_python/dyros_python.egg-info/SOURCES.txt'
[0.992s] writing manifest file '../../build/dyros_python/dyros_python.egg-info/SOURCES.txt'
[0.993s] running build
[0.993s] running build_py
[0.993s] creating /home/dyros/ros2_ws2/build/dyros_python/build
[0.993s] creating /home/dyros/ros2_ws2/build/dyros_python/build/lib
[0.993s] creating /home/dyros/ros2_ws2/build/dyros_python/build/lib/dyros_python
[0.993s] copying dyros_python/dyros_py_server.py -> /home/dyros/ros2_ws2/build/dyros_python/build/lib/dyros_python
[0.993s] copying dyros_python/dyros_py_param.py -> /home/dyros/ros2_ws2/build/dyros_python/build/lib/dyros_python
[0.993s] copying dyros_python/dyros_py_custom_sub.py -> /home/dyros/ros2_ws2/build/dyros_python/build/lib/dyros_python
[0.993s] copying dyros_python/dyros_py_client.py -> /home/dyros/ros2_ws2/build/dyros_python/build/lib/dyros_python
[0.993s] copying dyros_python/dyros_py_pub.py -> /home/dyros/ros2_ws2/build/dyros_python/build/lib/dyros_python
[0.993s] copying dyros_python/__init__.py -> /home/dyros/ros2_ws2/build/dyros_python/build/lib/dyros_python
[0.994s] copying dyros_python/dyros_py_custom_pub.py -> /home/dyros/ros2_ws2/build/dyros_python/build/lib/dyros_python
[0.994s] copying dyros_python/dyros_py_sub.py -> /home/dyros/ros2_ws2/build/dyros_python/build/lib/dyros_python
[0.994s] running install
[0.994s] running install_lib
[0.995s] creating /home/dyros/ros2_ws2/install/dyros_python/lib/python3.10/site-packages/dyros_python
[0.995s] copying /home/dyros/ros2_ws2/build/dyros_python/build/lib/dyros_python/dyros_py_server.py -> /home/dyros/ros2_ws2/install/dyros_python/lib/python3.10/site-packages/dyros_python
[0.995s] copying /home/dyros/ros2_ws2/build/dyros_python/build/lib/dyros_python/dyros_py_param.py -> /home/dyros/ros2_ws2/install/dyros_python/lib/python3.10/site-packages/dyros_python
[0.995s] copying /home/dyros/ros2_ws2/build/dyros_python/build/lib/dyros_python/dyros_py_custom_sub.py -> /home/dyros/ros2_ws2/install/dyros_python/lib/python3.10/site-packages/dyros_python
[0.995s] copying /home/dyros/ros2_ws2/build/dyros_python/build/lib/dyros_python/dyros_py_client.py -> /home/dyros/ros2_ws2/install/dyros_python/lib/python3.10/site-packages/dyros_python
[0.995s] copying /home/dyros/ros2_ws2/build/dyros_python/build/lib/dyros_python/dyros_py_pub.py -> /home/dyros/ros2_ws2/install/dyros_python/lib/python3.10/site-packages/dyros_python
[0.995s] copying /home/dyros/ros2_ws2/build/dyros_python/build/lib/dyros_python/__init__.py -> /home/dyros/ros2_ws2/install/dyros_python/lib/python3.10/site-packages/dyros_python
[0.995s] copying /home/dyros/ros2_ws2/build/dyros_python/build/lib/dyros_python/dyros_py_custom_pub.py -> /home/dyros/ros2_ws2/install/dyros_python/lib/python3.10/site-packages/dyros_python
[0.996s] copying /home/dyros/ros2_ws2/build/dyros_python/build/lib/dyros_python/dyros_py_sub.py -> /home/dyros/ros2_ws2/install/dyros_python/lib/python3.10/site-packages/dyros_python
[0.996s] byte-compiling /home/dyros/ros2_ws2/install/dyros_python/lib/python3.10/site-packages/dyros_python/dyros_py_server.py to dyros_py_server.cpython-310.pyc
[0.996s] byte-compiling /home/dyros/ros2_ws2/install/dyros_python/lib/python3.10/site-packages/dyros_python/dyros_py_param.py to dyros_py_param.cpython-310.pyc
[0.997s] byte-compiling /home/dyros/ros2_ws2/install/dyros_python/lib/python3.10/site-packages/dyros_python/dyros_py_custom_sub.py to dyros_py_custom_sub.cpython-310.pyc
[0.997s] byte-compiling /home/dyros/ros2_ws2/install/dyros_python/lib/python3.10/site-packages/dyros_python/dyros_py_client.py to dyros_py_client.cpython-310.pyc
[0.998s] byte-compiling /home/dyros/ros2_ws2/install/dyros_python/lib/python3.10/site-packages/dyros_python/dyros_py_pub.py to dyros_py_pub.cpython-310.pyc
[0.998s] byte-compiling /home/dyros/ros2_ws2/install/dyros_python/lib/python3.10/site-packages/dyros_python/__init__.py to __init__.cpython-310.pyc
[0.998s] byte-compiling /home/dyros/ros2_ws2/install/dyros_python/lib/python3.10/site-packages/dyros_python/dyros_py_custom_pub.py to dyros_py_custom_pub.cpython-310.pyc
[0.999s] byte-compiling /home/dyros/ros2_ws2/install/dyros_python/lib/python3.10/site-packages/dyros_python/dyros_py_sub.py to dyros_py_sub.cpython-310.pyc
[0.999s] running install_data
[0.999s] creating /home/dyros/ros2_ws2/install/dyros_python/share/ament_index
[0.999s] creating /home/dyros/ros2_ws2/install/dyros_python/share/ament_index/resource_index
[1.000s] creating /home/dyros/ros2_ws2/install/dyros_python/share/ament_index/resource_index/packages
[1.000s] copying resource/dyros_python -> /home/dyros/ros2_ws2/install/dyros_python/share/ament_index/resource_index/packages
[1.000s] copying package.xml -> /home/dyros/ros2_ws2/install/dyros_python/share/dyros_python
[1.000s] running install_egg_info
[1.001s] Copying ../../build/dyros_python/dyros_python.egg-info to /home/dyros/ros2_ws2/install/dyros_python/lib/python3.10/site-packages/dyros_python-0.0.0-py3.10.egg-info
[1.002s] running install_scripts
[1.021s] Installing dyros_py_client script to /home/dyros/ros2_ws2/install/dyros_python/lib/dyros_python
[1.021s] Installing dyros_py_custom_pub script to /home/dyros/ros2_ws2/install/dyros_python/lib/dyros_python
[1.021s] Installing dyros_py_custom_sub script to /home/dyros/ros2_ws2/install/dyros_python/lib/dyros_python
[1.021s] Installing dyros_py_param script to /home/dyros/ros2_ws2/install/dyros_python/lib/dyros_python
[1.022s] Installing dyros_py_pub script to /home/dyros/ros2_ws2/install/dyros_python/lib/dyros_python
[1.022s] Installing dyros_py_server script to /home/dyros/ros2_ws2/install/dyros_python/lib/dyros_python
[1.022s] Installing dyros_py_sub script to /home/dyros/ros2_ws2/install/dyros_python/lib/dyros_python
[1.022s] writing list of installed files to '/home/dyros/ros2_ws2/build/dyros_python/install.log'
[1.053s] Invoked command in '/home/dyros/ros2_ws2/src/dyros_python' returned '0': PYTHONPATH=/home/dyros/ros2_ws2/build/dyros_python/prefix_override:/home/dyros/ros2_ws2/install/dyros_python/lib/python3.10/site-packages:${PYTHONPATH} /usr/bin/python3 setup.py egg_info --egg-base ../../build/dyros_python build --build-base /home/dyros/ros2_ws2/build/dyros_python/build install --record /home/dyros/ros2_ws2/build/dyros_python/install.log --single-version-externally-managed
