[0.051s] Invoking command in '/home/dyros/ros2_ws/build/moveit_sim_interface': CMAKE_PREFIX_PATH=${CMAKE_PREFIX_PATH}:/home/dyros/ros2_ws/install/dyros_tf2:/home/dyros/ros2_ws/install/dyros_python:/opt/ros/humble /usr/bin/cmake /home/dyros/ros2_ws/src/moveit_sim_interface -DCMAKE_INSTALL_PREFIX=/home/dyros/ros2_ws/install/moveit_sim_interface
[0.416s] -- The C compiler identification is GNU 11.3.0
[0.615s] -- The CXX compiler identification is GNU 11.3.0
[0.641s] -- Detecting C compiler ABI info
[0.858s] -- Detecting C compiler ABI info - done
[0.906s] -- Check for working C compiler: /usr/bin/cc - skipped
[0.907s] -- Detecting C compile features
[0.908s] -- Detecting C compile features - done
[0.914s] -- Detecting CXX compiler ABI info
[1.079s] -- Detecting CXX compiler ABI info - done
[1.087s] -- Check for working CXX compiler: /usr/bin/c++ - skipped
[1.088s] -- Detecting CXX compile features
[1.089s] -- Detecting CXX compile features - done
[1.102s] -- Found ament_cmake: 1.3.3 (/opt/ros/humble/share/ament_cmake/cmake)
[1.603s] -- Found Python3: /usr/bin/python3.10 (found version "3.10.6") found components: Interpreter 
[1.916s] -- Found rclcpp: 16.0.2 (/opt/ros/humble/share/rclcpp/cmake)
[2.099s] -- Found rosidl_generator_c: 3.1.4 (/opt/ros/humble/share/rosidl_generator_c/cmake)
[2.101s] -- Found rosidl_adapter: 3.1.4 (/opt/ros/humble/share/rosidl_adapter/cmake)
[2.168s] -- Found rosidl_generator_cpp: 3.1.4 (/opt/ros/humble/share/rosidl_generator_cpp/cmake)
[2.219s] -- Using all available rosidl_typesupport_c: rosidl_typesupport_fastrtps_c;rosidl_typesupport_introspection_c
[2.277s] -- Using all available rosidl_typesupport_cpp: rosidl_typesupport_fastrtps_cpp;rosidl_typesupport_introspection_cpp
[2.428s] -- Found rmw_implementation_cmake: 6.1.1 (/opt/ros/humble/share/rmw_implementation_cmake/cmake)
[2.438s] -- Found rmw_fastrtps_cpp: 6.2.2 (/opt/ros/humble/share/rmw_fastrtps_cpp/cmake)
[2.774s] -- Found OpenSSL: /usr/lib/x86_64-linux-gnu/libcrypto.so (found version "3.0.2")  
[2.872s] -- Found FastRTPS: /opt/ros/humble/include  
[3.023s] -- Using RMW implementation 'rmw_fastrtps_cpp' as default
[3.074s] -- Looking for pthread.h
[3.339s] -- Looking for pthread.h - found
[3.339s] -- Performing Test CMAKE_HAVE_LIBC_PTHREAD
[3.574s] -- Performing Test CMAKE_HAVE_LIBC_PTHREAD - Success
[3.574s] -- Found Threads: TRUE  
[4.138s] -- Found rclcpp_action: 16.0.2 (/opt/ros/humble/share/rclcpp_action/cmake)
[4.534s] -- Found control_msgs: 4.1.0 (/opt/ros/humble/share/control_msgs/cmake)
[5.757s] -- Found ament_lint_auto: 0.12.4 (/opt/ros/humble/share/ament_lint_auto/cmake)
[6.003s] -- Added test 'cppcheck' to perform static code analysis on C / C++ code
[6.007s] -- Configured cppcheck include dirs: /home/dyros/ros2_ws/src/moveit_sim_interface/include
[6.007s] -- Configured cppcheck exclude dirs and/or files: 
[6.007s] -- Added test 'lint_cmake' to check CMake code style
[6.007s] -- Added test 'uncrustify' to check C / C++ code style
[6.007s] -- Configured uncrustify additional arguments: 
[6.007s] -- Added test 'xmllint' to check XML markup files
[6.010s] -- Configuring done
[6.060s] -- Generating done
[6.064s] -- Build files have been written to: /home/dyros/ros2_ws/build/moveit_sim_interface
[6.082s] Invoked command in '/home/dyros/ros2_ws/build/moveit_sim_interface' returned '0': CMAKE_PREFIX_PATH=${CMAKE_PREFIX_PATH}:/home/dyros/ros2_ws/install/dyros_tf2:/home/dyros/ros2_ws/install/dyros_python:/opt/ros/humble /usr/bin/cmake /home/dyros/ros2_ws/src/moveit_sim_interface -DCMAKE_INSTALL_PREFIX=/home/dyros/ros2_ws/install/moveit_sim_interface
[6.082s] Invoking command in '/home/dyros/ros2_ws/build/moveit_sim_interface': CMAKE_PREFIX_PATH=${CMAKE_PREFIX_PATH}:/home/dyros/ros2_ws/install/dyros_tf2:/home/dyros/ros2_ws/install/dyros_python:/opt/ros/humble /usr/bin/cmake --build /home/dyros/ros2_ws/build/moveit_sim_interface -- -j2 -l2
[6.195s] [ 25%] [32mBuilding CXX object CMakeFiles/moveit_sim_interface_lib.dir/src/moveit_controller.cpp.o[0m
[26.295s] [ 50%] [32m[1mLinking CXX static library libmoveit_sim_interface_lib.a[0m
[26.436s] [ 50%] Built target moveit_sim_interface_lib
[26.486s] [ 75%] [32mBuilding CXX object CMakeFiles/moveit_sim_interface.dir/src/main.cpp.o[0m
[35.478s] [100%] [32m[1mLinking CXX executable moveit_sim_interface[0m
[36.462s] [100%] Built target moveit_sim_interface
[36.617s] Invoked command in '/home/dyros/ros2_ws/build/moveit_sim_interface' returned '0': CMAKE_PREFIX_PATH=${CMAKE_PREFIX_PATH}:/home/dyros/ros2_ws/install/dyros_tf2:/home/dyros/ros2_ws/install/dyros_python:/opt/ros/humble /usr/bin/cmake --build /home/dyros/ros2_ws/build/moveit_sim_interface -- -j2 -l2
[36.728s] Invoking command in '/home/dyros/ros2_ws/build/moveit_sim_interface': CMAKE_PREFIX_PATH=${CMAKE_PREFIX_PATH}:/home/dyros/ros2_ws/install/dyros_tf2:/home/dyros/ros2_ws/install/dyros_python:/opt/ros/humble /usr/bin/cmake --install /home/dyros/ros2_ws/build/moveit_sim_interface
[36.756s] -- Install configuration: ""
[36.756s] -- Installing: /home/dyros/ros2_ws/install/moveit_sim_interface/lib/moveit_sim_interface/moveit_sim_interface
[36.756s] -- Set runtime path of "/home/dyros/ros2_ws/install/moveit_sim_interface/lib/moveit_sim_interface/moveit_sim_interface" to ""
[36.756s] -- Installing: /home/dyros/ros2_ws/install/moveit_sim_interface/share/ament_index/resource_index/package_run_dependencies/moveit_sim_interface
[36.763s] -- Installing: /home/dyros/ros2_ws/install/moveit_sim_interface/share/ament_index/resource_index/parent_prefix_path/moveit_sim_interface
[36.771s] -- Installing: /home/dyros/ros2_ws/install/moveit_sim_interface/share/moveit_sim_interface/environment/ament_prefix_path.sh
[36.771s] -- Installing: /home/dyros/ros2_ws/install/moveit_sim_interface/share/moveit_sim_interface/environment/ament_prefix_path.dsv
[36.771s] -- Installing: /home/dyros/ros2_ws/install/moveit_sim_interface/share/moveit_sim_interface/environment/path.sh
[36.771s] -- Installing: /home/dyros/ros2_ws/install/moveit_sim_interface/share/moveit_sim_interface/environment/path.dsv
[36.771s] -- Installing: /home/dyros/ros2_ws/install/moveit_sim_interface/share/moveit_sim_interface/local_setup.bash
[36.772s] -- Installing: /home/dyros/ros2_ws/install/moveit_sim_interface/share/moveit_sim_interface/local_setup.sh
[36.773s] -- Installing: /home/dyros/ros2_ws/install/moveit_sim_interface/share/moveit_sim_interface/local_setup.zsh
[36.774s] -- Installing: /home/dyros/ros2_ws/install/moveit_sim_interface/share/moveit_sim_interface/local_setup.dsv
[36.775s] -- Installing: /home/dyros/ros2_ws/install/moveit_sim_interface/share/moveit_sim_interface/package.dsv
[36.776s] -- Installing: /home/dyros/ros2_ws/install/moveit_sim_interface/share/ament_index/resource_index/packages/moveit_sim_interface
[36.776s] -- Installing: /home/dyros/ros2_ws/install/moveit_sim_interface/share/moveit_sim_interface/cmake/moveit_sim_interfaceConfig.cmake
[36.777s] -- Installing: /home/dyros/ros2_ws/install/moveit_sim_interface/share/moveit_sim_interface/cmake/moveit_sim_interfaceConfig-version.cmake
[36.778s] -- Installing: /home/dyros/ros2_ws/install/moveit_sim_interface/share/moveit_sim_interface/package.xml
[36.799s] Invoked command in '/home/dyros/ros2_ws/build/moveit_sim_interface' returned '0': CMAKE_PREFIX_PATH=${CMAKE_PREFIX_PATH}:/home/dyros/ros2_ws/install/dyros_tf2:/home/dyros/ros2_ws/install/dyros_python:/opt/ros/humble /usr/bin/cmake --install /home/dyros/ros2_ws/build/moveit_sim_interface
