[1.223s] Invoking command in '/home/dyros/ros2_ws/src/dyros_tf2': PYTHONPATH=/home/dyros/ros2_ws/build/dyros_tf2/prefix_override:/home/dyros/ros2_ws/install/dyros_tf2/lib/python3.10/site-packages:${PYTHONPATH} /usr/bin/python3 setup.py egg_info --egg-base ../../build/dyros_tf2 build --build-base /home/dyros/ros2_ws/build/dyros_tf2/build install --record /home/dyros/ros2_ws/build/dyros_tf2/install.log --single-version-externally-managed
[1.784s] running egg_info
[1.786s] writing ../../build/dyros_tf2/dyros_tf2.egg-info/PKG-INFO
[1.786s] writing dependency_links to ../../build/dyros_tf2/dyros_tf2.egg-info/dependency_links.txt
[1.787s] writing entry points to ../../build/dyros_tf2/dyros_tf2.egg-info/entry_points.txt
[1.787s] writing requirements to ../../build/dyros_tf2/dyros_tf2.egg-info/requires.txt
[1.788s] writing top-level names to ../../build/dyros_tf2/dyros_tf2.egg-info/top_level.txt
[1.791s] reading manifest file '../../build/dyros_tf2/dyros_tf2.egg-info/SOURCES.txt'
[1.807s] writing manifest file '../../build/dyros_tf2/dyros_tf2.egg-info/SOURCES.txt'
[1.808s] running build
[1.808s] running build_py
[1.809s] running install
[1.810s] running install_lib
[1.813s] running install_data
[1.814s] running install_egg_info
[1.819s] removing '/home/dyros/ros2_ws/install/dyros_tf2/lib/python3.10/site-packages/dyros_tf2-0.0.0-py3.10.egg-info' (and everything under it)
[1.820s] Copying ../../build/dyros_tf2/dyros_tf2.egg-info to /home/dyros/ros2_ws/install/dyros_tf2/lib/python3.10/site-packages/dyros_tf2-0.0.0-py3.10.egg-info
[1.823s] running install_scripts
[1.882s] Installing fixed_tf2_broadcaster script to /home/dyros/ros2_ws/install/dyros_tf2/lib/dyros_tf2
[1.883s] Installing tf2_broadcaster script to /home/dyros/ros2_ws/install/dyros_tf2/lib/dyros_tf2
[1.884s] Installing tf2_listener script to /home/dyros/ros2_ws/install/dyros_tf2/lib/dyros_tf2
[1.885s] Installing tf2_static_broadcaster script to /home/dyros/ros2_ws/install/dyros_tf2/lib/dyros_tf2
[1.886s] writing list of installed files to '/home/dyros/ros2_ws/build/dyros_tf2/install.log'
[1.956s] Invoked command in '/home/dyros/ros2_ws/src/dyros_tf2' returned '0': PYTHONPATH=/home/dyros/ros2_ws/build/dyros_tf2/prefix_override:/home/dyros/ros2_ws/install/dyros_tf2/lib/python3.10/site-packages:${PYTHONPATH} /usr/bin/python3 setup.py egg_info --egg-base ../../build/dyros_tf2 build --build-base /home/dyros/ros2_ws/build/dyros_tf2/build install --record /home/dyros/ros2_ws/build/dyros_tf2/install.log --single-version-externally-managed
