[0.066s] Invoking command in '/home/dyros/ros2_ws2/build/dyros_urdf_tf': CMAKE_PREFIX_PATH=${CMAKE_PREFIX_PATH}:/home/dyros/ros2_ws2/install/dyros_python:/home/dyros/ros2_ws/install/dyros_python:/opt/ros/humble /usr/bin/cmake --build /home/dyros/ros2_ws2/build/dyros_urdf_tf -- -j2 -l2
[0.280s] Invoked command in '/home/dyros/ros2_ws2/build/dyros_urdf_tf' returned '0': CMAKE_PREFIX_PATH=${CMAKE_PREFIX_PATH}:/home/dyros/ros2_ws2/install/dyros_python:/home/dyros/ros2_ws/install/dyros_python:/opt/ros/humble /usr/bin/cmake --build /home/dyros/ros2_ws2/build/dyros_urdf_tf -- -j2 -l2
[0.425s] Invoking command in '/home/dyros/ros2_ws2/build/dyros_urdf_tf': CMAKE_PREFIX_PATH=${CMAKE_PREFIX_PATH}:/home/dyros/ros2_ws2/install/dyros_python:/home/dyros/ros2_ws/install/dyros_python:/opt/ros/humble /usr/bin/cmake --install /home/dyros/ros2_ws2/build/dyros_urdf_tf
[0.491s] -- Install configuration: ""
[0.491s] -- Up-to-date: /home/dyros/ros2_ws2/install/dyros_urdf_tf/share/dyros_urdf_tf/launch
[0.492s] -- Up-to-date: /home/dyros/ros2_ws2/install/dyros_urdf_tf/share/dyros_urdf_tf/launch/dyros_robot_display_launch.py
[0.493s] -- Up-to-date: /home/dyros/ros2_ws2/install/dyros_urdf_tf/share/ament_index/resource_index/package_run_dependencies/dyros_urdf_tf
[0.493s] -- Up-to-date: /home/dyros/ros2_ws2/install/dyros_urdf_tf/share/ament_index/resource_index/parent_prefix_path/dyros_urdf_tf
[0.493s] -- Up-to-date: /home/dyros/ros2_ws2/install/dyros_urdf_tf/share/dyros_urdf_tf/environment/ament_prefix_path.sh
[0.494s] -- Up-to-date: /home/dyros/ros2_ws2/install/dyros_urdf_tf/share/dyros_urdf_tf/environment/ament_prefix_path.dsv
[0.494s] -- Up-to-date: /home/dyros/ros2_ws2/install/dyros_urdf_tf/share/dyros_urdf_tf/environment/path.sh
[0.495s] -- Up-to-date: /home/dyros/ros2_ws2/install/dyros_urdf_tf/share/dyros_urdf_tf/environment/path.dsv
[0.496s] -- Up-to-date: /home/dyros/ros2_ws2/install/dyros_urdf_tf/share/dyros_urdf_tf/local_setup.bash
[0.496s] -- Up-to-date: /home/dyros/ros2_ws2/install/dyros_urdf_tf/share/dyros_urdf_tf/local_setup.sh
[0.497s] -- Up-to-date: /home/dyros/ros2_ws2/install/dyros_urdf_tf/share/dyros_urdf_tf/local_setup.zsh
[0.497s] -- Up-to-date: /home/dyros/ros2_ws2/install/dyros_urdf_tf/share/dyros_urdf_tf/local_setup.dsv
[0.498s] -- Up-to-date: /home/dyros/ros2_ws2/install/dyros_urdf_tf/share/dyros_urdf_tf/package.dsv
[0.498s] -- Up-to-date: /home/dyros/ros2_ws2/install/dyros_urdf_tf/share/ament_index/resource_index/packages/dyros_urdf_tf
[0.499s] -- Up-to-date: /home/dyros/ros2_ws2/install/dyros_urdf_tf/share/dyros_urdf_tf/cmake/dyros_urdf_tfConfig.cmake
[0.500s] -- Up-to-date: /home/dyros/ros2_ws2/install/dyros_urdf_tf/share/dyros_urdf_tf/cmake/dyros_urdf_tfConfig-version.cmake
[0.505s] -- Up-to-date: /home/dyros/ros2_ws2/install/dyros_urdf_tf/share/dyros_urdf_tf/package.xml
[0.506s] Invoked command in '/home/dyros/ros2_ws2/build/dyros_urdf_tf' returned '0': CMAKE_PREFIX_PATH=${CMAKE_PREFIX_PATH}:/home/dyros/ros2_ws2/install/dyros_python:/home/dyros/ros2_ws/install/dyros_python:/opt/ros/humble /usr/bin/cmake --install /home/dyros/ros2_ws2/build/dyros_urdf_tf
